2025-02-26 12:04:20.143 [info] Configuration changed
2025-02-26 12:04:21.182 [info] Configuration changed
2025-02-26 12:04:22.618 [info] Configuration changed
2025-02-26 12:04:29.567 [info] Executing :w
2025-02-26 12:04:42.950 [info] Executing :w
2025-02-26 12:05:22.273 [info] Executing :w
2025-02-26 12:05:39.285 [info] Active editor: file:///home/miesho/Sync/University/magia_czwartego_kregu_wody/tex/test.tex
2025-02-26 12:12:48.462 [info] Executing :w
2025-02-26 12:12:57.491 [info] Executing :w
2025-02-26 12:13:01.287 [info] Executing :w
2025-02-26 12:13:04.167 [info] Executing :w
2025-02-26 12:13:57.483 [info] Searching for imaging
2025-02-26 12:13:58.879 [info] Executing :w
2025-02-26 12:14:10.634 [info] Executing :w
2025-02-26 12:14:11.377 [info] Executing :w
2025-02-26 12:24:29.905 [info] Active editor: file:///home/miesho/Sync/University/magia_czwartego_kregu_wody/tex/test.tex
2025-02-26 14:47:02.954 [info] Executing :w
2025-02-26 14:47:07.216 [info] Executing :w
2025-02-26 14:48:00.659 [info] Executing :w
2025-02-26 14:48:34.773 [info] Executing :w
2025-02-26 14:49:19.022 [info] Active editor: file:///home/miesho/Sync/University/magia_czwartego_kregu_wody/tex/test.tex
2025-02-26 14:49:20.134 [info] Active editor: file:///home/miesho/Sync/University/magia_czwartego_kregu_wody/tex/test.tex
2025-02-26 14:49:20.978 [info] Active editor: file:///home/miesho/Sync/University/magia_czwartego_kregu_wody/tex/test.tex
2025-02-26 14:49:27.089 [info] Executing :w
2025-02-26 14:50:25.955 [warning] invalid cursor position. [[3, 89] | [3, 89]].
2025-02-26 14:50:25.956 [warning] invalid cursor position. [[3, 89] | [3, 89]].
2025-02-26 14:50:29.425 [info] Executing :w
2025-02-26 14:50:39.606 [info] Executing :w
2025-02-26 14:51:18.859 [info] Active editor: file:///home/miesho/Sync/University/magia_czwartego_kregu_wody/tex/test.tex
2025-02-26 14:53:05.016 [info] Executing :w
2025-02-26 15:05:41.362 [info] Active editor: file:///home/miesho/Sync/University/magia_czwartego_kregu_wody/tex/test.tex
2025-02-26 15:05:43.232 [warning] Ignoring slipped selection: [7, 0; 7, 0]
2025-02-26 15:05:43.960 [info] Executing :w
2025-02-26 15:05:48.421 [warning] Ignoring slipped selection: [9, 0; 9, 0]
2025-02-26 15:05:49.697 [info] Executing :w
2025-02-26 15:05:52.077 [info] Executing :w
2025-02-26 15:05:59.171 [info] Executing :w
2025-02-26 15:06:33.711 [warning] Ignoring slipped selection: [20, 54; 20, 54]
2025-02-26 15:06:43.285 [warning] Ignoring slipped selection: [43, 15; 43, 15]
2025-02-26 15:06:53.150 [info] Executing :w
2025-02-26 15:07:01.123 [info] Executing :w
