2025-02-25 17:37:31.207 [info] Reading sessions from keychain...
2025-02-25 17:37:31.207 [info] Getting sessions for all scopes...
2025-02-25 17:37:31.207 [info] Getting sessions for all scopes...
2025-02-25 17:37:31.207 [info] Got stored sessions!
2025-02-25 17:37:31.207 [info] Got 1 verified sessions.
2025-02-25 17:37:31.207 [info] Got 1 sessions for ...
2025-02-25 17:37:31.207 [info] Got 1 sessions for ...
2025-02-25 17:37:31.284 [info] Getting sessions for all scopes...
2025-02-25 17:37:31.284 [info] Got 1 sessions for ...
2025-02-25 17:37:31.284 [info] Getting sessions for all scopes...
2025-02-25 17:37:31.284 [info] Got 1 sessions for ...
2025-02-25 17:37:31.284 [info] Getting sessions for all scopes...
2025-02-25 17:37:31.284 [info] Got 1 sessions for ...
2025-02-25 17:37:31.284 [info] Getting sessions for all scopes...
2025-02-25 17:37:31.284 [info] Got 1 sessions for ...
2025-02-25 17:37:31.284 [info] Getting sessions for all scopes...
2025-02-25 17:37:31.284 [info] Got 1 sessions for ...
2025-02-25 17:37:33.008 [info] Getting sessions for all scopes...
2025-02-25 17:37:33.008 [info] Got 1 sessions for ...
2025-02-25 17:37:36.005 [info] Getting sessions for read:user,repo,user:email,workflow...
2025-02-25 17:37:36.005 [info] Got 0 sessions for read:user,repo,user:email,workflow...
2025-02-25 17:37:36.006 [info] Getting sessions for all scopes...
2025-02-25 17:37:36.006 [info] Got 1 sessions for ...
2025-02-25 17:37:36.006 [info] Getting sessions for all scopes...
2025-02-25 17:37:36.006 [info] Got 1 sessions for ...
2025-02-25 17:37:36.052 [info] Getting sessions for read:user...
2025-02-25 17:37:36.052 [info] Got 0 sessions for read:user...
2025-02-25 17:37:36.074 [info] Getting sessions for read:user,repo,user:email,workflow...
2025-02-25 17:37:36.074 [info] Got 0 sessions for read:user,repo,user:email,workflow...
2025-02-25 17:37:36.093 [info] Getting sessions for user:email...
2025-02-25 17:37:36.094 [info] Got 1 sessions for user:email...
2025-02-25 17:37:36.108 [info] Getting sessions for user:email...
2025-02-25 17:37:36.108 [info] Got 1 sessions for user:email...
2025-02-25 17:37:36.115 [info] Getting sessions for all scopes...
2025-02-25 17:37:36.115 [info] Got 1 sessions for ...
2025-02-25 17:37:36.993 [info] Getting sessions for read:user,repo,user:email,workflow...
2025-02-25 17:37:36.993 [info] Got 0 sessions for read:user,repo,user:email,workflow...
2025-02-25 17:37:36.995 [info] Getting sessions for user:email...
2025-02-25 17:37:36.995 [info] Got 1 sessions for user:email...
2025-02-25 17:37:36.997 [info] Getting sessions for all scopes...
2025-02-25 17:37:36.997 [info] Got 1 sessions for ...
2025-02-25 17:37:37.001 [info] Getting sessions for read:user,repo,user:email,workflow...
2025-02-25 17:37:37.001 [info] Got 0 sessions for read:user,repo,user:email,workflow...
2025-02-25 17:37:37.002 [info] Getting sessions for user:email...
2025-02-25 17:37:37.002 [info] Got 1 sessions for user:email...
2025-02-25 17:37:37.587 [info] Getting sessions for all scopes...
2025-02-25 17:37:37.587 [info] Got 1 sessions for ...
2025-02-25 17:37:37.587 [info] Getting sessions for all scopes...
2025-02-25 17:37:37.587 [info] Got 1 sessions for ...
2025-02-25 17:37:37.618 [info] Getting sessions for read:user,repo,user:email,workflow...
2025-02-25 17:37:37.618 [info] Got 0 sessions for read:user,repo,user:email,workflow...
2025-02-25 17:37:37.629 [info] Getting sessions for user:email...
2025-02-25 17:37:37.629 [info] Got 1 sessions for user:email...
2025-02-25 17:37:37.632 [info] Getting sessions for all scopes...
2025-02-25 17:37:37.632 [info] Got 1 sessions for ...
2025-02-25 17:37:37.633 [info] Getting sessions for read:user,repo,user:email,workflow...
2025-02-25 17:37:37.633 [info] Got 0 sessions for read:user,repo,user:email,workflow...
2025-02-25 17:37:37.633 [info] Getting sessions for user:email...
2025-02-25 17:37:37.633 [info] Got 1 sessions for user:email...
2025-02-25 17:37:37.682 [info] Getting sessions for all scopes...
2025-02-25 17:37:37.682 [info] Got 1 sessions for ...
2025-02-25 17:37:37.685 [info] Getting sessions for read:user,repo,user:email,workflow...
2025-02-25 17:37:37.685 [info] Got 0 sessions for read:user,repo,user:email,workflow...
2025-02-25 17:37:37.686 [info] Getting sessions for user:email...
2025-02-25 17:37:37.686 [info] Got 1 sessions for user:email...
2025-02-25 17:37:38.426 [info] Getting sessions for all scopes...
2025-02-25 17:37:38.426 [info] Got 1 sessions for ...
2025-02-25 17:37:38.427 [info] Getting sessions for read:user,repo,user:email,workflow...
2025-02-25 17:37:38.427 [info] Got 0 sessions for read:user,repo,user:email,workflow...
2025-02-25 17:37:38.428 [info] Getting sessions for user:email...
2025-02-25 17:37:38.428 [info] Got 1 sessions for user:email...
2025-02-25 17:52:38.431 [info] Getting sessions for all scopes...
2025-02-25 17:52:38.431 [info] Got 1 sessions for ...
2025-02-25 17:52:38.432 [info] Getting sessions for read:user,repo,user:email,workflow...
2025-02-25 17:52:38.432 [info] Got 0 sessions for read:user,repo,user:email,workflow...
2025-02-25 17:52:38.433 [info] Getting sessions for user:email...
2025-02-25 17:52:38.433 [info] Got 1 sessions for user:email...
2025-02-25 17:52:38.453 [info] Getting sessions for all scopes...
2025-02-25 17:52:38.453 [info] Got 1 sessions for ...
2025-02-25 17:52:38.454 [info] Getting sessions for read:user,repo,user:email,workflow...
2025-02-25 17:52:38.454 [info] Got 0 sessions for read:user,repo,user:email,workflow...
2025-02-25 17:52:38.455 [info] Getting sessions for user:email...
2025-02-25 17:52:38.455 [info] Got 1 sessions for user:email...
