2025-02-25 15:57:34.000 [info] [main] Log level: Info
2025-02-25 15:57:34.000 [info] [main] Validating found git in: "git"
2025-02-25 15:57:34.000 [info] [main] Using git "2.48.1" from "git"
2025-02-25 15:57:34.000 [info] [Model][doInitialScan] Initial repository scan started
2025-02-25 15:57:34.000 [info] > git rev-parse --show-toplevel [3ms]
2025-02-25 15:57:34.000 [info] fatal: not a git repository (or any of the parent directories): .git
2025-02-25 15:57:34.005 [info] > git rev-parse --show-toplevel [1ms]
2025-02-25 15:57:34.005 [info] fatal: not a git repository (or any of the parent directories): .git
2025-02-25 15:57:34.009 [info] > git rev-parse --show-toplevel [0ms]
2025-02-25 15:57:34.009 [info] fatal: not a git repository (or any of the parent directories): .git
2025-02-25 15:57:34.014 [info] > git rev-parse --show-toplevel [1ms]
2025-02-25 15:57:34.014 [info] fatal: not a git repository (or any of the parent directories): .git
2025-02-25 15:57:34.018 [info] > git rev-parse --show-toplevel [1ms]
2025-02-25 15:57:34.023 [info] > git rev-parse --git-dir --git-common-dir [1ms]
2025-02-25 15:57:34.030 [info] [Model][openRepository] Opened repository: /home/miesho/.oh-my-zsh
2025-02-25 15:57:34.042 [info] > git rev-parse --show-toplevel [2ms]
2025-02-25 15:57:34.042 [info] fatal: not a git repository (or any of the parent directories): .git
2025-02-25 15:57:34.043 [info] > git config --get commit.template [6ms]
2025-02-25 15:57:34.069 [info] > git rev-parse --show-toplevel [20ms]
2025-02-25 15:57:34.069 [info] fatal: not a git repository (or any of the parent directories): .git
2025-02-25 15:57:34.082 [info] > git for-each-ref --format=%(refname)%00%(upstream:short)%00%(objectname)%00%(upstream:track)%00%(upstream:remotename)%00%(upstream:remoteref) refs/heads/master refs/remotes/master [15ms]
2025-02-25 15:57:34.082 [info] > git rev-parse --show-toplevel [1ms]
2025-02-25 15:57:34.082 [info] fatal: not a git repository (or any of the parent directories): .git
2025-02-25 15:57:34.096 [info] > git rev-parse --show-toplevel [10ms]
2025-02-25 15:57:34.096 [info] fatal: not a git repository (or any of the parent directories): .git
2025-02-25 15:57:34.101 [info] > git for-each-ref --sort -committerdate --format %(refname) %(objectname) %(*objectname) [6ms]
2025-02-25 15:57:34.102 [info] > git rev-parse --show-toplevel [1ms]
2025-02-25 15:57:34.102 [info] fatal: not a git repository (or any of the parent directories): .git
2025-02-25 15:57:34.107 [info] > git rev-parse --show-toplevel [1ms]
2025-02-25 15:57:34.107 [info] fatal: not a git repository (or any of the parent directories): .git
2025-02-25 15:57:34.111 [info] > git rev-parse --show-toplevel [1ms]
2025-02-25 15:57:34.111 [info] fatal: not a git repository (or any of the parent directories): .git
2025-02-25 15:57:34.115 [info] > git rev-parse --show-toplevel [1ms]
2025-02-25 15:57:34.115 [info] fatal: not a git repository (or any of the parent directories): .git
2025-02-25 15:57:34.115 [info] [Model][doInitialScan] Initial repository scan completed - repositories (1), closed repositories (0), parent repositories (0), unsafe repositories (0)
2025-02-25 15:57:34.173 [info] > git status -z -uall [83ms]
2025-02-25 15:57:34.192 [info] > git for-each-ref --format=%(refname)%00%(upstream:short)%00%(objectname)%00%(upstream:track)%00%(upstream:remotename)%00%(upstream:remoteref) refs/heads/master refs/remotes/master [6ms]
2025-02-25 15:57:34.197 [info] > git config --get --local branch.master.vscode-merge-base [1ms]
2025-02-25 15:57:34.197 [warning] [Git][config] git config failed: Failed to execute git
2025-02-25 15:57:34.201 [info] > git config --get commit.template [10ms]
2025-02-25 15:57:34.220 [info] > git reflog master --grep-reflog=branch: Created from *. [19ms]
2025-02-25 15:57:34.226 [info] > git for-each-ref --format=%(refname)%00%(upstream:short)%00%(objectname)%00%(upstream:track)%00%(upstream:remotename)%00%(upstream:remoteref) refs/heads/origin/master refs/remotes/origin/master [2ms]
2025-02-25 15:57:34.231 [info] > git for-each-ref --format=%(refname)%00%(upstream:short)%00%(objectname)%00%(upstream:track)%00%(upstream:remotename)%00%(upstream:remoteref) refs/heads/master refs/remotes/master [11ms]
2025-02-25 15:57:34.232 [info] > git config --add --local branch.master.vscode-merge-base origin/master [2ms]
2025-02-25 15:57:34.243 [info] > git for-each-ref --format=%(refname)%00%(upstream:short)%00%(objectname)%00%(upstream:track)%00%(upstream:remotename)%00%(upstream:remoteref) refs/heads/master refs/remotes/master [2ms]
2025-02-25 15:57:34.248 [info] > git config --get commit.template [11ms]
2025-02-25 15:57:34.254 [info] > git config --get --local branch.master.vscode-merge-base [6ms]
2025-02-25 15:57:34.259 [info] > git for-each-ref --format=%(refname)%00%(upstream:short)%00%(objectname)%00%(upstream:track)%00%(upstream:remotename)%00%(upstream:remoteref) refs/heads/master refs/remotes/master [5ms]
2025-02-25 15:57:34.260 [info] > git for-each-ref --format=%(refname)%00%(upstream:short)%00%(objectname)%00%(upstream:track)%00%(upstream:remotename)%00%(upstream:remoteref) refs/heads/origin/master refs/remotes/origin/master [1ms]
2025-02-25 15:57:34.273 [info] > git merge-base refs/heads/master refs/remotes/origin/master [8ms]
2025-02-25 15:57:34.278 [info] > git for-each-ref --sort -committerdate --format %(refname) %(objectname) %(*objectname) [5ms]
2025-02-25 15:57:34.279 [info] > git diff --name-status -z --diff-filter=ADMR 6e7ac0544e71c7b777746cb50f70de68c6495b86...refs/remotes/origin/master [1ms]
2025-02-25 15:57:34.294 [info] > git status -z -uall [25ms]
2025-02-25 15:57:34.466 [info] > git rev-parse --show-toplevel [2ms]
2025-02-25 15:57:34.466 [info] fatal: not a git repository (or any of the parent directories): .git
2025-02-25 15:57:34.551 [info] > git check-ignore -v -z --stdin [1ms]
2025-02-25 15:57:35.431 [info] > git config --get commit.template [4ms]
2025-02-25 15:57:35.432 [info] > git for-each-ref --format=%(refname)%00%(upstream:short)%00%(objectname)%00%(upstream:track)%00%(upstream:remotename)%00%(upstream:remoteref) refs/heads/master refs/remotes/master [1ms]
2025-02-25 15:57:35.442 [info] > git for-each-ref --sort -committerdate --format %(refname) %(objectname) %(*objectname) [1ms]
2025-02-25 15:57:35.463 [info] > git status -z -uall [27ms]
