[12:04:17.171][Logger] New log placeholder %WS1% registered for /home/miesho/Sync/University/magia_czwartego_kregu_wody .
[12:04:17.171][Extension] Initializing LaTeX Workshop.
[12:04:17.308][Build][Recipe] Set $LATEXWORKSHOP_DOCKER_LATEX: ""
[12:04:17.308][Build][Recipe] Set $LATEXWORKSHOP_DOCKER_PATH: "docker"
[12:04:17.350][Server] Creating LaTeX Workshop http and websocket server.
[12:04:17.427][Format][Bib] Bibtex format config: {"tab":"  ","case":"lowercase","left":"{","right":"}","trailingComma":false,"sort":["key"],"alignOnEqual":true,"sortFields":false,"fieldsOrder":[],"firstEntries":["string","xdata"]}
[12:04:17.459][Server] Server successfully started: {"address":"127.0.0.1","family":"IPv4","port":45913} .
[12:04:17.500][Extension] Extension root: /home/miesho/.vscode/extensions/james-yu.latex-workshop-10.7.5
[12:04:17.500][Extension] $PATH: /usr/local/sbin:/usr/local/bin:/usr/bin:/usr/bin/site_perl:/usr/bin/vendor_perl:/usr/bin/core_perl:/opt/yay/bin:/opt/yay/bin
[12:04:17.500][Extension] $SHELL: /usr/bin/zsh
[12:04:17.500][Extension] $LANG: en_US.UTF-8
[12:04:17.500][Extension] $LC_ALL: undefined
[12:04:17.501][Extension] process.platform: linux
[12:04:17.501][Extension] process.arch: x64
[12:04:17.501][Extension] vscode.env.appName: Visual Studio Code
[12:04:17.501][Extension] vscode.env.remoteName: undefined
[12:04:17.501][Extension] vscode.env.uiKind: 1
[12:04:17.534][Extension] Trigger characters for intellisense of LaTeX documents: ["\\",",","{","}"]
[12:04:17.537][Root] Current workspace folders: ["file://%WS1%"]
[12:04:17.537][Root] Try finding root from magic comment.
[12:04:17.538][Extension] LaTeX Workshop initialized.
[12:04:17.538][Root] Try finding root from active editor.
[12:04:17.538][Root] Found root file from active editor: %WS1%/tex/test.tex
[12:04:17.539][Root] Root file changed: from %WS1%/tex/test.tex to %WS1%/tex/test.tex, langID latex . Refresh dependencies
[12:04:17.539][Event] ROOT_FILE_CHANGED: "%WS1%/tex/test.tex"
[12:04:17.539][Cacher][Watcher] Reset.
[12:04:17.539][Cacher][Watcher] Reset.
[12:04:17.543][Cacher] Adding %WS1%/tex/test.tex .
[12:04:17.544][Cacher][Watcher] Watched file://%WS1%/tex/test.tex with a new .* watcher on %WS1%/tex .
[12:04:17.544][Event] FILE_WATCHED: "file://%WS1%/tex/test.tex"
[12:04:17.545][Cacher] Caching %WS1%/tex/test.tex .
[12:04:17.546][Event] ROOT_FILE_SEARCHED
[12:04:17.550][Server] validOrigin is http://127.0.0.1:45913
[12:04:17.595][Viewer][Panel] Internal PDF viewer at http://127.0.0.1:45913/viewer.html?file=pdf..ZmlsZSUzQSUyRiUyRiUyRmhvbWUlMkZtaWVzaG8lMkZTeW5jJTJGVW5pdmVyc2l0eSUyRm1hZ2lhX2N6d2FydGVnb19rcmVndV93b2R5JTJGdGV4JTJGdGVzdC5wZGY .
[12:04:17.596][Cacher][Watcher] Watched file://%WS1%/tex/test.pdf with a new .pdf watcher on %WS1%/tex .
[12:04:17.596][Event] FILE_WATCHED: "file://%WS1%/tex/test.pdf"
[12:04:17.680][Cacher] Updated inputs of %WS1%/tex/test.tex .
[12:04:17.680][Cacher] Parse LaTeX AST: %WS1%/tex/test.tex .
[12:04:17.727][Cacher] Parsed LaTeX AST in 46.20 ms: %WS1%/tex/test.tex .
[12:04:17.728][File] Calling kpsewhich to resolve article.cls .
[12:04:17.750][File] kpsewhich returned with '/usr/share/texmf-dist/tex/latex/base/article.cls'.
[12:04:17.753][Cacher] Updated elements in 25.37 ms: %WS1%/tex/test.tex .
[12:04:17.753][Event] FILE_PARSED: "%WS1%/tex/test.tex"
[12:04:17.756][Structure] Structure force updated with 0 root sections for %WS1%/tex/test.tex .
[12:04:17.756][Event] STRUCTURE_UPDATED
[12:04:17.806][Cacher] Parsing .fls %WS1%/tex/test.fls .
[12:04:19.186][Cacher] Found .aux %WS1%/tex/test.aux from .fls %WS1%/tex/test.fls , parsing.
[12:04:19.284][Cacher] Parsed .aux %WS1%/tex/test.aux .
[12:04:19.284][Cacher] Parsed .fls %WS1%/tex/test.fls .
[12:04:20.203][Viewer] Handle data type: open
[12:04:20.270][Server] Preview PDF file: file://%WS1%/tex/test.pdf
[12:04:20.324][Viewer] Handle data type: loaded
[12:04:20.325][Event] VIEWER_PAGE_LOADED
[12:04:29.582][Extension] onDidSaveTextDocument triggered: file://%WS1%/tex/test.tex
[12:04:29.655][Cacher][Watcher] "change" emitted on file://%WS1%/tex/test.tex.
[12:04:29.656][Cacher] Caching %WS1%/tex/test.tex .
[12:04:29.656][Build] Auto build started detecting the change of a file: %WS1%/tex/test.tex .
[12:04:29.656][Event] AUTO_BUILD_INITIATED: {"type":"onFileChange","file":"%WS1%/tex/test.tex"}
[12:04:29.657][Build] The document of the active editor: file://%WS1%/tex/test.tex
[12:04:29.657][Build] The languageId of the document: latex
[12:04:29.657][Build] Building root file: %WS1%/tex/test.tex
[12:04:29.657][Build][Recipe] Build root file %WS1%/tex/test.tex
[12:04:29.657][Event] FILE_CHANGED: "file://%WS1%/tex/test.tex"
[12:04:29.659][Cacher] Updated inputs of %WS1%/tex/test.tex .
[12:04:29.659][Cacher] Parse LaTeX AST: %WS1%/tex/test.tex .
[12:04:29.659][Build][Recipe] Preparing to run recipe: latexmk.
[12:04:29.660][Build][Recipe] Prepared 1 tools.
[12:04:29.684][Build][Recipe] outDir: %WS1%/tex .
[12:04:29.685][Cacher] Parsed LaTeX AST in 26.20 ms: %WS1%/tex/test.tex .
[12:04:29.685][File] kpsewhich cache hit on article.cls: /usr/share/texmf-dist/tex/latex/base/article.cls .
[12:04:29.686][Cacher] Updated elements in 0.84 ms: %WS1%/tex/test.tex .
[12:04:29.686][Event] FILE_PARSED: "%WS1%/tex/test.tex"
[12:04:29.687][Structure] Structure force updated with 2 root sections for %WS1%/tex/test.tex .
[12:04:29.687][Event] STRUCTURE_UPDATED
[12:04:29.688][Build] Recipe step 1 The command is latexmk:["-synctex=1","-interaction=nonstopmode","-file-line-error","-pdf","-outdir=%WS1%/tex","%WS1%/tex/test"].
[12:04:29.688][Build] env: {}
[12:04:29.688][Build] root: %WS1%/tex/test.tex
[12:04:29.688][Build] cwd: %WS1%/tex
[12:04:29.706][Build] LaTeX build process spawned with PID 1916.
[12:04:30.036][Parser][TexLog] Logged 0 messages.
[12:04:30.037][Build] Finished a step in recipe with PID 1916.
[12:04:30.037][Build] Successfully built %WS1%/tex/test.tex .
[12:04:30.037][Event] BUILD_DONE
[12:04:30.038][Viewer] Call refreshExistingViewer: file://%WS1%/tex/test.pdf .
[12:04:30.038][Viewer] Refresh PDF viewer: file://%WS1%/tex/test.pdf
[12:04:30.039][Cacher] Parsing .fls %WS1%/tex/test.fls .
[12:04:30.042][Cacher] Found .aux %WS1%/tex/test.aux from .fls %WS1%/tex/test.fls , parsing.
[12:04:30.043][Cacher] Parsed .aux %WS1%/tex/test.aux .
[12:04:30.043][Cacher] Parsed .fls %WS1%/tex/test.fls .
[12:04:30.066][Server] Preview PDF file: file://%WS1%/tex/test.pdf
[12:04:30.114][Viewer] Handle data type: loaded
[12:04:30.114][Event] VIEWER_PAGE_LOADED
[12:04:30.316][Cacher][Watcher] "change" emitted on file://%WS1%/tex/test.pdf after polling for 254 ms.
[12:04:30.317][Event] FILE_CHANGED: "file://%WS1%/tex/test.pdf"
[12:04:30.732][Commander] BUILD command invoked.
[12:04:30.732][Build] The document of the active editor: file://%WS1%/tex/test.tex
[12:04:30.733][Build] The languageId of the document: latex
[12:04:30.733][Root] Current workspace folders: ["file://%WS1%"]
[12:04:30.733][Root] Try finding root from magic comment.
[12:04:30.733][Root] Try finding root from active editor.
[12:04:30.733][Root] Found root file from active editor: %WS1%/tex/test.tex
[12:04:30.734][Root] Keep using the same root file: %WS1%/tex/test.tex
[12:04:30.734][Event] ROOT_FILE_SEARCHED
[12:04:30.734][Event] STRUCTURE_UPDATED
[12:04:30.734][Build] Building root file: %WS1%/tex/test.tex
[12:04:30.734][Build][Recipe] Build root file %WS1%/tex/test.tex
[12:04:30.735][Build][Recipe] Preparing to run recipe: latexmk.
[12:04:30.736][Build][Recipe] Prepared 1 tools.
[12:04:30.736][Build][Recipe] outDir: %WS1%/tex .
[12:04:30.737][Build] Recipe step 1 The command is latexmk:["-synctex=1","-interaction=nonstopmode","-file-line-error","-pdf","-outdir=%WS1%/tex","%WS1%/tex/test"].
[12:04:30.737][Build] env: {}
[12:04:30.737][Build] root: %WS1%/tex/test.tex
[12:04:30.737][Build] cwd: %WS1%/tex
[12:04:30.753][Build] LaTeX build process spawned with PID 1919.
[12:04:30.822][Build] Finished a step in recipe with PID 1919.
[12:04:30.822][Build] Successfully built %WS1%/tex/test.tex .
[12:04:30.823][Event] BUILD_DONE
[12:04:42.961][Extension] onDidSaveTextDocument triggered: file://%WS1%/tex/test.tex
[12:04:43.033][Cacher][Watcher] "change" emitted on file://%WS1%/tex/test.tex.
[12:04:43.034][Cacher] Caching %WS1%/tex/test.tex .
[12:04:43.034][Build] Auto build started detecting the change of a file: %WS1%/tex/test.tex .
[12:04:43.034][Event] AUTO_BUILD_INITIATED: {"type":"onFileChange","file":"%WS1%/tex/test.tex"}
[12:04:43.034][Build] The document of the active editor: file://%WS1%/tex/test.tex
[12:04:43.034][Build] The languageId of the document: latex
[12:04:43.034][Build] Building root file: %WS1%/tex/test.tex
[12:04:43.035][Build][Recipe] Build root file %WS1%/tex/test.tex
[12:04:43.035][Event] FILE_CHANGED: "file://%WS1%/tex/test.tex"
[12:04:43.036][Cacher] Updated inputs of %WS1%/tex/test.tex .
[12:04:43.036][Cacher] Parse LaTeX AST: %WS1%/tex/test.tex .
[12:04:43.036][Build][Recipe] Preparing to run recipe: latexmk.
[12:04:43.037][Build][Recipe] Prepared 1 tools.
[12:04:43.037][Build][Recipe] outDir: %WS1%/tex .
[12:04:43.038][Build] Recipe step 1 The command is latexmk:["-synctex=1","-interaction=nonstopmode","-file-line-error","-pdf","-outdir=%WS1%/tex","%WS1%/tex/test"].
[12:04:43.038][Build] env: {}
[12:04:43.039][Build] root: %WS1%/tex/test.tex
[12:04:43.039][Build] cwd: %WS1%/tex
[12:04:43.064][Build] LaTeX build process spawned with PID 1924.
[12:04:43.066][Cacher] Parsed LaTeX AST in 29.80 ms: %WS1%/tex/test.tex .
[12:04:43.066][File] kpsewhich cache hit on article.cls: /usr/share/texmf-dist/tex/latex/base/article.cls .
[12:04:43.067][Cacher] Updated elements in 0.83 ms: %WS1%/tex/test.tex .
[12:04:43.067][Event] FILE_PARSED: "%WS1%/tex/test.tex"
[12:04:43.068][Structure] Structure force updated with 1 root sections for %WS1%/tex/test.tex .
[12:04:43.068][Event] STRUCTURE_UPDATED
[12:04:43.136][Build] Finished a step in recipe with PID 1924.
[12:04:43.136][Build] Successfully built %WS1%/tex/test.tex .
[12:04:43.137][Event] BUILD_DONE
[12:05:22.286][Extension] onDidSaveTextDocument triggered: file://%WS1%/tex/test.tex
[12:05:22.359][Cacher][Watcher] "change" emitted on file://%WS1%/tex/test.tex.
[12:05:22.360][Cacher] Caching %WS1%/tex/test.tex .
[12:05:22.360][Build] Auto build started detecting the change of a file: %WS1%/tex/test.tex .
[12:05:22.360][Event] AUTO_BUILD_INITIATED: {"type":"onFileChange","file":"%WS1%/tex/test.tex"}
[12:05:22.361][Build] The document of the active editor: file://%WS1%/tex/test.tex
[12:05:22.361][Build] The languageId of the document: latex
[12:05:22.361][Build] Building root file: %WS1%/tex/test.tex
[12:05:22.361][Build][Recipe] Build root file %WS1%/tex/test.tex
[12:05:22.361][Event] FILE_CHANGED: "file://%WS1%/tex/test.tex"
[12:05:22.362][Cacher] Updated inputs of %WS1%/tex/test.tex .
[12:05:22.362][Cacher] Parse LaTeX AST: %WS1%/tex/test.tex .
[12:05:22.363][Build][Recipe] Preparing to run recipe: latexmk.
[12:05:22.363][Build][Recipe] Prepared 1 tools.
[12:05:22.364][Build][Recipe] outDir: %WS1%/tex .
[12:05:22.364][Build] Recipe step 1 The command is latexmk:["-synctex=1","-interaction=nonstopmode","-file-line-error","-pdf","-outdir=%WS1%/tex","%WS1%/tex/test"].
[12:05:22.364][Build] env: {}
[12:05:22.365][Build] root: %WS1%/tex/test.tex
[12:05:22.365][Build] cwd: %WS1%/tex
[12:05:22.385][Build] LaTeX build process spawned with PID 1960.
[12:05:22.387][Cacher] Parsed LaTeX AST in 24.67 ms: %WS1%/tex/test.tex .
[12:05:22.387][File] kpsewhich cache hit on article.cls: /usr/share/texmf-dist/tex/latex/base/article.cls .
[12:05:22.388][Cacher] Updated elements in 0.78 ms: %WS1%/tex/test.tex .
[12:05:22.388][Event] FILE_PARSED: "%WS1%/tex/test.tex"
[12:05:22.389][Structure] Structure force updated with 1 root sections for %WS1%/tex/test.tex .
[12:05:22.389][Event] STRUCTURE_UPDATED
[12:05:22.567][Parser][TexLog] Logged 0 messages.
[12:05:22.567][Build] Finished a step in recipe with PID 1960.
[12:05:22.568][Build] Successfully built %WS1%/tex/test.tex .
[12:05:22.568][Event] BUILD_DONE
[12:05:22.568][Viewer] Call refreshExistingViewer: file://%WS1%/tex/test.pdf .
[12:05:22.568][Viewer] Refresh PDF viewer: file://%WS1%/tex/test.pdf
[12:05:22.569][Cacher] Parsing .fls %WS1%/tex/test.fls .
[12:05:22.574][Cacher] Found .aux %WS1%/tex/test.aux from .fls %WS1%/tex/test.fls , parsing.
[12:05:22.574][Cacher] Parsed .aux %WS1%/tex/test.aux .
[12:05:22.575][Cacher] Parsed .fls %WS1%/tex/test.fls .
[12:05:22.597][Server] Preview PDF file: file://%WS1%/tex/test.pdf
[12:05:22.632][Viewer] Handle data type: loaded
[12:05:22.632][Event] VIEWER_PAGE_LOADED
[12:05:22.943][Cacher][Watcher] "change" emitted on file://%WS1%/tex/test.pdf after polling for 253 ms.
[12:05:22.943][Event] FILE_CHANGED: "file://%WS1%/tex/test.pdf"
[12:05:39.285][Event] STRUCTURE_UPDATED
[12:12:48.475][Extension] onDidSaveTextDocument triggered: file://%WS1%/tex/test.tex
[12:12:48.544][Cacher][Watcher] "change" emitted on file://%WS1%/tex/test.tex.
[12:12:48.545][Cacher] Caching %WS1%/tex/test.tex .
[12:12:48.545][Build] Auto build started detecting the change of a file: %WS1%/tex/test.tex .
[12:12:48.546][Event] AUTO_BUILD_INITIATED: {"type":"onFileChange","file":"%WS1%/tex/test.tex"}
[12:12:48.546][Build] The document of the active editor: file://%WS1%/tex/test.tex
[12:12:48.546][Build] The languageId of the document: latex
[12:12:48.546][Build] Building root file: %WS1%/tex/test.tex
[12:12:48.546][Build][Recipe] Build root file %WS1%/tex/test.tex
[12:12:48.546][Event] FILE_CHANGED: "file://%WS1%/tex/test.tex"
[12:12:48.547][Cacher] Updated inputs of %WS1%/tex/test.tex .
[12:12:48.547][Cacher] Parse LaTeX AST: %WS1%/tex/test.tex .
[12:12:48.548][Build][Recipe] Preparing to run recipe: latexmk.
[12:12:48.548][Build][Recipe] Prepared 1 tools.
[12:12:48.549][Build][Recipe] outDir: %WS1%/tex .
[12:12:48.550][Build] Recipe step 1 The command is latexmk:["-synctex=1","-interaction=nonstopmode","-file-line-error","-pdf","-outdir=%WS1%/tex","%WS1%/tex/test"].
[12:12:48.550][Build] env: {}
[12:12:48.550][Build] root: %WS1%/tex/test.tex
[12:12:48.550][Build] cwd: %WS1%/tex
[12:12:48.573][Build] LaTeX build process spawned with PID 2753.
[12:12:48.574][Cacher] Parsed LaTeX AST in 26.82 ms: %WS1%/tex/test.tex .
[12:12:48.575][File] kpsewhich cache hit on article.cls: /usr/share/texmf-dist/tex/latex/base/article.cls .
[12:12:48.575][Cacher] Updated elements in 0.48 ms: %WS1%/tex/test.tex .
[12:12:48.575][Event] FILE_PARSED: "%WS1%/tex/test.tex"
[12:12:48.576][Structure] Structure force updated with 1 root sections for %WS1%/tex/test.tex .
[12:12:48.576][Event] STRUCTURE_UPDATED
[12:12:48.759][Parser][TexLog] Logged 0 messages.
[12:12:48.759][Build] Finished a step in recipe with PID 2753.
[12:12:48.759][Build] Successfully built %WS1%/tex/test.tex .
[12:12:48.759][Event] BUILD_DONE
[12:12:48.760][Viewer] Call refreshExistingViewer: file://%WS1%/tex/test.pdf .
[12:12:48.760][Viewer] Refresh PDF viewer: file://%WS1%/tex/test.pdf
[12:12:48.761][Cacher] Parsing .fls %WS1%/tex/test.fls .
[12:12:48.765][Cacher] Found .aux %WS1%/tex/test.aux from .fls %WS1%/tex/test.fls , parsing.
[12:12:48.766][Cacher] Parsed .aux %WS1%/tex/test.aux .
[12:12:48.767][Cacher] Parsed .fls %WS1%/tex/test.fls .
[12:12:48.802][Server] Preview PDF file: file://%WS1%/tex/test.pdf
[12:12:48.842][Viewer] Handle data type: loaded
[12:12:48.842][Event] VIEWER_PAGE_LOADED
[12:12:49.135][Cacher][Watcher] "change" emitted on file://%WS1%/tex/test.pdf after polling for 253 ms.
[12:12:49.136][Event] FILE_CHANGED: "file://%WS1%/tex/test.pdf"
[12:12:49.542][Commander] BUILD command invoked.
[12:12:49.542][Build] The document of the active editor: file://%WS1%/tex/test.tex
[12:12:49.542][Build] The languageId of the document: latex
[12:12:49.543][Root] Current workspace folders: ["file://%WS1%"]
[12:12:49.543][Root] Try finding root from magic comment.
[12:12:49.543][Root] Try finding root from active editor.
[12:12:49.543][Root] Found root file from active editor: %WS1%/tex/test.tex
[12:12:49.544][Root] Keep using the same root file: %WS1%/tex/test.tex
[12:12:49.544][Event] ROOT_FILE_SEARCHED
[12:12:49.544][Event] STRUCTURE_UPDATED
[12:12:49.544][Build] Building root file: %WS1%/tex/test.tex
[12:12:49.544][Build][Recipe] Build root file %WS1%/tex/test.tex
[12:12:49.545][Build][Recipe] Preparing to run recipe: latexmk.
[12:12:49.545][Build][Recipe] Prepared 1 tools.
[12:12:49.546][Build][Recipe] outDir: %WS1%/tex .
[12:12:49.547][Build] Recipe step 1 The command is latexmk:["-synctex=1","-interaction=nonstopmode","-file-line-error","-pdf","-outdir=%WS1%/tex","%WS1%/tex/test"].
[12:12:49.547][Build] env: {}
[12:12:49.547][Build] root: %WS1%/tex/test.tex
[12:12:49.547][Build] cwd: %WS1%/tex
[12:12:49.565][Build] LaTeX build process spawned with PID 2755.
[12:12:49.632][Build] Finished a step in recipe with PID 2755.
[12:12:49.632][Build] Successfully built %WS1%/tex/test.tex .
[12:12:49.633][Event] BUILD_DONE
[12:12:57.504][Extension] onDidSaveTextDocument triggered: file://%WS1%/tex/test.tex
[12:12:57.577][Cacher][Watcher] "change" emitted on file://%WS1%/tex/test.tex.
[12:12:57.578][Cacher] Caching %WS1%/tex/test.tex .
[12:12:57.579][Build] Auto build started detecting the change of a file: %WS1%/tex/test.tex .
[12:12:57.579][Event] AUTO_BUILD_INITIATED: {"type":"onFileChange","file":"%WS1%/tex/test.tex"}
[12:12:57.579][Build] The document of the active editor: file://%WS1%/tex/test.tex
[12:12:57.579][Build] The languageId of the document: latex
[12:12:57.579][Build] Building root file: %WS1%/tex/test.tex
[12:12:57.579][Build][Recipe] Build root file %WS1%/tex/test.tex
[12:12:57.580][Event] FILE_CHANGED: "file://%WS1%/tex/test.tex"
[12:12:57.581][Cacher] Updated inputs of %WS1%/tex/test.tex .
[12:12:57.581][Cacher] Parse LaTeX AST: %WS1%/tex/test.tex .
[12:12:57.582][Build][Recipe] Preparing to run recipe: latexmk.
[12:12:57.582][Build][Recipe] Prepared 1 tools.
[12:12:57.582][Build][Recipe] outDir: %WS1%/tex .
[12:12:57.583][Build] Recipe step 1 The command is latexmk:["-synctex=1","-interaction=nonstopmode","-file-line-error","-pdf","-outdir=%WS1%/tex","%WS1%/tex/test"].
[12:12:57.583][Build] env: {}
[12:12:57.583][Build] root: %WS1%/tex/test.tex
[12:12:57.583][Build] cwd: %WS1%/tex
[12:12:57.606][Build] LaTeX build process spawned with PID 2760.
[12:12:57.607][Cacher] Parsed LaTeX AST in 25.95 ms: %WS1%/tex/test.tex .
[12:12:57.607][File] kpsewhich cache hit on article.cls: /usr/share/texmf-dist/tex/latex/base/article.cls .
[12:12:57.608][Cacher] Updated elements in 0.51 ms: %WS1%/tex/test.tex .
[12:12:57.608][Event] FILE_PARSED: "%WS1%/tex/test.tex"
[12:12:57.608][Structure] Structure force updated with 1 root sections for %WS1%/tex/test.tex .
[12:12:57.609][Event] STRUCTURE_UPDATED
[12:12:57.901][Parser][TexLog] Logged 0 messages.
[12:12:57.901][Build] Finished a step in recipe with PID 2760.
[12:12:57.902][Build] Successfully built %WS1%/tex/test.tex .
[12:12:57.902][Event] BUILD_DONE
[12:12:57.902][Viewer] Call refreshExistingViewer: file://%WS1%/tex/test.pdf .
[12:12:57.902][Viewer] Refresh PDF viewer: file://%WS1%/tex/test.pdf
[12:12:57.903][Cacher] Parsing .fls %WS1%/tex/test.fls .
[12:12:57.907][Cacher] Found .aux %WS1%/tex/test.aux from .fls %WS1%/tex/test.fls , parsing.
[12:12:57.907][Cacher] Parsed .aux %WS1%/tex/test.aux .
[12:12:57.908][Cacher] Parsed .fls %WS1%/tex/test.fls .
[12:12:57.927][Server] Preview PDF file: file://%WS1%/tex/test.pdf
[12:12:57.965][Viewer] Handle data type: loaded
[12:12:57.965][Event] VIEWER_PAGE_LOADED
[12:12:58.178][Cacher][Watcher] "change" emitted on file://%WS1%/tex/test.pdf after polling for 253 ms.
[12:12:58.178][Event] FILE_CHANGED: "file://%WS1%/tex/test.pdf"
[12:13:58.893][Extension] onDidSaveTextDocument triggered: file://%WS1%/tex/test.tex
[12:13:58.963][Cacher][Watcher] "change" emitted on file://%WS1%/tex/test.tex.
[12:13:58.964][Cacher] Caching %WS1%/tex/test.tex .
[12:13:58.964][Build] Auto build started detecting the change of a file: %WS1%/tex/test.tex .
[12:13:58.964][Event] AUTO_BUILD_INITIATED: {"type":"onFileChange","file":"%WS1%/tex/test.tex"}
[12:13:58.965][Build] The document of the active editor: file://%WS1%/tex/test.tex
[12:13:58.965][Build] The languageId of the document: latex
[12:13:58.965][Build] Building root file: %WS1%/tex/test.tex
[12:13:58.965][Build][Recipe] Build root file %WS1%/tex/test.tex
[12:13:58.965][Event] FILE_CHANGED: "file://%WS1%/tex/test.tex"
[12:13:58.966][Cacher] Updated inputs of %WS1%/tex/test.tex .
[12:13:58.966][Cacher] Parse LaTeX AST: %WS1%/tex/test.tex .
[12:13:58.967][Build][Recipe] Preparing to run recipe: latexmk.
[12:13:58.967][Build][Recipe] Prepared 1 tools.
[12:13:58.968][Build][Recipe] outDir: %WS1%/tex .
[12:13:58.970][Build] Recipe step 1 The command is latexmk:["-synctex=1","-interaction=nonstopmode","-file-line-error","-pdf","-outdir=%WS1%/tex","%WS1%/tex/test"].
[12:13:58.970][Build] env: {}
[12:13:58.970][Build] root: %WS1%/tex/test.tex
[12:13:58.970][Build] cwd: %WS1%/tex
[12:13:58.995][Build] LaTeX build process spawned with PID 2768.
[12:13:58.996][Cacher] Parsed LaTeX AST in 29.69 ms: %WS1%/tex/test.tex .
[12:13:58.997][File] kpsewhich cache hit on article.cls: /usr/share/texmf-dist/tex/latex/base/article.cls .
[12:13:58.997][Cacher] Updated elements in 0.71 ms: %WS1%/tex/test.tex .
[12:13:58.997][Event] FILE_PARSED: "%WS1%/tex/test.tex"
[12:13:58.998][Structure] Structure force updated with 1 root sections for %WS1%/tex/test.tex .
[12:13:58.998][Event] STRUCTURE_UPDATED
[12:13:59.178][Parser][TexLog] Logged 0 messages.
[12:13:59.178][Build] Finished a step in recipe with PID 2768.
[12:13:59.178][Build] Successfully built %WS1%/tex/test.tex .
[12:13:59.179][Event] BUILD_DONE
[12:13:59.179][Viewer] Call refreshExistingViewer: file://%WS1%/tex/test.pdf .
[12:13:59.179][Viewer] Refresh PDF viewer: file://%WS1%/tex/test.pdf
[12:13:59.181][Cacher] Parsing .fls %WS1%/tex/test.fls .
[12:13:59.184][Cacher] Found .aux %WS1%/tex/test.aux from .fls %WS1%/tex/test.fls , parsing.
[12:13:59.185][Cacher] Parsed .aux %WS1%/tex/test.aux .
[12:13:59.186][Cacher] Parsed .fls %WS1%/tex/test.fls .
[12:13:59.212][Server] Preview PDF file: file://%WS1%/tex/test.pdf
[12:13:59.245][Viewer] Handle data type: loaded
[12:13:59.246][Event] VIEWER_PAGE_LOADED
[12:13:59.555][Cacher][Watcher] "change" emitted on file://%WS1%/tex/test.pdf after polling for 253 ms.
[12:13:59.555][Event] FILE_CHANGED: "file://%WS1%/tex/test.pdf"
[12:14:10.643][Extension] onDidSaveTextDocument triggered: file://%WS1%/tex/test.tex
[12:14:10.716][Cacher][Watcher] "change" emitted on file://%WS1%/tex/test.tex.
[12:14:10.717][Cacher] Caching %WS1%/tex/test.tex .
[12:14:10.717][Build] Auto build started detecting the change of a file: %WS1%/tex/test.tex .
[12:14:10.717][Event] AUTO_BUILD_INITIATED: {"type":"onFileChange","file":"%WS1%/tex/test.tex"}
[12:14:10.717][Build] The document of the active editor: file://%WS1%/tex/test.tex
[12:14:10.718][Build] The languageId of the document: latex
[12:14:10.718][Build] Building root file: %WS1%/tex/test.tex
[12:14:10.718][Build][Recipe] Build root file %WS1%/tex/test.tex
[12:14:10.718][Event] FILE_CHANGED: "file://%WS1%/tex/test.tex"
[12:14:10.719][Cacher] Updated inputs of %WS1%/tex/test.tex .
[12:14:10.719][Cacher] Parse LaTeX AST: %WS1%/tex/test.tex .
[12:14:10.720][Build][Recipe] Preparing to run recipe: latexmk.
[12:14:10.720][Build][Recipe] Prepared 1 tools.
[12:14:10.720][Build][Recipe] outDir: %WS1%/tex .
[12:14:10.722][Build] Recipe step 1 The command is latexmk:["-synctex=1","-interaction=nonstopmode","-file-line-error","-pdf","-outdir=%WS1%/tex","%WS1%/tex/test"].
[12:14:10.722][Build] env: {}
[12:14:10.722][Build] root: %WS1%/tex/test.tex
[12:14:10.722][Build] cwd: %WS1%/tex
[12:14:10.746][Build] LaTeX build process spawned with PID 2776.
[12:14:10.748][Cacher] Parsed LaTeX AST in 28.23 ms: %WS1%/tex/test.tex .
[12:14:10.748][File] kpsewhich cache hit on article.cls: /usr/share/texmf-dist/tex/latex/base/article.cls .
[12:14:10.748][Cacher] Updated elements in 0.60 ms: %WS1%/tex/test.tex .
[12:14:10.749][Event] FILE_PARSED: "%WS1%/tex/test.tex"
[12:14:10.749][Structure] Structure force updated with 1 root sections for %WS1%/tex/test.tex .
[12:14:10.750][Event] STRUCTURE_UPDATED
[12:14:10.928][Parser][TexLog] Logged 0 messages.
[12:14:10.929][Build] Finished a step in recipe with PID 2776.
[12:14:10.929][Build] Successfully built %WS1%/tex/test.tex .
[12:14:10.929][Event] BUILD_DONE
[12:14:10.929][Viewer] Call refreshExistingViewer: file://%WS1%/tex/test.pdf .
[12:14:10.929][Viewer] Refresh PDF viewer: file://%WS1%/tex/test.pdf
[12:14:10.930][Cacher] Parsing .fls %WS1%/tex/test.fls .
[12:14:10.933][Cacher] Found .aux %WS1%/tex/test.aux from .fls %WS1%/tex/test.fls , parsing.
[12:14:10.934][Cacher] Parsed .aux %WS1%/tex/test.aux .
[12:14:10.934][Cacher] Parsed .fls %WS1%/tex/test.fls .
[12:14:10.966][Server] Preview PDF file: file://%WS1%/tex/test.pdf
[12:14:11.000][Viewer] Handle data type: loaded
[12:14:11.000][Event] VIEWER_PAGE_LOADED
[12:14:11.305][Cacher][Watcher] "change" emitted on file://%WS1%/tex/test.pdf after polling for 254 ms.
[12:14:11.305][Event] FILE_CHANGED: "file://%WS1%/tex/test.pdf"
[12:17:12.773][Viewer] Handle data type: open
[12:24:29.905][Event] STRUCTURE_UPDATED
[13:41:14.176][Viewer] Handle data type: open
[14:31:36.177][Viewer] Handle data type: open
[14:47:02.966][Extension] onDidSaveTextDocument triggered: file://%WS1%/tex/test.tex
[14:47:03.038][Cacher][Watcher] "change" emitted on file://%WS1%/tex/test.tex.
[14:47:03.039][Cacher] Caching %WS1%/tex/test.tex .
[14:47:03.040][Build] Auto build started detecting the change of a file: %WS1%/tex/test.tex .
[14:47:03.040][Event] AUTO_BUILD_INITIATED: {"type":"onFileChange","file":"%WS1%/tex/test.tex"}
[14:47:03.040][Build] The document of the active editor: file://%WS1%/tex/test.tex
[14:47:03.040][Build] The languageId of the document: latex
[14:47:03.040][Build] Building root file: %WS1%/tex/test.tex
[14:47:03.040][Build][Recipe] Build root file %WS1%/tex/test.tex
[14:47:03.041][Event] FILE_CHANGED: "file://%WS1%/tex/test.tex"
[14:47:03.042][Cacher] Updated inputs of %WS1%/tex/test.tex .
[14:47:03.042][Cacher] Parse LaTeX AST: %WS1%/tex/test.tex .
[14:47:03.042][Build][Recipe] Preparing to run recipe: latexmk.
[14:47:03.042][Build][Recipe] Prepared 1 tools.
[14:47:03.043][Build][Recipe] outDir: %WS1%/tex .
[14:47:03.044][Build] Recipe step 1 The command is latexmk:["-synctex=1","-interaction=nonstopmode","-file-line-error","-pdf","-outdir=%WS1%/tex","%WS1%/tex/test"].
[14:47:03.044][Build] env: {}
[14:47:03.044][Build] root: %WS1%/tex/test.tex
[14:47:03.044][Build] cwd: %WS1%/tex
[14:47:03.067][Build] LaTeX build process spawned with PID 6447.
[14:47:03.068][Cacher] Parsed LaTeX AST in 26.53 ms: %WS1%/tex/test.tex .
[14:47:03.069][File] kpsewhich cache hit on article.cls: /usr/share/texmf-dist/tex/latex/base/article.cls .
[14:47:03.070][Cacher] Updated elements in 0.85 ms: %WS1%/tex/test.tex .
[14:47:03.070][Event] FILE_PARSED: "%WS1%/tex/test.tex"
[14:47:03.071][Structure] Structure force updated with 1 root sections for %WS1%/tex/test.tex .
[14:47:03.071][Event] STRUCTURE_UPDATED
[14:47:03.368][Parser][TexLog] Logged 0 messages.
[14:47:03.369][Build] Finished a step in recipe with PID 6447.
[14:47:03.369][Build] Successfully built %WS1%/tex/test.tex .
[14:47:03.369][Event] BUILD_DONE
[14:47:03.369][Viewer] Call refreshExistingViewer: file://%WS1%/tex/test.pdf .
[14:47:03.369][Viewer] Refresh PDF viewer: file://%WS1%/tex/test.pdf
[14:47:03.370][Cacher] Parsing .fls %WS1%/tex/test.fls .
[14:47:03.375][Cacher] Found .aux %WS1%/tex/test.aux from .fls %WS1%/tex/test.fls , parsing.
[14:47:03.376][Cacher] Parsed .aux %WS1%/tex/test.aux .
[14:47:03.376][Cacher] Parsed .fls %WS1%/tex/test.fls .
[14:47:03.406][Server] Preview PDF file: file://%WS1%/tex/test.pdf
[14:47:03.447][Viewer] Handle data type: loaded
[14:47:03.447][Event] VIEWER_PAGE_LOADED
[14:47:03.647][Cacher][Watcher] "change" emitted on file://%WS1%/tex/test.pdf after polling for 255 ms.
[14:47:03.648][Event] FILE_CHANGED: "file://%WS1%/tex/test.pdf"
[14:47:03.816][Commander] BUILD command invoked.
[14:47:03.816][Build] The document of the active editor: file://%WS1%/tex/test.tex
[14:47:03.816][Build] The languageId of the document: latex
[14:47:03.816][Root] Current workspace folders: ["file://%WS1%"]
[14:47:03.817][Root] Try finding root from magic comment.
[14:47:03.817][Root] Try finding root from active editor.
[14:47:03.817][Root] Found root file from active editor: %WS1%/tex/test.tex
[14:47:03.817][Root] Keep using the same root file: %WS1%/tex/test.tex
[14:47:03.817][Event] ROOT_FILE_SEARCHED
[14:47:03.817][Event] STRUCTURE_UPDATED
[14:47:03.818][Build] Building root file: %WS1%/tex/test.tex
[14:47:03.818][Build][Recipe] Build root file %WS1%/tex/test.tex
[14:47:03.819][Build][Recipe] Preparing to run recipe: latexmk.
[14:47:03.819][Build][Recipe] Prepared 1 tools.
[14:47:03.820][Build][Recipe] outDir: %WS1%/tex .
[14:47:03.821][Build] Recipe step 1 The command is latexmk:["-synctex=1","-interaction=nonstopmode","-file-line-error","-pdf","-outdir=%WS1%/tex","%WS1%/tex/test"].
[14:47:03.821][Build] env: {}
[14:47:03.821][Build] root: %WS1%/tex/test.tex
[14:47:03.821][Build] cwd: %WS1%/tex
[14:47:03.842][Build] LaTeX build process spawned with PID 6451.
[14:47:03.914][Build] Finished a step in recipe with PID 6451.
[14:47:03.914][Build] Successfully built %WS1%/tex/test.tex .
[14:47:03.914][Event] BUILD_DONE
[14:47:07.228][Extension] onDidSaveTextDocument triggered: file://%WS1%/tex/test.tex
[14:47:07.300][Cacher][Watcher] "change" emitted on file://%WS1%/tex/test.tex.
[14:47:07.301][Cacher] Caching %WS1%/tex/test.tex .
[14:47:07.301][Build] Auto build started detecting the change of a file: %WS1%/tex/test.tex .
[14:47:07.302][Event] AUTO_BUILD_INITIATED: {"type":"onFileChange","file":"%WS1%/tex/test.tex"}
[14:47:07.302][Build] The document of the active editor: file://%WS1%/tex/test.tex
[14:47:07.302][Build] The languageId of the document: latex
[14:47:07.302][Build] Building root file: %WS1%/tex/test.tex
[14:47:07.302][Build][Recipe] Build root file %WS1%/tex/test.tex
[14:47:07.303][Event] FILE_CHANGED: "file://%WS1%/tex/test.tex"
[14:47:07.304][Cacher] Updated inputs of %WS1%/tex/test.tex .
[14:47:07.304][Cacher] Parse LaTeX AST: %WS1%/tex/test.tex .
[14:47:07.304][Build][Recipe] Preparing to run recipe: latexmk.
[14:47:07.305][Build][Recipe] Prepared 1 tools.
[14:47:07.305][Build][Recipe] outDir: %WS1%/tex .
[14:47:07.306][Build] Recipe step 1 The command is latexmk:["-synctex=1","-interaction=nonstopmode","-file-line-error","-pdf","-outdir=%WS1%/tex","%WS1%/tex/test"].
[14:47:07.306][Build] env: {}
[14:47:07.306][Build] root: %WS1%/tex/test.tex
[14:47:07.306][Build] cwd: %WS1%/tex
[14:47:07.332][Build] LaTeX build process spawned with PID 6456.
[14:47:07.334][Cacher] Parsed LaTeX AST in 29.79 ms: %WS1%/tex/test.tex .
[14:47:07.334][File] kpsewhich cache hit on article.cls: /usr/share/texmf-dist/tex/latex/base/article.cls .
[14:47:07.335][Cacher] Updated elements in 0.98 ms: %WS1%/tex/test.tex .
[14:47:07.336][Event] FILE_PARSED: "%WS1%/tex/test.tex"
[14:47:07.336][Structure] Structure force updated with 1 root sections for %WS1%/tex/test.tex .
[14:47:07.336][Event] STRUCTURE_UPDATED
[14:47:07.622][Parser][TexLog] Logged 0 messages.
[14:47:07.623][Build] Finished a step in recipe with PID 6456.
[14:47:07.623][Build] Successfully built %WS1%/tex/test.tex .
[14:47:07.623][Event] BUILD_DONE
[14:47:07.623][Viewer] Call refreshExistingViewer: file://%WS1%/tex/test.pdf .
[14:47:07.623][Viewer] Refresh PDF viewer: file://%WS1%/tex/test.pdf
[14:47:07.624][Cacher] Parsing .fls %WS1%/tex/test.fls .
[14:47:07.627][Cacher] Found .aux %WS1%/tex/test.aux from .fls %WS1%/tex/test.fls , parsing.
[14:47:07.628][Cacher] Parsed .aux %WS1%/tex/test.aux .
[14:47:07.628][Cacher] Parsed .fls %WS1%/tex/test.fls .
[14:47:07.658][Server] Preview PDF file: file://%WS1%/tex/test.pdf
[14:47:07.688][Viewer] Handle data type: loaded
[14:47:07.688][Event] VIEWER_PAGE_LOADED
[14:47:07.901][Cacher][Watcher] "change" emitted on file://%WS1%/tex/test.pdf after polling for 254 ms.
[14:47:07.901][Event] FILE_CHANGED: "file://%WS1%/tex/test.pdf"
[14:47:08.537][Commander] BUILD command invoked.
[14:47:08.537][Build] The document of the active editor: file://%WS1%/tex/test.tex
[14:47:08.537][Build] The languageId of the document: latex
[14:47:08.537][Root] Current workspace folders: ["file://%WS1%"]
[14:47:08.538][Root] Try finding root from magic comment.
[14:47:08.538][Root] Try finding root from active editor.
[14:47:08.538][Root] Found root file from active editor: %WS1%/tex/test.tex
[14:47:08.538][Root] Keep using the same root file: %WS1%/tex/test.tex
[14:47:08.538][Event] ROOT_FILE_SEARCHED
[14:47:08.538][Event] STRUCTURE_UPDATED
[14:47:08.539][Build] Building root file: %WS1%/tex/test.tex
[14:47:08.539][Build][Recipe] Build root file %WS1%/tex/test.tex
[14:47:08.541][Build][Recipe] Preparing to run recipe: latexmk.
[14:47:08.541][Build][Recipe] Prepared 1 tools.
[14:47:08.541][Build][Recipe] outDir: %WS1%/tex .
[14:47:08.542][Build] Recipe step 1 The command is latexmk:["-synctex=1","-interaction=nonstopmode","-file-line-error","-pdf","-outdir=%WS1%/tex","%WS1%/tex/test"].
[14:47:08.542][Build] env: {}
[14:47:08.542][Build] root: %WS1%/tex/test.tex
[14:47:08.542][Build] cwd: %WS1%/tex
[14:47:08.561][Build] LaTeX build process spawned with PID 6459.
[14:47:08.631][Build] Finished a step in recipe with PID 6459.
[14:47:08.631][Build] Successfully built %WS1%/tex/test.tex .
[14:47:08.631][Event] BUILD_DONE
[14:48:00.668][Extension] onDidSaveTextDocument triggered: file://%WS1%/tex/test.tex
[14:48:00.741][Cacher][Watcher] "change" emitted on file://%WS1%/tex/test.tex.
[14:48:00.742][Cacher] Caching %WS1%/tex/test.tex .
[14:48:00.742][Build] Auto build started detecting the change of a file: %WS1%/tex/test.tex .
[14:48:00.742][Event] AUTO_BUILD_INITIATED: {"type":"onFileChange","file":"%WS1%/tex/test.tex"}
[14:48:00.742][Build] The document of the active editor: file://%WS1%/tex/test.tex
[14:48:00.742][Build] The languageId of the document: latex
[14:48:00.743][Build] Building root file: %WS1%/tex/test.tex
[14:48:00.743][Build][Recipe] Build root file %WS1%/tex/test.tex
[14:48:00.743][Event] FILE_CHANGED: "file://%WS1%/tex/test.tex"
[14:48:00.744][Cacher] Updated inputs of %WS1%/tex/test.tex .
[14:48:00.744][Cacher] Parse LaTeX AST: %WS1%/tex/test.tex .
[14:48:00.744][Build][Recipe] Preparing to run recipe: latexmk.
[14:48:00.745][Build][Recipe] Prepared 1 tools.
[14:48:00.745][Build][Recipe] outDir: %WS1%/tex .
[14:48:00.746][Build] Recipe step 1 The command is latexmk:["-synctex=1","-interaction=nonstopmode","-file-line-error","-pdf","-outdir=%WS1%/tex","%WS1%/tex/test"].
[14:48:00.746][Build] env: {}
[14:48:00.746][Build] root: %WS1%/tex/test.tex
[14:48:00.746][Build] cwd: %WS1%/tex
[14:48:00.770][Build] LaTeX build process spawned with PID 6464.
[14:48:00.772][Cacher] Parsed LaTeX AST in 27.70 ms: %WS1%/tex/test.tex .
[14:48:00.772][File] kpsewhich cache hit on article.cls: /usr/share/texmf-dist/tex/latex/base/article.cls .
[14:48:00.773][Cacher] Updated elements in 0.56 ms: %WS1%/tex/test.tex .
[14:48:00.773][Event] FILE_PARSED: "%WS1%/tex/test.tex"
[14:48:00.773][Structure] Structure force updated with 1 root sections for %WS1%/tex/test.tex .
[14:48:00.773][Event] STRUCTURE_UPDATED
[14:48:01.062][Parser][TexLog] Logged 0 messages.
[14:48:01.063][Build] Finished a step in recipe with PID 6464.
[14:48:01.063][Build] Successfully built %WS1%/tex/test.tex .
[14:48:01.063][Event] BUILD_DONE
[14:48:01.063][Viewer] Call refreshExistingViewer: file://%WS1%/tex/test.pdf .
[14:48:01.063][Viewer] Refresh PDF viewer: file://%WS1%/tex/test.pdf
[14:48:01.065][Cacher] Parsing .fls %WS1%/tex/test.fls .
[14:48:01.070][Cacher] Found .aux %WS1%/tex/test.aux from .fls %WS1%/tex/test.fls , parsing.
[14:48:01.071][Cacher] Parsed .aux %WS1%/tex/test.aux .
[14:48:01.071][Cacher] Parsed .fls %WS1%/tex/test.fls .
[14:48:01.102][Server] Preview PDF file: file://%WS1%/tex/test.pdf
[14:48:01.146][Viewer] Handle data type: loaded
[14:48:01.146][Event] VIEWER_PAGE_LOADED
[14:48:01.340][Cacher][Watcher] "change" emitted on file://%WS1%/tex/test.pdf after polling for 254 ms.
[14:48:01.341][Event] FILE_CHANGED: "file://%WS1%/tex/test.pdf"
[14:48:01.702][Commander] BUILD command invoked.
[14:48:01.702][Build] The document of the active editor: file://%WS1%/tex/test.tex
[14:48:01.702][Build] The languageId of the document: latex
[14:48:01.702][Root] Current workspace folders: ["file://%WS1%"]
[14:48:01.702][Root] Try finding root from magic comment.
[14:48:01.703][Root] Try finding root from active editor.
[14:48:01.703][Root] Found root file from active editor: %WS1%/tex/test.tex
[14:48:01.703][Root] Keep using the same root file: %WS1%/tex/test.tex
[14:48:01.703][Event] ROOT_FILE_SEARCHED
[14:48:01.703][Event] STRUCTURE_UPDATED
[14:48:01.703][Build] Building root file: %WS1%/tex/test.tex
[14:48:01.704][Build][Recipe] Build root file %WS1%/tex/test.tex
[14:48:01.705][Build][Recipe] Preparing to run recipe: latexmk.
[14:48:01.705][Build][Recipe] Prepared 1 tools.
[14:48:01.705][Build][Recipe] outDir: %WS1%/tex .
[14:48:01.706][Build] Recipe step 1 The command is latexmk:["-synctex=1","-interaction=nonstopmode","-file-line-error","-pdf","-outdir=%WS1%/tex","%WS1%/tex/test"].
[14:48:01.706][Build] env: {}
[14:48:01.706][Build] root: %WS1%/tex/test.tex
[14:48:01.706][Build] cwd: %WS1%/tex
[14:48:01.727][Build] LaTeX build process spawned with PID 6467.
[14:48:01.796][Build] Finished a step in recipe with PID 6467.
[14:48:01.797][Build] Successfully built %WS1%/tex/test.tex .
[14:48:01.797][Event] BUILD_DONE
[14:48:34.782][Extension] onDidSaveTextDocument triggered: file://%WS1%/tex/test.tex
[14:48:34.854][Cacher][Watcher] "change" emitted on file://%WS1%/tex/test.tex.
[14:48:34.855][Cacher] Caching %WS1%/tex/test.tex .
[14:48:34.855][Build] Auto build started detecting the change of a file: %WS1%/tex/test.tex .
[14:48:34.856][Event] AUTO_BUILD_INITIATED: {"type":"onFileChange","file":"%WS1%/tex/test.tex"}
[14:48:34.856][Build] The document of the active editor: file://%WS1%/tex/test.tex
[14:48:34.856][Build] The languageId of the document: latex
[14:48:34.856][Build] Building root file: %WS1%/tex/test.tex
[14:48:34.856][Build][Recipe] Build root file %WS1%/tex/test.tex
[14:48:34.856][Event] FILE_CHANGED: "file://%WS1%/tex/test.tex"
[14:48:34.857][Cacher] Updated inputs of %WS1%/tex/test.tex .
[14:48:34.858][Cacher] Parse LaTeX AST: %WS1%/tex/test.tex .
[14:48:34.858][Build][Recipe] Preparing to run recipe: latexmk.
[14:48:34.858][Build][Recipe] Prepared 1 tools.
[14:48:34.858][Build][Recipe] outDir: %WS1%/tex .
[14:48:34.859][Build] Recipe step 1 The command is latexmk:["-synctex=1","-interaction=nonstopmode","-file-line-error","-pdf","-outdir=%WS1%/tex","%WS1%/tex/test"].
[14:48:34.860][Build] env: {}
[14:48:34.860][Build] root: %WS1%/tex/test.tex
[14:48:34.860][Build] cwd: %WS1%/tex
[14:48:34.884][Build] LaTeX build process spawned with PID 6476.
[14:48:34.886][Cacher] Parsed LaTeX AST in 27.87 ms: %WS1%/tex/test.tex .
[14:48:34.886][File] kpsewhich cache hit on article.cls: /usr/share/texmf-dist/tex/latex/base/article.cls .
[14:48:34.887][Cacher] Updated elements in 1.18 ms: %WS1%/tex/test.tex .
[14:48:34.887][Event] FILE_PARSED: "%WS1%/tex/test.tex"
[14:48:34.888][Structure] Structure force updated with 1 root sections for %WS1%/tex/test.tex .
[14:48:34.888][Event] STRUCTURE_UPDATED
[14:48:35.176][Parser][TexLog] Logged 0 messages.
[14:48:35.176][Build] Finished a step in recipe with PID 6476.
[14:48:35.177][Build] Successfully built %WS1%/tex/test.tex .
[14:48:35.177][Event] BUILD_DONE
[14:48:35.177][Viewer] Call refreshExistingViewer: file://%WS1%/tex/test.pdf .
[14:48:35.177][Viewer] Refresh PDF viewer: file://%WS1%/tex/test.pdf
[14:48:35.179][Cacher] Parsing .fls %WS1%/tex/test.fls .
[14:48:35.186][Cacher] Found .aux %WS1%/tex/test.aux from .fls %WS1%/tex/test.fls , parsing.
[14:48:35.188][Cacher] Parsed .aux %WS1%/tex/test.aux .
[14:48:35.188][Cacher] Parsed .fls %WS1%/tex/test.fls .
[14:48:35.213][Server] Preview PDF file: file://%WS1%/tex/test.pdf
[14:48:35.249][Viewer] Handle data type: loaded
[14:48:35.249][Event] VIEWER_PAGE_LOADED
[14:48:35.453][Cacher][Watcher] "change" emitted on file://%WS1%/tex/test.pdf after polling for 253 ms.
[14:48:35.453][Event] FILE_CHANGED: "file://%WS1%/tex/test.pdf"
[14:49:19.022][Event] STRUCTURE_UPDATED
[14:49:20.133][Event] STRUCTURE_UPDATED
[14:49:20.977][Event] STRUCTURE_UPDATED
[14:49:27.104][Extension] onDidSaveTextDocument triggered: file://%WS1%/tex/test.tex
[14:49:27.174][Cacher][Watcher] "change" emitted on file://%WS1%/tex/test.tex.
[14:49:27.174][Cacher] Caching %WS1%/tex/test.tex .
[14:49:27.175][Build] Auto build started detecting the change of a file: %WS1%/tex/test.tex .
[14:49:27.175][Event] AUTO_BUILD_INITIATED: {"type":"onFileChange","file":"%WS1%/tex/test.tex"}
[14:49:27.175][Build] The document of the active editor: file://%WS1%/tex/test.tex
[14:49:27.175][Build] The languageId of the document: latex
[14:49:27.175][Build] Building root file: %WS1%/tex/test.tex
[14:49:27.175][Build][Recipe] Build root file %WS1%/tex/test.tex
[14:49:27.175][Event] FILE_CHANGED: "file://%WS1%/tex/test.tex"
[14:49:27.176][Cacher] Updated inputs of %WS1%/tex/test.tex .
[14:49:27.176][Cacher] Parse LaTeX AST: %WS1%/tex/test.tex .
[14:49:27.177][Build][Recipe] Preparing to run recipe: latexmk.
[14:49:27.177][Build][Recipe] Prepared 1 tools.
[14:49:27.178][Build][Recipe] outDir: %WS1%/tex .
[14:49:27.178][Build] Recipe step 1 The command is latexmk:["-synctex=1","-interaction=nonstopmode","-file-line-error","-pdf","-outdir=%WS1%/tex","%WS1%/tex/test"].
[14:49:27.178][Build] env: {}
[14:49:27.178][Build] root: %WS1%/tex/test.tex
[14:49:27.179][Build] cwd: %WS1%/tex
[14:49:27.202][Build] LaTeX build process spawned with PID 6489.
[14:49:27.206][Cacher] Parsed LaTeX AST in 29.08 ms: %WS1%/tex/test.tex .
[14:49:27.206][File] kpsewhich cache hit on article.cls: /usr/share/texmf-dist/tex/latex/base/article.cls .
[14:49:27.206][Cacher] Updated elements in 0.60 ms: %WS1%/tex/test.tex .
[14:49:27.207][Event] FILE_PARSED: "%WS1%/tex/test.tex"
[14:49:27.207][Structure] Structure force updated with 1 root sections for %WS1%/tex/test.tex .
[14:49:27.207][Event] STRUCTURE_UPDATED
[14:49:27.495][Parser][TexLog] Logged 0 messages.
[14:49:27.496][Build] Finished a step in recipe with PID 6489.
[14:49:27.496][Build] Successfully built %WS1%/tex/test.tex .
[14:49:27.496][Event] BUILD_DONE
[14:49:27.496][Viewer] Call refreshExistingViewer: file://%WS1%/tex/test.pdf .
[14:49:27.497][Viewer] Refresh PDF viewer: file://%WS1%/tex/test.pdf
[14:49:27.497][Cacher] Parsing .fls %WS1%/tex/test.fls .
[14:49:27.503][Cacher] Found .aux %WS1%/tex/test.aux from .fls %WS1%/tex/test.fls , parsing.
[14:49:27.504][Cacher] Parsed .aux %WS1%/tex/test.aux .
[14:49:27.504][Cacher] Parsed .fls %WS1%/tex/test.fls .
[14:49:27.531][Server] Preview PDF file: file://%WS1%/tex/test.pdf
[14:49:27.566][Viewer] Handle data type: loaded
[14:49:27.566][Event] VIEWER_PAGE_LOADED
[14:49:27.770][Cacher][Watcher] "change" emitted on file://%WS1%/tex/test.pdf after polling for 253 ms.
[14:49:27.770][Event] FILE_CHANGED: "file://%WS1%/tex/test.pdf"
[14:50:29.437][Extension] onDidSaveTextDocument triggered: file://%WS1%/tex/test.tex
[14:50:29.509][Cacher][Watcher] "change" emitted on file://%WS1%/tex/test.tex.
[14:50:29.510][Cacher] Caching %WS1%/tex/test.tex .
[14:50:29.510][Build] Auto build started detecting the change of a file: %WS1%/tex/test.tex .
[14:50:29.510][Event] AUTO_BUILD_INITIATED: {"type":"onFileChange","file":"%WS1%/tex/test.tex"}
[14:50:29.511][Build] The document of the active editor: file://%WS1%/tex/test.tex
[14:50:29.511][Build] The languageId of the document: latex
[14:50:29.511][Build] Building root file: %WS1%/tex/test.tex
[14:50:29.511][Build][Recipe] Build root file %WS1%/tex/test.tex
[14:50:29.511][Event] FILE_CHANGED: "file://%WS1%/tex/test.tex"
[14:50:29.512][Cacher] Updated inputs of %WS1%/tex/test.tex .
[14:50:29.512][Cacher] Parse LaTeX AST: %WS1%/tex/test.tex .
[14:50:29.513][Build][Recipe] Preparing to run recipe: latexmk.
[14:50:29.513][Build][Recipe] Prepared 1 tools.
[14:50:29.513][Build][Recipe] outDir: %WS1%/tex .
[14:50:29.514][Build] Recipe step 1 The command is latexmk:["-synctex=1","-interaction=nonstopmode","-file-line-error","-pdf","-outdir=%WS1%/tex","%WS1%/tex/test"].
[14:50:29.515][Build] env: {}
[14:50:29.515][Build] root: %WS1%/tex/test.tex
[14:50:29.515][Build] cwd: %WS1%/tex
[14:50:29.535][Build] LaTeX build process spawned with PID 6574.
[14:50:29.537][Cacher] Parsed LaTeX AST in 24.28 ms: %WS1%/tex/test.tex .
[14:50:29.537][File] kpsewhich cache hit on article.cls: /usr/share/texmf-dist/tex/latex/base/article.cls .
[14:50:29.538][Cacher] Updated elements in 0.80 ms: %WS1%/tex/test.tex .
[14:50:29.538][Event] FILE_PARSED: "%WS1%/tex/test.tex"
[14:50:29.539][Structure] Structure force updated with 1 root sections for %WS1%/tex/test.tex .
[14:50:29.539][Event] STRUCTURE_UPDATED
[14:50:29.715][Parser][TexLog] Logged 0 messages.
[14:50:29.715][Build] Finished a step in recipe with PID 6574.
[14:50:29.716][Build] Successfully built %WS1%/tex/test.tex .
[14:50:29.716][Event] BUILD_DONE
[14:50:29.716][Viewer] Call refreshExistingViewer: file://%WS1%/tex/test.pdf .
[14:50:29.717][Viewer] Refresh PDF viewer: file://%WS1%/tex/test.pdf
[14:50:29.717][Cacher] Parsing .fls %WS1%/tex/test.fls .
[14:50:29.725][Cacher] Found .aux %WS1%/tex/test.aux from .fls %WS1%/tex/test.fls , parsing.
[14:50:29.727][Cacher] Parsed .aux %WS1%/tex/test.aux .
[14:50:29.727][Cacher] Parsed .fls %WS1%/tex/test.fls .
[14:50:29.754][Server] Preview PDF file: file://%WS1%/tex/test.pdf
[14:50:29.787][Viewer] Handle data type: loaded
[14:50:29.787][Event] VIEWER_PAGE_LOADED
[14:50:30.093][Cacher][Watcher] "change" emitted on file://%WS1%/tex/test.pdf after polling for 253 ms.
[14:50:30.093][Event] FILE_CHANGED: "file://%WS1%/tex/test.pdf"
[14:50:30.463][Commander] BUILD command invoked.
[14:50:30.464][Build] The document of the active editor: file://%WS1%/tex/test.tex
[14:50:30.464][Build] The languageId of the document: latex
[14:50:30.464][Root] Current workspace folders: ["file://%WS1%"]
[14:50:30.464][Root] Try finding root from magic comment.
[14:50:30.464][Root] Try finding root from active editor.
[14:50:30.464][Root] Found root file from active editor: %WS1%/tex/test.tex
[14:50:30.465][Root] Keep using the same root file: %WS1%/tex/test.tex
[14:50:30.465][Event] ROOT_FILE_SEARCHED
[14:50:30.465][Event] STRUCTURE_UPDATED
[14:50:30.465][Build] Building root file: %WS1%/tex/test.tex
[14:50:30.465][Build][Recipe] Build root file %WS1%/tex/test.tex
[14:50:30.466][Build][Recipe] Preparing to run recipe: latexmk.
[14:50:30.466][Build][Recipe] Prepared 1 tools.
[14:50:30.467][Build][Recipe] outDir: %WS1%/tex .
[14:50:30.467][Build] Recipe step 1 The command is latexmk:["-synctex=1","-interaction=nonstopmode","-file-line-error","-pdf","-outdir=%WS1%/tex","%WS1%/tex/test"].
[14:50:30.468][Build] env: {}
[14:50:30.468][Build] root: %WS1%/tex/test.tex
[14:50:30.468][Build] cwd: %WS1%/tex
[14:50:30.488][Build] LaTeX build process spawned with PID 6576.
[14:50:30.557][Build] Finished a step in recipe with PID 6576.
[14:50:30.557][Build] Successfully built %WS1%/tex/test.tex .
[14:50:30.558][Event] BUILD_DONE
[14:51:18.858][Event] STRUCTURE_UPDATED
[14:53:05.026][Extension] onDidSaveTextDocument triggered: file://%WS1%/tex/test.tex
[14:53:05.099][Cacher][Watcher] "change" emitted on file://%WS1%/tex/test.tex.
[14:53:05.099][Cacher] Caching %WS1%/tex/test.tex .
[14:53:05.099][Build] Auto build started detecting the change of a file: %WS1%/tex/test.tex .
[14:53:05.100][Event] AUTO_BUILD_INITIATED: {"type":"onFileChange","file":"%WS1%/tex/test.tex"}
[14:53:05.100][Build] The document of the active editor: file://%WS1%/tex/test.tex
[14:53:05.100][Build] The languageId of the document: latex
[14:53:05.100][Build] Building root file: %WS1%/tex/test.tex
[14:53:05.100][Build][Recipe] Build root file %WS1%/tex/test.tex
[14:53:05.100][Event] FILE_CHANGED: "file://%WS1%/tex/test.tex"
[14:53:05.101][Cacher] Updated inputs of %WS1%/tex/test.tex .
[14:53:05.101][Cacher] Parse LaTeX AST: %WS1%/tex/test.tex .
[14:53:05.102][Build][Recipe] Preparing to run recipe: latexmk.
[14:53:05.102][Build][Recipe] Prepared 1 tools.
[14:53:05.102][Build][Recipe] outDir: %WS1%/tex .
[14:53:05.103][Build] Recipe step 1 The command is latexmk:["-synctex=1","-interaction=nonstopmode","-file-line-error","-pdf","-outdir=%WS1%/tex","%WS1%/tex/test"].
[14:53:05.103][Build] env: {}
[14:53:05.103][Build] root: %WS1%/tex/test.tex
[14:53:05.103][Build] cwd: %WS1%/tex
[14:53:05.120][Build] LaTeX build process spawned with PID 6586.
[14:53:05.122][Cacher] Parsed LaTeX AST in 20.54 ms: %WS1%/tex/test.tex .
[14:53:05.122][File] kpsewhich cache hit on article.cls: /usr/share/texmf-dist/tex/latex/base/article.cls .
[14:53:05.123][Cacher] Updated elements in 1.12 ms: %WS1%/tex/test.tex .
[14:53:05.123][Event] FILE_PARSED: "%WS1%/tex/test.tex"
[14:53:05.124][Structure] Structure force updated with 1 root sections for %WS1%/tex/test.tex .
[14:53:05.124][Event] STRUCTURE_UPDATED
[14:53:05.292][Parser][TexLog] Logged 0 messages.
[14:53:05.292][Build] Finished a step in recipe with PID 6586.
[14:53:05.292][Build] Successfully built %WS1%/tex/test.tex .
[14:53:05.292][Event] BUILD_DONE
[14:53:05.293][Viewer] Call refreshExistingViewer: file://%WS1%/tex/test.pdf .
[14:53:05.293][Viewer] Refresh PDF viewer: file://%WS1%/tex/test.pdf
[14:53:05.293][Cacher] Parsing .fls %WS1%/tex/test.fls .
[14:53:05.300][Cacher] Found .aux %WS1%/tex/test.aux from .fls %WS1%/tex/test.fls , parsing.
[14:53:05.301][Cacher] Parsed .aux %WS1%/tex/test.aux .
[14:53:05.301][Cacher] Parsed .fls %WS1%/tex/test.fls .
[14:53:05.325][Server] Preview PDF file: file://%WS1%/tex/test.pdf
[14:53:05.368][Viewer] Handle data type: loaded
[14:53:05.368][Event] VIEWER_PAGE_LOADED
[14:53:05.668][Cacher][Watcher] "change" emitted on file://%WS1%/tex/test.pdf after polling for 253 ms.
[14:53:05.668][Event] FILE_CHANGED: "file://%WS1%/tex/test.pdf"
[15:05:41.362][Event] STRUCTURE_UPDATED
[15:05:43.972][Extension] onDidSaveTextDocument triggered: file://%WS1%/tex/test.tex
[15:05:44.046][Cacher][Watcher] "change" emitted on file://%WS1%/tex/test.tex.
[15:05:44.046][Cacher] Caching %WS1%/tex/test.tex .
[15:05:44.046][Build] Auto build started detecting the change of a file: %WS1%/tex/test.tex .
[15:05:44.047][Event] AUTO_BUILD_INITIATED: {"type":"onFileChange","file":"%WS1%/tex/test.tex"}
[15:05:44.047][Build] The document of the active editor: file://%WS1%/tex/test.tex
[15:05:44.047][Build] The languageId of the document: latex
[15:05:44.047][Build] Building root file: %WS1%/tex/test.tex
[15:05:44.047][Build][Recipe] Build root file %WS1%/tex/test.tex
[15:05:44.047][Event] FILE_CHANGED: "file://%WS1%/tex/test.tex"
[15:05:44.048][Cacher] Updated inputs of %WS1%/tex/test.tex .
[15:05:44.048][Cacher] Parse LaTeX AST: %WS1%/tex/test.tex .
[15:05:44.049][Build][Recipe] Preparing to run recipe: latexmk.
[15:05:44.049][Build][Recipe] Prepared 1 tools.
[15:05:44.049][Build][Recipe] outDir: %WS1%/tex .
[15:05:44.051][Build] Recipe step 1 The command is latexmk:["-synctex=1","-interaction=nonstopmode","-file-line-error","-pdf","-outdir=%WS1%/tex","%WS1%/tex/test"].
[15:05:44.051][Build] env: {}
[15:05:44.051][Build] root: %WS1%/tex/test.tex
[15:05:44.051][Build] cwd: %WS1%/tex
[15:05:44.072][Build] LaTeX build process spawned with PID 6719.
[15:05:44.074][Cacher] Parsed LaTeX AST in 25.25 ms: %WS1%/tex/test.tex .
[15:05:44.074][File] kpsewhich cache hit on article.cls: /usr/share/texmf-dist/tex/latex/base/article.cls .
[15:05:44.075][Cacher] Updated elements in 0.69 ms: %WS1%/tex/test.tex .
[15:05:44.075][Event] FILE_PARSED: "%WS1%/tex/test.tex"
[15:05:44.075][Structure] Structure force updated with 1 root sections for %WS1%/tex/test.tex .
[15:05:44.075][Event] STRUCTURE_UPDATED
[15:05:44.249][Parser][TexLog] Logged 1 messages.
[15:05:44.250][Build] Recipe returns with error code 12/null on PID 6719.
[15:05:44.250][Build] Does the executable exist? $PATH: /usr/local/sbin:/usr/local/bin:/usr/bin:/usr/bin/site_perl:/usr/bin/vendor_perl:/usr/bin/core_perl:/opt/yay/bin:/opt/yay/bin, $Path: undefined, $SHELL: /usr/bin/zsh
[15:05:44.250][Build] Latexmk: Sometimes, the -f option can be used to get latexmk
  to try to force complete processing.
  But normally, you will need to correct the file(s) that caused the
  error, and then rerun latexmk.
  In some cases, it is best to clean out generated files before rerunning
  latexmk after you've corrected the files.

[15:05:44.251][Build] Cleaning auxiliary files and retrying build after toolchain error.
[15:05:44.251][Cleaner] Clean temporary files command The command is latexmk:["-outdir=%WS1%/tex","-c","%WS1%/tex/test.tex"].
[15:05:44.272][Build] Recipe step 1 The command is latexmk:["-synctex=1","-interaction=nonstopmode","-file-line-error","-pdf","-outdir=%WS1%/tex","%WS1%/tex/test"].
[15:05:44.273][Build] env: {}
[15:05:44.273][Build] root: %WS1%/tex/test.tex
[15:05:44.273][Build] cwd: %WS1%/tex
[15:05:44.294][Build] LaTeX build process spawned with PID 6722.
[15:05:44.343][Event] AUTO_CLEANED
[15:05:44.493][Parser][TexLog] Logged 1 messages.
[15:05:44.494][Build] Recipe returns with error code 12/null on PID 6722.
[15:05:44.494][Build] Does the executable exist? $PATH: /usr/local/sbin:/usr/local/bin:/usr/bin:/usr/bin/site_perl:/usr/bin/vendor_perl:/usr/bin/core_perl:/opt/yay/bin:/opt/yay/bin, $Path: undefined, $SHELL: /usr/bin/zsh
[15:05:44.494][Build] Latexmk: Sometimes, the -f option can be used to get latexmk
  to try to force complete processing.
  But normally, you will need to correct the file(s) that caused the
  error, and then rerun latexmk.
  In some cases, it is best to clean out generated files before rerunning
  latexmk after you've corrected the files.

[15:05:44.624][Cacher][Watcher] "change" emitted on file://%WS1%/tex/test.pdf after polling for 252 ms.
[15:05:44.624][Event] FILE_CHANGED: "file://%WS1%/tex/test.pdf"
[15:05:49.709][Extension] onDidSaveTextDocument triggered: file://%WS1%/tex/test.tex
[15:05:49.783][Cacher][Watcher] "change" emitted on file://%WS1%/tex/test.tex.
[15:05:49.784][Cacher] Caching %WS1%/tex/test.tex .
[15:05:49.785][Build] Auto build started detecting the change of a file: %WS1%/tex/test.tex .
[15:05:49.785][Event] AUTO_BUILD_INITIATED: {"type":"onFileChange","file":"%WS1%/tex/test.tex"}
[15:05:49.785][Build] The document of the active editor: file://%WS1%/tex/test.tex
[15:05:49.785][Build] The languageId of the document: latex
[15:05:49.785][Build] Building root file: %WS1%/tex/test.tex
[15:05:49.785][Build][Recipe] Build root file %WS1%/tex/test.tex
[15:05:49.786][Event] FILE_CHANGED: "file://%WS1%/tex/test.tex"
[15:05:49.787][Cacher] Updated inputs of %WS1%/tex/test.tex .
[15:05:49.787][Cacher] Parse LaTeX AST: %WS1%/tex/test.tex .
[15:05:49.787][Build][Recipe] Preparing to run recipe: latexmk.
[15:05:49.787][Build][Recipe] Prepared 1 tools.
[15:05:49.788][Build][Recipe] outDir: %WS1%/tex .
[15:05:49.788][Build] Recipe step 1 The command is latexmk:["-synctex=1","-interaction=nonstopmode","-file-line-error","-pdf","-outdir=%WS1%/tex","%WS1%/tex/test"].
[15:05:49.788][Build] env: {}
[15:05:49.788][Build] root: %WS1%/tex/test.tex
[15:05:49.789][Build] cwd: %WS1%/tex
[15:05:49.810][Build] LaTeX build process spawned with PID 6728.
[15:05:49.811][Cacher] Parsed LaTeX AST in 24.54 ms: %WS1%/tex/test.tex .
[15:05:49.812][File] kpsewhich cache hit on article.cls: /usr/share/texmf-dist/tex/latex/base/article.cls .
[15:05:49.812][Cacher] Updated elements in 0.58 ms: %WS1%/tex/test.tex .
[15:05:49.812][Event] FILE_PARSED: "%WS1%/tex/test.tex"
[15:05:49.813][Structure] Structure force updated with 1 root sections for %WS1%/tex/test.tex .
[15:05:49.813][Event] STRUCTURE_UPDATED
[15:05:49.989][Parser][TexLog] Logged 1 messages.
[15:05:49.990][Build] Recipe returns with error code 12/null on PID 6728.
[15:05:49.990][Build] Does the executable exist? $PATH: /usr/local/sbin:/usr/local/bin:/usr/bin:/usr/bin/site_perl:/usr/bin/vendor_perl:/usr/bin/core_perl:/opt/yay/bin:/opt/yay/bin, $Path: undefined, $SHELL: /usr/bin/zsh
[15:05:49.990][Build] Latexmk: Sometimes, the -f option can be used to get latexmk
  to try to force complete processing.
  But normally, you will need to correct the file(s) that caused the
  error, and then rerun latexmk.
  In some cases, it is best to clean out generated files before rerunning
  latexmk after you've corrected the files.

[15:05:49.990][Build] Cleaning auxiliary files and retrying build after toolchain error.
[15:05:49.991][Cleaner] Clean temporary files command The command is latexmk:["-outdir=%WS1%/tex","-c","%WS1%/tex/test.tex"].
[15:05:50.012][Build] Recipe step 1 The command is latexmk:["-synctex=1","-interaction=nonstopmode","-file-line-error","-pdf","-outdir=%WS1%/tex","%WS1%/tex/test"].
[15:05:50.013][Build] env: {}
[15:05:50.013][Build] root: %WS1%/tex/test.tex
[15:05:50.013][Build] cwd: %WS1%/tex
[15:05:50.036][Build] LaTeX build process spawned with PID 6731.
[15:05:50.083][Event] AUTO_CLEANED
[15:05:50.232][Parser][TexLog] Logged 1 messages.
[15:05:50.232][Build] Recipe returns with error code 12/null on PID 6731.
[15:05:50.232][Build] Does the executable exist? $PATH: /usr/local/sbin:/usr/local/bin:/usr/bin:/usr/bin/site_perl:/usr/bin/vendor_perl:/usr/bin/core_perl:/opt/yay/bin:/opt/yay/bin, $Path: undefined, $SHELL: /usr/bin/zsh
[15:05:50.232][Build] Latexmk: Sometimes, the -f option can be used to get latexmk
  to try to force complete processing.
  But normally, you will need to correct the file(s) that caused the
  error, and then rerun latexmk.
  In some cases, it is best to clean out generated files before rerunning
  latexmk after you've corrected the files.

[15:05:50.365][Cacher][Watcher] "change" emitted on file://%WS1%/tex/test.pdf after polling for 253 ms.
[15:05:50.365][Event] FILE_CHANGED: "file://%WS1%/tex/test.pdf"
[15:05:52.087][Extension] onDidSaveTextDocument triggered: file://%WS1%/tex/test.tex
[15:05:52.159][Cacher][Watcher] "change" emitted on file://%WS1%/tex/test.tex.
[15:05:52.160][Cacher] Caching %WS1%/tex/test.tex .
[15:05:52.160][Build] Auto build started detecting the change of a file: %WS1%/tex/test.tex .
[15:05:52.161][Event] AUTO_BUILD_INITIATED: {"type":"onFileChange","file":"%WS1%/tex/test.tex"}
[15:05:52.161][Build] The document of the active editor: file://%WS1%/tex/test.tex
[15:05:52.161][Build] The languageId of the document: latex
[15:05:52.161][Build] Building root file: %WS1%/tex/test.tex
[15:05:52.161][Build][Recipe] Build root file %WS1%/tex/test.tex
[15:05:52.161][Event] FILE_CHANGED: "file://%WS1%/tex/test.tex"
[15:05:52.163][Cacher] Updated inputs of %WS1%/tex/test.tex .
[15:05:52.163][Cacher] Parse LaTeX AST: %WS1%/tex/test.tex .
[15:05:52.164][Build][Recipe] Preparing to run recipe: latexmk.
[15:05:52.164][Build][Recipe] Prepared 1 tools.
[15:05:52.164][Build][Recipe] outDir: %WS1%/tex .
[15:05:52.165][Build] Recipe step 1 The command is latexmk:["-synctex=1","-interaction=nonstopmode","-file-line-error","-pdf","-outdir=%WS1%/tex","%WS1%/tex/test"].
[15:05:52.165][Build] env: {}
[15:05:52.165][Build] root: %WS1%/tex/test.tex
[15:05:52.165][Build] cwd: %WS1%/tex
[15:05:52.188][Build] LaTeX build process spawned with PID 6737.
[15:05:52.190][Cacher] Parsed LaTeX AST in 26.01 ms: %WS1%/tex/test.tex .
[15:05:52.190][File] kpsewhich cache hit on article.cls: /usr/share/texmf-dist/tex/latex/base/article.cls .
[15:05:52.191][Cacher] Updated elements in 1.07 ms: %WS1%/tex/test.tex .
[15:05:52.191][Event] FILE_PARSED: "%WS1%/tex/test.tex"
[15:05:52.192][Structure] Structure force updated with 1 root sections for %WS1%/tex/test.tex .
[15:05:52.192][Event] STRUCTURE_UPDATED
[15:05:52.371][Parser][TexLog] Logged 0 messages.
[15:05:52.372][Build] Finished a step in recipe with PID 6737.
[15:05:52.372][Build] Successfully built %WS1%/tex/test.tex .
[15:05:52.372][Event] BUILD_DONE
[15:05:52.372][Viewer] Call refreshExistingViewer: file://%WS1%/tex/test.pdf .
[15:05:52.372][Viewer] Refresh PDF viewer: file://%WS1%/tex/test.pdf
[15:05:52.379][Cacher] Parsing .fls %WS1%/tex/test.fls .
[15:05:52.384][Cacher] Found .aux %WS1%/tex/test.aux from .fls %WS1%/tex/test.fls , parsing.
[15:05:52.385][Cacher] Parsed .aux %WS1%/tex/test.aux .
[15:05:52.385][Cacher] Parsed .fls %WS1%/tex/test.fls .
[15:05:52.409][Server] Preview PDF file: file://%WS1%/tex/test.pdf
[15:05:52.454][Viewer] Handle data type: loaded
[15:05:52.454][Event] VIEWER_PAGE_LOADED
[15:05:52.751][Cacher][Watcher] "change" emitted on file://%WS1%/tex/test.pdf after polling for 254 ms.
[15:05:52.751][Event] FILE_CHANGED: "file://%WS1%/tex/test.pdf"
[15:05:59.186][Extension] onDidSaveTextDocument triggered: file://%WS1%/tex/test.tex
[15:05:59.256][Cacher][Watcher] "change" emitted on file://%WS1%/tex/test.tex.
[15:05:59.257][Cacher] Caching %WS1%/tex/test.tex .
[15:05:59.257][Build] Auto build started detecting the change of a file: %WS1%/tex/test.tex .
[15:05:59.257][Event] AUTO_BUILD_INITIATED: {"type":"onFileChange","file":"%WS1%/tex/test.tex"}
[15:05:59.257][Build] The document of the active editor: file://%WS1%/tex/test.tex
[15:05:59.258][Build] The languageId of the document: latex
[15:05:59.258][Build] Building root file: %WS1%/tex/test.tex
[15:05:59.258][Build][Recipe] Build root file %WS1%/tex/test.tex
[15:05:59.258][Event] FILE_CHANGED: "file://%WS1%/tex/test.tex"
[15:05:59.259][Cacher] Updated inputs of %WS1%/tex/test.tex .
[15:05:59.259][Cacher] Parse LaTeX AST: %WS1%/tex/test.tex .
[15:05:59.259][Build][Recipe] Preparing to run recipe: latexmk.
[15:05:59.259][Build][Recipe] Prepared 1 tools.
[15:05:59.260][Build][Recipe] outDir: %WS1%/tex .
[15:05:59.260][Build] Recipe step 1 The command is latexmk:["-synctex=1","-interaction=nonstopmode","-file-line-error","-pdf","-outdir=%WS1%/tex","%WS1%/tex/test"].
[15:05:59.260][Build] env: {}
[15:05:59.261][Build] root: %WS1%/tex/test.tex
[15:05:59.261][Build] cwd: %WS1%/tex
[15:05:59.283][Build] LaTeX build process spawned with PID 6744.
[15:05:59.284][Cacher] Parsed LaTeX AST in 25.27 ms: %WS1%/tex/test.tex .
[15:05:59.284][File] kpsewhich cache hit on article.cls: /usr/share/texmf-dist/tex/latex/base/article.cls .
[15:05:59.285][Cacher] Updated elements in 0.54 ms: %WS1%/tex/test.tex .
[15:05:59.285][Event] FILE_PARSED: "%WS1%/tex/test.tex"
[15:05:59.285][Structure] Structure force updated with 1 root sections for %WS1%/tex/test.tex .
[15:05:59.286][Event] STRUCTURE_UPDATED
[15:05:59.350][Build] Finished a step in recipe with PID 6744.
[15:05:59.350][Build] Successfully built %WS1%/tex/test.tex .
[15:05:59.350][Event] BUILD_DONE
[15:06:53.160][Extension] onDidSaveTextDocument triggered: file://%WS1%/tex/test.tex
[15:06:53.233][Cacher][Watcher] "change" emitted on file://%WS1%/tex/test.tex.
[15:06:53.233][Cacher] Caching %WS1%/tex/test.tex .
[15:06:53.233][Build] Auto build started detecting the change of a file: %WS1%/tex/test.tex .
[15:06:53.234][Event] AUTO_BUILD_INITIATED: {"type":"onFileChange","file":"%WS1%/tex/test.tex"}
[15:06:53.234][Build] The document of the active editor: file://%WS1%/tex/test.tex
[15:06:53.234][Build] The languageId of the document: latex
[15:06:53.234][Build] Building root file: %WS1%/tex/test.tex
[15:06:53.234][Build][Recipe] Build root file %WS1%/tex/test.tex
[15:06:53.234][Event] FILE_CHANGED: "file://%WS1%/tex/test.tex"
[15:06:53.235][Cacher] Updated inputs of %WS1%/tex/test.tex .
[15:06:53.235][Cacher] Parse LaTeX AST: %WS1%/tex/test.tex .
[15:06:53.236][Build][Recipe] Preparing to run recipe: latexmk.
[15:06:53.236][Build][Recipe] Prepared 1 tools.
[15:06:53.237][Build][Recipe] outDir: %WS1%/tex .
[15:06:53.237][Build] Recipe step 1 The command is latexmk:["-synctex=1","-interaction=nonstopmode","-file-line-error","-pdf","-outdir=%WS1%/tex","%WS1%/tex/test"].
[15:06:53.237][Build] env: {}
[15:06:53.238][Build] root: %WS1%/tex/test.tex
[15:06:53.238][Build] cwd: %WS1%/tex
[15:06:53.256][Build] LaTeX build process spawned with PID 6757.
[15:06:53.258][Cacher] Parsed LaTeX AST in 22.43 ms: %WS1%/tex/test.tex .
[15:06:53.258][File] kpsewhich cache hit on article.cls: /usr/share/texmf-dist/tex/latex/base/article.cls .
[15:06:53.258][Cacher] Updated elements in 0.48 ms: %WS1%/tex/test.tex .
[15:06:53.259][Event] FILE_PARSED: "%WS1%/tex/test.tex"
[15:06:53.259][Structure] Structure force updated with 1 root sections for %WS1%/tex/test.tex .
[15:06:53.259][Event] STRUCTURE_UPDATED
[15:06:53.531][Parser][TexLog] Logged 0 messages.
[15:06:53.531][Build] Finished a step in recipe with PID 6757.
[15:06:53.531][Build] Successfully built %WS1%/tex/test.tex .
[15:06:53.531][Event] BUILD_DONE
[15:06:53.531][Viewer] Call refreshExistingViewer: file://%WS1%/tex/test.pdf .
[15:06:53.531][Viewer] Refresh PDF viewer: file://%WS1%/tex/test.pdf
[15:06:53.532][Cacher] Parsing .fls %WS1%/tex/test.fls .
[15:06:53.535][Cacher] Found .aux %WS1%/tex/test.aux from .fls %WS1%/tex/test.fls , parsing.
[15:06:53.536][Cacher] Parsed .aux %WS1%/tex/test.aux .
[15:06:53.536][Cacher] Parsed .fls %WS1%/tex/test.fls .
[15:06:53.552][Server] Preview PDF file: file://%WS1%/tex/test.pdf
[15:06:53.588][Viewer] Handle data type: loaded
[15:06:53.588][Event] VIEWER_PAGE_LOADED
[15:06:53.814][Cacher][Watcher] "change" emitted on file://%WS1%/tex/test.pdf after polling for 253 ms.
[15:06:53.814][Event] FILE_CHANGED: "file://%WS1%/tex/test.pdf"
[15:07:01.137][Extension] onDidSaveTextDocument triggered: file://%WS1%/tex/test.tex
[15:07:01.210][Cacher][Watcher] "change" emitted on file://%WS1%/tex/test.tex.
[15:07:01.211][Cacher] Caching %WS1%/tex/test.tex .
[15:07:01.211][Build] Auto build started detecting the change of a file: %WS1%/tex/test.tex .
[15:07:01.211][Event] AUTO_BUILD_INITIATED: {"type":"onFileChange","file":"%WS1%/tex/test.tex"}
[15:07:01.212][Build] The document of the active editor: file://%WS1%/tex/test.tex
[15:07:01.212][Build] The languageId of the document: latex
[15:07:01.212][Build] Building root file: %WS1%/tex/test.tex
[15:07:01.212][Build][Recipe] Build root file %WS1%/tex/test.tex
[15:07:01.212][Event] FILE_CHANGED: "file://%WS1%/tex/test.tex"
[15:07:01.214][Cacher] Updated inputs of %WS1%/tex/test.tex .
[15:07:01.214][Cacher] Parse LaTeX AST: %WS1%/tex/test.tex .
[15:07:01.215][Build][Recipe] Preparing to run recipe: latexmk.
[15:07:01.215][Build][Recipe] Prepared 1 tools.
[15:07:01.215][Build][Recipe] outDir: %WS1%/tex .
[15:07:01.216][Build] Recipe step 1 The command is latexmk:["-synctex=1","-interaction=nonstopmode","-file-line-error","-pdf","-outdir=%WS1%/tex","%WS1%/tex/test"].
[15:07:01.216][Build] env: {}
[15:07:01.216][Build] root: %WS1%/tex/test.tex
[15:07:01.217][Build] cwd: %WS1%/tex
[15:07:01.241][Build] LaTeX build process spawned with PID 6764.
[15:07:01.243][Cacher] Parsed LaTeX AST in 28.86 ms: %WS1%/tex/test.tex .
[15:07:01.243][File] kpsewhich cache hit on article.cls: /usr/share/texmf-dist/tex/latex/base/article.cls .
[15:07:01.245][Cacher] Updated elements in 1.12 ms: %WS1%/tex/test.tex .
[15:07:01.245][Event] FILE_PARSED: "%WS1%/tex/test.tex"
[15:07:01.245][Structure] Structure force updated with 2 root sections for %WS1%/tex/test.tex .
[15:07:01.245][Event] STRUCTURE_UPDATED
[15:07:01.425][Parser][TexLog] Logged 0 messages.
[15:07:01.426][Build] Finished a step in recipe with PID 6764.
[15:07:01.426][Build] Successfully built %WS1%/tex/test.tex .
[15:07:01.427][Event] BUILD_DONE
[15:07:01.427][Viewer] Call refreshExistingViewer: file://%WS1%/tex/test.pdf .
[15:07:01.427][Viewer] Refresh PDF viewer: file://%WS1%/tex/test.pdf
[15:07:01.428][Cacher] Parsing .fls %WS1%/tex/test.fls .
[15:07:01.432][Cacher] Found .aux %WS1%/tex/test.aux from .fls %WS1%/tex/test.fls , parsing.
[15:07:01.433][Cacher] Parsed .aux %WS1%/tex/test.aux .
[15:07:01.433][Cacher] Parsed .fls %WS1%/tex/test.fls .
[15:07:01.454][Server] Preview PDF file: file://%WS1%/tex/test.pdf
[15:07:01.483][Viewer] Handle data type: loaded
[15:07:01.484][Event] VIEWER_PAGE_LOADED
[15:07:01.803][Cacher][Watcher] "change" emitted on file://%WS1%/tex/test.pdf after polling for 254 ms.
[15:07:01.803][Event] FILE_CHANGED: "file://%WS1%/tex/test.pdf"
