2025-02-25 17:00:04.328 [info] Configuration changed
2025-02-25 17:00:09.915 [info] /home/miesho/Sync/University/MAGISTER_BUDOWLANY/tex/test.tex closed
2025-02-25 17:00:17.353 [info] extension-output-James-Yu.latex-workshop-#1-LaTeX Workshop closed
2025-02-25 17:00:21.999 [info] Active editor: file:///home/miesho/Sync/University/MAGISTER_BUDOWLANY/tex/test.tex
2025-02-25 17:00:23.552 [info] /home/miesho/Sync/University/MAGISTER_BUDOWLANY/tex/test.tex closed
2025-02-25 17:00:32.652 [info] Active editor: file:///home/miesho/Sync/University/MAGISTER_BUDOWLANY/tex/test.tex
2025-02-25 17:00:40.735 [info] Active editor: file:///home/miesho/Sync/University/MAGISTER_BUDOWLANY/tex/test.tex
2025-02-25 17:00:56.320 [info] Active editor: file:///home/miesho/Sync/University/MAGISTER_BUDOWLANY/tex/test.tex
2025-02-25 17:01:14.971 [info] Active editor: file:///home/miesho/Sync/University/MAGISTER_BUDOWLANY/tex/test.tex
2025-02-25 17:02:49.427 [info] Executing :w
2025-02-25 17:02:57.376 [info] Active editor: file:///home/miesho/Sync/University/MAGISTER_BUDOWLANY/tex/test.tex
2025-02-25 17:03:02.617 [info] Executing :w
2025-02-25 17:03:03.861 [info] Executing :w
2025-02-25 17:03:04.781 [info] Executing :w
2025-02-25 17:07:34.642 [info] Active editor: file:///home/miesho/Sync/University/MAGISTER_BUDOWLANY/tex/test.tex
2025-02-25 17:07:46.975 [info] /home/miesho/.config/Code/User/settings.json closed
2025-02-25 17:07:46.980 [info] Configuration changed
2025-02-25 17:08:26.905 [info] /home/miesho/.config/Code/User/settings.json closed
2025-02-25 17:08:26.924 [info] Configuration changed
2025-02-25 17:08:30.381 [info] Active editor: file:///home/miesho/Sync/University/MAGISTER_BUDOWLANY/tex/test.tex
2025-02-25 17:08:43.388 [info] Active editor: file:///home/miesho/Sync/University/MAGISTER_BUDOWLANY/tex/test.tex
2025-02-25 17:08:57.742 [info] Active editor: file:///home/miesho/Sync/University/MAGISTER_BUDOWLANY/tex/test.tex
2025-02-25 17:09:03.484 [info] /home/miesho/.config/Code/User/settings.json closed
2025-02-25 17:09:03.505 [info] Configuration changed
2025-02-25 17:09:05.229 [info] Active editor: file:///home/miesho/Sync/University/MAGISTER_BUDOWLANY/tex/test.tex
2025-02-25 17:09:30.146 [info] Active editor: vscode://defaultsettings/defaultSettings.json
2025-02-25 17:09:41.738 [info] Active editor: vscode-userdata:/home/miesho/.config/Code/User/settings.json
2025-02-25 17:10:09.577 [info] Executing :w
2025-02-25 17:10:09.845 [info] Configuration changed
2025-02-25 17:10:11.605 [info] Active editor: file:///home/miesho/Sync/University/MAGISTER_BUDOWLANY/tex/test.tex
2025-02-25 17:10:13.867 [info] Active editor: vscode://defaultsettings/defaultSettings.json
2025-02-25 17:10:16.331 [info] Active editor: file:///home/miesho/Sync/University/MAGISTER_BUDOWLANY/tex/test.tex
2025-02-25 17:10:19.619 [info] Active editor: vscode://defaultsettings/defaultSettings.json
2025-02-25 17:10:21.050 [info] Active editor: vscode-userdata:/home/miesho/.config/Code/User/settings.json
2025-02-25 17:10:37.683 [info] Executing :w
2025-02-25 17:10:37.943 [info] Configuration changed
2025-02-25 17:10:41.792 [info] Executing :w
2025-02-25 17:10:46.208 [info] Executing :w
2025-02-25 17:10:46.471 [info] Configuration changed
2025-02-25 17:10:47.429 [info] Executing :w
2025-02-25 17:10:49.324 [info] Active editor: file:///home/miesho/Sync/University/MAGISTER_BUDOWLANY/tex/test.tex
2025-02-25 17:10:57.594 [info] Active editor: vscode://defaultsettings/defaultSettings.json
2025-02-25 17:10:59.497 [info] Active editor: vscode-userdata:/home/miesho/.config/Code/User/settings.json
2025-02-25 17:11:05.207 [info] Executing :w
2025-02-25 17:11:09.212 [info] /defaultSettings.json closed
2025-02-25 17:11:10.149 [info] Active editor: file:///home/miesho/Sync/University/MAGISTER_BUDOWLANY/tex/test.tex
2025-02-25 17:11:22.447 [info] Executing :w
2025-02-25 17:11:24.483 [info] Executing :w
2025-02-25 17:11:29.494 [info] Executing :w
2025-02-25 17:11:30.905 [info] Executing :w
2025-02-25 17:11:38.974 [info] Active editor: vscode-userdata:/home/miesho/.config/Code/User/settings.json
2025-02-25 17:11:40.115 [info] Active editor: file:///home/miesho/Sync/University/MAGISTER_BUDOWLANY/tex/test.tex
2025-02-25 17:11:49.041 [info] Executing :w
2025-02-25 17:11:52.133 [info] Executing :w
2025-02-25 17:12:07.961 [info] Executing :w
2025-02-25 17:12:09.112 [info] Executing :w
2025-02-25 17:12:41.838 [info] /schema.json closed
