2025-02-25 22:12:59.607 [info] [main] Log level: Info
2025-02-25 22:12:59.607 [info] [main] Validating found git in: "git"
2025-02-25 22:12:59.607 [info] [main] Using git "2.48.1" from "git"
2025-02-25 22:12:59.607 [info] [Model][doInitialScan] Initial repository scan started
2025-02-25 22:12:59.607 [info] > git rev-parse --show-toplevel [5ms]
2025-02-25 22:12:59.607 [info] > git rev-parse --git-dir --git-common-dir [350ms]
2025-02-25 22:12:59.607 [info] [Model][openRepository] Opened repository: /home/miesho/Sync/University/magia_czwartego_kregu_wody
2025-02-25 22:12:59.611 [info] > git rev-parse --show-toplevel [11ms]
2025-02-25 22:12:59.611 [info] > git config --get commit.template [24ms]
2025-02-25 22:12:59.645 [info] [Git][getRemotes] No remotes found in the git config file
2025-02-25 22:12:59.668 [info] > git for-each-ref --format=%(refname)%00%(upstream:short)%00%(objectname)%00%(upstream:track)%00%(upstream:remotename)%00%(upstream:remoteref) refs/heads/master refs/remotes/master [23ms]
2025-02-25 22:12:59.668 [warning] [Git][getBranch] No such branch: master
2025-02-25 22:12:59.697 [info] > git rev-parse --show-toplevel [68ms]
2025-02-25 22:12:59.748 [info] > git status -z -uall [67ms]
2025-02-25 22:12:59.748 [info] > git for-each-ref --sort -committerdate --format %(refname) %(objectname) %(*objectname) [52ms]
2025-02-25 22:12:59.785 [info] > git for-each-ref --format=%(refname)%00%(upstream:short)%00%(objectname)%00%(upstream:track)%00%(upstream:remotename)%00%(upstream:remoteref) refs/heads/master refs/remotes/master [19ms]
2025-02-25 22:12:59.785 [warning] [Git][getBranch] No such branch: master
2025-02-25 22:12:59.785 [error] [GitHistoryProvider][resolveHEADMergeBase] Failed to resolve merge base for master: Error: No such branch: master.
2025-02-25 22:12:59.786 [info] > git rev-parse --show-toplevel [40ms]
2025-02-25 22:12:59.812 [info] > git config --get commit.template [30ms]
2025-02-25 22:12:59.815 [info] > git rev-parse --show-toplevel [4ms]
2025-02-25 22:12:59.829 [info] [Git][getRemotes] No remotes found in the git config file
2025-02-25 22:12:59.848 [info] > git for-each-ref --format=%(refname)%00%(upstream:short)%00%(objectname)%00%(upstream:track)%00%(upstream:remotename)%00%(upstream:remoteref) refs/heads/master refs/remotes/master [19ms]
2025-02-25 22:12:59.848 [warning] [Git][getBranch] No such branch: master
2025-02-25 22:12:59.887 [info] > git status -z -uall [24ms]
2025-02-25 22:12:59.887 [info] > git for-each-ref --sort -committerdate --format %(refname) %(objectname) %(*objectname) [11ms]
2025-02-25 22:12:59.888 [info] > git rev-parse --show-toplevel [44ms]
2025-02-25 22:12:59.890 [info] [Model][doInitialScan] Initial repository scan completed - repositories (1), closed repositories (0), parent repositories (0), unsafe repositories (0)
2025-02-25 22:12:59.932 [info] > git config --get commit.template [3ms]
2025-02-25 22:12:59.966 [info] [Git][getRemotes] No remotes found in the git config file
2025-02-25 22:12:59.967 [info] > git for-each-ref --format=%(refname)%00%(upstream:short)%00%(objectname)%00%(upstream:track)%00%(upstream:remotename)%00%(upstream:remoteref) refs/heads/master refs/remotes/master [2ms]
2025-02-25 22:12:59.967 [warning] [Git][getBranch] No such branch: master
2025-02-25 22:13:00.004 [info] > git status -z -uall [22ms]
2025-02-25 22:13:00.004 [info] > git for-each-ref --sort -committerdate --format %(refname) %(objectname) %(*objectname) [7ms]
2025-02-25 22:13:00.864 [info] > git check-ignore -v -z --stdin [25ms]
2025-02-25 22:13:36.026 [info] [Git][getRemotes] No remotes found in the git config file
2025-02-25 22:13:36.027 [info] > git config --get commit.template [22ms]
2025-02-25 22:13:36.027 [info] > git for-each-ref --format=%(refname)%00%(upstream:short)%00%(objectname)%00%(upstream:track)%00%(upstream:remotename)%00%(upstream:remoteref) refs/heads/master refs/remotes/master [1ms]
2025-02-25 22:13:36.027 [warning] [Git][getBranch] No such branch: master
2025-02-25 22:13:36.068 [info] > git status -z -uall [20ms]
2025-02-25 22:13:36.069 [info] > git for-each-ref --sort -committerdate --format %(refname) %(objectname) %(*objectname) [2ms]
2025-02-25 22:14:01.586 [info] [Git][getRemotes] No remotes found in the git config file
2025-02-25 22:14:01.587 [info] > git config --get commit.template [16ms]
2025-02-25 22:14:01.587 [info] > git for-each-ref --format=%(refname)%00%(upstream:short)%00%(objectname)%00%(upstream:track)%00%(upstream:remotename)%00%(upstream:remoteref) refs/heads/master refs/remotes/master [1ms]
2025-02-25 22:14:01.587 [warning] [Git][getBranch] No such branch: master
2025-02-25 22:14:01.616 [info] > git status -z -uall [15ms]
2025-02-25 22:14:01.617 [info] > git for-each-ref --sort -committerdate --format %(refname) %(objectname) %(*objectname) [2ms]
2025-02-25 22:14:32.132 [info] > git config --get commit.template [2ms]
2025-02-25 22:14:32.149 [info] [Git][getRemotes] No remotes found in the git config file
2025-02-25 22:14:32.150 [info] > git for-each-ref --format=%(refname)%00%(upstream:short)%00%(objectname)%00%(upstream:track)%00%(upstream:remotename)%00%(upstream:remoteref) refs/heads/master refs/remotes/master [1ms]
2025-02-25 22:14:32.150 [warning] [Git][getBranch] No such branch: master
2025-02-25 22:14:32.178 [info] > git status -z -uall [15ms]
2025-02-25 22:14:32.178 [info] > git for-each-ref --sort -committerdate --format %(refname) %(objectname) %(*objectname) [1ms]
2025-02-25 22:15:00.104 [info] [Git][getRemotes] No remotes found in the git config file
2025-02-25 22:15:00.117 [info] > git config --get commit.template [14ms]
2025-02-25 22:15:00.118 [info] > git for-each-ref --format=%(refname)%00%(upstream:short)%00%(objectname)%00%(upstream:track)%00%(upstream:remotename)%00%(upstream:remoteref) refs/heads/master refs/remotes/master [1ms]
2025-02-25 22:15:00.118 [warning] [Git][getBranch] No such branch: master
2025-02-25 22:15:00.146 [info] > git status -z -uall [15ms]
2025-02-25 22:15:00.147 [info] > git for-each-ref --sort -committerdate --format %(refname) %(objectname) %(*objectname) [2ms]
2025-02-25 22:15:52.062 [info] > git config --get commit.template [2ms]
2025-02-25 22:15:52.062 [info] [Git][getRemotes] No remotes found in the git config file
2025-02-25 22:15:52.078 [info] > git for-each-ref --format=%(refname)%00%(upstream:short)%00%(objectname)%00%(upstream:track)%00%(upstream:remotename)%00%(upstream:remoteref) refs/heads/master refs/remotes/master [1ms]
2025-02-25 22:15:52.078 [warning] [Git][getBranch] No such branch: master
2025-02-25 22:15:52.106 [info] > git status -z -uall [14ms]
2025-02-25 22:15:52.107 [info] > git for-each-ref --sort -committerdate --format %(refname) %(objectname) %(*objectname) [1ms]
2025-02-25 22:16:18.391 [info] [Git][getRemotes] No remotes found in the git config file
2025-02-25 22:16:18.391 [info] > git config --get commit.template [14ms]
2025-02-25 22:16:18.392 [info] > git for-each-ref --format=%(refname)%00%(upstream:short)%00%(objectname)%00%(upstream:track)%00%(upstream:remotename)%00%(upstream:remoteref) refs/heads/master refs/remotes/master [1ms]
2025-02-25 22:16:18.392 [warning] [Git][getBranch] No such branch: master
2025-02-25 22:16:18.421 [info] > git status -z -uall [15ms]
2025-02-25 22:16:18.422 [info] > git for-each-ref --sort -committerdate --format %(refname) %(objectname) %(*objectname) [1ms]
2025-02-25 22:21:22.438 [info] [Git][getRemotes] No remotes found in the git config file
2025-02-25 22:21:22.439 [info] > git config --get commit.template [16ms]
2025-02-25 22:21:22.440 [info] > git for-each-ref --format=%(refname)%00%(upstream:short)%00%(objectname)%00%(upstream:track)%00%(upstream:remotename)%00%(upstream:remoteref) refs/heads/master refs/remotes/master [2ms]
2025-02-25 22:21:22.440 [warning] [Git][getBranch] No such branch: master
2025-02-25 22:21:22.469 [info] > git status -z -uall [16ms]
2025-02-25 22:21:22.470 [info] > git for-each-ref --sort -committerdate --format %(refname) %(objectname) %(*objectname) [2ms]
2025-02-25 22:21:32.921 [info] > git config --get commit.template [1ms]
2025-02-25 22:21:32.941 [info] [Git][getRemotes] No remotes found in the git config file
2025-02-25 22:21:32.941 [info] > git for-each-ref --format=%(refname)%00%(upstream:short)%00%(objectname)%00%(upstream:track)%00%(upstream:remotename)%00%(upstream:remoteref) refs/heads/master refs/remotes/master [1ms]
2025-02-25 22:21:32.942 [warning] [Git][getBranch] No such branch: master
2025-02-25 22:21:32.972 [info] > git status -z -uall [15ms]
2025-02-25 22:21:32.973 [info] > git for-each-ref --sort -committerdate --format %(refname) %(objectname) %(*objectname) [1ms]
2025-02-25 22:21:55.292 [info] [Git][getRemotes] No remotes found in the git config file
2025-02-25 22:21:55.293 [info] > git config --get commit.template [16ms]
2025-02-25 22:21:55.293 [info] > git for-each-ref --format=%(refname)%00%(upstream:short)%00%(objectname)%00%(upstream:track)%00%(upstream:remotename)%00%(upstream:remoteref) refs/heads/master refs/remotes/master [1ms]
2025-02-25 22:21:55.293 [warning] [Git][getBranch] No such branch: master
2025-02-25 22:21:55.330 [info] > git status -z -uall [23ms]
2025-02-25 22:21:55.331 [info] > git for-each-ref --sort -committerdate --format %(refname) %(objectname) %(*objectname) [2ms]
2025-02-25 22:22:00.371 [info] [Git][getRemotes] No remotes found in the git config file
2025-02-25 22:22:00.371 [info] > git config --get commit.template [16ms]
2025-02-25 22:22:00.372 [info] > git for-each-ref --format=%(refname)%00%(upstream:short)%00%(objectname)%00%(upstream:track)%00%(upstream:remotename)%00%(upstream:remoteref) refs/heads/master refs/remotes/master [1ms]
2025-02-25 22:22:00.372 [warning] [Git][getBranch] No such branch: master
2025-02-25 22:22:00.402 [info] > git status -z -uall [16ms]
2025-02-25 22:22:00.402 [info] > git for-each-ref --sort -committerdate --format %(refname) %(objectname) %(*objectname) [1ms]
2025-02-25 22:22:13.265 [info] [Git][getRemotes] No remotes found in the git config file
2025-02-25 22:22:13.285 [info] > git config --get commit.template [21ms]
2025-02-25 22:22:13.285 [info] > git for-each-ref --format=%(refname)%00%(upstream:short)%00%(objectname)%00%(upstream:track)%00%(upstream:remotename)%00%(upstream:remoteref) refs/heads/master refs/remotes/master [1ms]
2025-02-25 22:22:13.285 [warning] [Git][getBranch] No such branch: master
2025-02-25 22:22:13.324 [info] > git status -z -uall [20ms]
2025-02-25 22:22:13.326 [info] > git for-each-ref --sort -committerdate --format %(refname) %(objectname) %(*objectname) [3ms]
2025-02-25 22:22:25.299 [info] > git config --get commit.template [2ms]
2025-02-25 22:22:25.316 [info] [Git][getRemotes] No remotes found in the git config file
2025-02-25 22:22:25.317 [info] > git for-each-ref --format=%(refname)%00%(upstream:short)%00%(objectname)%00%(upstream:track)%00%(upstream:remotename)%00%(upstream:remoteref) refs/heads/master refs/remotes/master [1ms]
2025-02-25 22:22:25.318 [warning] [Git][getBranch] No such branch: master
2025-02-25 22:22:25.351 [info] > git status -z -uall [16ms]
2025-02-25 22:22:25.352 [info] > git for-each-ref --sort -committerdate --format %(refname) %(objectname) %(*objectname) [2ms]
2025-02-25 22:22:30.375 [info] > git config --get commit.template [2ms]
2025-02-25 22:22:30.375 [info] [Git][getRemotes] No remotes found in the git config file
2025-02-25 22:22:30.393 [info] > git for-each-ref --format=%(refname)%00%(upstream:short)%00%(objectname)%00%(upstream:track)%00%(upstream:remotename)%00%(upstream:remoteref) refs/heads/master refs/remotes/master [1ms]
2025-02-25 22:22:30.394 [warning] [Git][getBranch] No such branch: master
2025-02-25 22:22:30.426 [info] > git status -z -uall [15ms]
2025-02-25 22:22:30.426 [info] > git for-each-ref --sort -committerdate --format %(refname) %(objectname) %(*objectname) [1ms]
2025-02-25 22:22:59.145 [info] > git config --get commit.template [2ms]
2025-02-25 22:22:59.159 [info] [Git][getRemotes] No remotes found in the git config file
2025-02-25 22:22:59.160 [info] > git for-each-ref --format=%(refname)%00%(upstream:short)%00%(objectname)%00%(upstream:track)%00%(upstream:remotename)%00%(upstream:remoteref) refs/heads/master refs/remotes/master [1ms]
2025-02-25 22:22:59.160 [warning] [Git][getBranch] No such branch: master
2025-02-25 22:22:59.188 [info] > git status -z -uall [15ms]
2025-02-25 22:22:59.190 [info] > git for-each-ref --sort -committerdate --format %(refname) %(objectname) %(*objectname) [2ms]
2025-02-25 22:23:10.975 [info] > git config --get commit.template [18ms]
2025-02-25 22:23:10.998 [info] [Git][getRemotes] No remotes found in the git config file
2025-02-25 22:23:10.999 [info] > git for-each-ref --format=%(refname)%00%(upstream:short)%00%(objectname)%00%(upstream:track)%00%(upstream:remotename)%00%(upstream:remoteref) refs/heads/master refs/remotes/master [1ms]
2025-02-25 22:23:10.999 [warning] [Git][getBranch] No such branch: master
2025-02-25 22:23:11.032 [info] > git status -z -uall [16ms]
2025-02-25 22:23:11.033 [info] > git for-each-ref --sort -committerdate --format %(refname) %(objectname) %(*objectname) [1ms]
2025-02-25 22:23:16.070 [info] [Git][getRemotes] No remotes found in the git config file
2025-02-25 22:23:16.070 [info] > git config --get commit.template [15ms]
2025-02-25 22:23:16.071 [info] > git for-each-ref --format=%(refname)%00%(upstream:short)%00%(objectname)%00%(upstream:track)%00%(upstream:remotename)%00%(upstream:remoteref) refs/heads/master refs/remotes/master [1ms]
2025-02-25 22:23:16.071 [warning] [Git][getBranch] No such branch: master
2025-02-25 22:23:16.099 [info] > git status -z -uall [15ms]
2025-02-25 22:23:16.100 [info] > git for-each-ref --sort -committerdate --format %(refname) %(objectname) %(*objectname) [1ms]
2025-02-25 22:23:24.722 [info] > git config --get commit.template [3ms]
2025-02-25 22:23:24.746 [info] [Git][getRemotes] No remotes found in the git config file
2025-02-25 22:23:24.747 [info] > git for-each-ref --format=%(refname)%00%(upstream:short)%00%(objectname)%00%(upstream:track)%00%(upstream:remotename)%00%(upstream:remoteref) refs/heads/master refs/remotes/master [2ms]
2025-02-25 22:23:24.747 [warning] [Git][getBranch] No such branch: master
2025-02-25 22:23:24.784 [info] > git status -z -uall [19ms]
2025-02-25 22:23:24.784 [info] > git for-each-ref --sort -committerdate --format %(refname) %(objectname) %(*objectname) [1ms]
2025-02-25 22:23:32.125 [info] [Git][getRemotes] No remotes found in the git config file
2025-02-25 22:23:32.126 [info] > git config --get commit.template [19ms]
2025-02-25 22:23:32.126 [info] > git for-each-ref --format=%(refname)%00%(upstream:short)%00%(objectname)%00%(upstream:track)%00%(upstream:remotename)%00%(upstream:remoteref) refs/heads/master refs/remotes/master [1ms]
2025-02-25 22:23:32.126 [warning] [Git][getBranch] No such branch: master
2025-02-25 22:23:32.161 [info] > git status -z -uall [17ms]
2025-02-25 22:23:32.162 [info] > git for-each-ref --sort -committerdate --format %(refname) %(objectname) %(*objectname) [1ms]
2025-02-25 22:23:40.344 [info] [Git][getRemotes] No remotes found in the git config file
2025-02-25 22:23:40.344 [info] > git config --get commit.template [16ms]
2025-02-25 22:23:40.345 [info] > git for-each-ref --format=%(refname)%00%(upstream:short)%00%(objectname)%00%(upstream:track)%00%(upstream:remotename)%00%(upstream:remoteref) refs/heads/master refs/remotes/master [1ms]
2025-02-25 22:23:40.345 [warning] [Git][getBranch] No such branch: master
2025-02-25 22:23:40.377 [info] > git status -z -uall [16ms]
2025-02-25 22:23:40.377 [info] > git for-each-ref --sort -committerdate --format %(refname) %(objectname) %(*objectname) [2ms]
2025-02-25 22:23:59.332 [info] [Git][getRemotes] No remotes found in the git config file
2025-02-25 22:23:59.347 [info] > git config --get commit.template [15ms]
2025-02-25 22:23:59.347 [info] > git for-each-ref --format=%(refname)%00%(upstream:short)%00%(objectname)%00%(upstream:track)%00%(upstream:remotename)%00%(upstream:remoteref) refs/heads/master refs/remotes/master [1ms]
2025-02-25 22:23:59.347 [warning] [Git][getBranch] No such branch: master
2025-02-25 22:23:59.377 [info] > git status -z -uall [15ms]
2025-02-25 22:23:59.377 [info] > git for-each-ref --sort -committerdate --format %(refname) %(objectname) %(*objectname) [1ms]
2025-02-25 22:24:10.156 [info] [Git][getRemotes] No remotes found in the git config file
2025-02-25 22:24:10.156 [info] > git config --get commit.template [16ms]
2025-02-25 22:24:10.157 [info] > git for-each-ref --format=%(refname)%00%(upstream:short)%00%(objectname)%00%(upstream:track)%00%(upstream:remotename)%00%(upstream:remoteref) refs/heads/master refs/remotes/master [1ms]
2025-02-25 22:24:10.157 [warning] [Git][getBranch] No such branch: master
2025-02-25 22:24:10.188 [info] > git status -z -uall [16ms]
2025-02-25 22:24:10.189 [info] > git for-each-ref --sort -committerdate --format %(refname) %(objectname) %(*objectname) [2ms]
2025-02-25 22:24:15.221 [info] [Git][getRemotes] No remotes found in the git config file
2025-02-25 22:24:15.222 [info] > git config --get commit.template [17ms]
2025-02-25 22:24:15.222 [info] > git for-each-ref --format=%(refname)%00%(upstream:short)%00%(objectname)%00%(upstream:track)%00%(upstream:remotename)%00%(upstream:remoteref) refs/heads/master refs/remotes/master [1ms]
2025-02-25 22:24:15.222 [warning] [Git][getBranch] No such branch: master
2025-02-25 22:24:15.252 [info] > git status -z -uall [15ms]
2025-02-25 22:24:15.253 [info] > git for-each-ref --sort -committerdate --format %(refname) %(objectname) %(*objectname) [1ms]
2025-02-25 22:24:35.402 [info] [Git][getRemotes] No remotes found in the git config file
2025-02-25 22:24:35.403 [info] > git config --get commit.template [15ms]
2025-02-25 22:24:35.403 [info] > git for-each-ref --format=%(refname)%00%(upstream:short)%00%(objectname)%00%(upstream:track)%00%(upstream:remotename)%00%(upstream:remoteref) refs/heads/master refs/remotes/master [1ms]
2025-02-25 22:24:35.403 [warning] [Git][getBranch] No such branch: master
2025-02-25 22:24:35.437 [info] > git status -z -uall [18ms]
2025-02-25 22:24:35.438 [info] > git for-each-ref --sort -committerdate --format %(refname) %(objectname) %(*objectname) [2ms]
2025-02-25 22:24:41.930 [info] [Git][getRemotes] No remotes found in the git config file
2025-02-25 22:24:41.930 [info] > git config --get commit.template [15ms]
2025-02-25 22:24:41.931 [info] > git for-each-ref --format=%(refname)%00%(upstream:short)%00%(objectname)%00%(upstream:track)%00%(upstream:remotename)%00%(upstream:remoteref) refs/heads/master refs/remotes/master [1ms]
2025-02-25 22:24:41.931 [warning] [Git][getBranch] No such branch: master
2025-02-25 22:24:41.961 [info] > git status -z -uall [16ms]
2025-02-25 22:24:41.962 [info] > git for-each-ref --sort -committerdate --format %(refname) %(objectname) %(*objectname) [2ms]
2025-02-25 22:24:46.991 [info] > git config --get commit.template [4ms]
2025-02-25 22:24:47.014 [info] [Git][getRemotes] No remotes found in the git config file
2025-02-25 22:24:47.015 [info] > git for-each-ref --format=%(refname)%00%(upstream:short)%00%(objectname)%00%(upstream:track)%00%(upstream:remotename)%00%(upstream:remoteref) refs/heads/master refs/remotes/master [1ms]
2025-02-25 22:24:47.015 [warning] [Git][getBranch] No such branch: master
2025-02-25 22:24:47.060 [info] > git status -z -uall [22ms]
2025-02-25 22:24:47.060 [info] > git for-each-ref --sort -committerdate --format %(refname) %(objectname) %(*objectname) [1ms]
2025-02-25 22:24:52.097 [info] [Git][getRemotes] No remotes found in the git config file
2025-02-25 22:24:52.097 [info] > git config --get commit.template [15ms]
2025-02-25 22:24:52.098 [info] > git for-each-ref --format=%(refname)%00%(upstream:short)%00%(objectname)%00%(upstream:track)%00%(upstream:remotename)%00%(upstream:remoteref) refs/heads/master refs/remotes/master [1ms]
2025-02-25 22:24:52.098 [warning] [Git][getBranch] No such branch: master
2025-02-25 22:24:52.127 [info] > git status -z -uall [15ms]
2025-02-25 22:24:52.128 [info] > git for-each-ref --sort -committerdate --format %(refname) %(objectname) %(*objectname) [1ms]
2025-02-25 22:24:59.636 [info] [Git][getRemotes] No remotes found in the git config file
2025-02-25 22:24:59.636 [info] > git config --get commit.template [21ms]
2025-02-25 22:24:59.637 [info] > git for-each-ref --format=%(refname)%00%(upstream:short)%00%(objectname)%00%(upstream:track)%00%(upstream:remotename)%00%(upstream:remoteref) refs/heads/master refs/remotes/master [1ms]
2025-02-25 22:24:59.637 [warning] [Git][getBranch] No such branch: master
2025-02-25 22:24:59.682 [info] > git status -z -uall [25ms]
2025-02-25 22:24:59.683 [info] > git for-each-ref --sort -committerdate --format %(refname) %(objectname) %(*objectname) [1ms]
2025-02-25 22:25:21.798 [info] [Git][getRemotes] No remotes found in the git config file
2025-02-25 22:25:21.814 [info] > git config --get commit.template [17ms]
2025-02-25 22:25:21.814 [info] > git for-each-ref --format=%(refname)%00%(upstream:short)%00%(objectname)%00%(upstream:track)%00%(upstream:remotename)%00%(upstream:remoteref) refs/heads/master refs/remotes/master [1ms]
2025-02-25 22:25:21.814 [warning] [Git][getBranch] No such branch: master
2025-02-25 22:25:21.844 [info] > git status -z -uall [15ms]
2025-02-25 22:25:21.845 [info] > git for-each-ref --sort -committerdate --format %(refname) %(objectname) %(*objectname) [1ms]
2025-02-25 22:25:38.169 [info] [Git][getRemotes] No remotes found in the git config file
2025-02-25 22:25:38.170 [info] > git config --get commit.template [15ms]
2025-02-25 22:25:38.170 [info] > git for-each-ref --format=%(refname)%00%(upstream:short)%00%(objectname)%00%(upstream:track)%00%(upstream:remotename)%00%(upstream:remoteref) refs/heads/master refs/remotes/master [1ms]
2025-02-25 22:25:38.170 [warning] [Git][getBranch] No such branch: master
2025-02-25 22:25:38.201 [info] > git status -z -uall [16ms]
2025-02-25 22:25:38.202 [info] > git for-each-ref --sort -committerdate --format %(refname) %(objectname) %(*objectname) [1ms]
2025-02-25 22:25:50.918 [info] [Git][getRemotes] No remotes found in the git config file
2025-02-25 22:25:50.918 [info] > git config --get commit.template [15ms]
2025-02-25 22:25:50.918 [info] > git for-each-ref --format=%(refname)%00%(upstream:short)%00%(objectname)%00%(upstream:track)%00%(upstream:remotename)%00%(upstream:remoteref) refs/heads/master refs/remotes/master [0ms]
2025-02-25 22:25:50.919 [warning] [Git][getBranch] No such branch: master
2025-02-25 22:25:50.949 [info] > git status -z -uall [15ms]
2025-02-25 22:25:50.949 [info] > git for-each-ref --sort -committerdate --format %(refname) %(objectname) %(*objectname) [1ms]
2025-02-25 22:25:55.999 [info] [Git][getRemotes] No remotes found in the git config file
2025-02-25 22:25:56.000 [info] > git config --get commit.template [22ms]
2025-02-25 22:25:56.000 [info] > git for-each-ref --format=%(refname)%00%(upstream:short)%00%(objectname)%00%(upstream:track)%00%(upstream:remotename)%00%(upstream:remoteref) refs/heads/master refs/remotes/master [1ms]
2025-02-25 22:25:56.000 [warning] [Git][getBranch] No such branch: master
2025-02-25 22:25:56.049 [info] > git status -z -uall [26ms]
2025-02-25 22:25:56.049 [info] > git for-each-ref --sort -committerdate --format %(refname) %(objectname) %(*objectname) [3ms]
2025-02-25 22:26:01.095 [info] [Git][getRemotes] No remotes found in the git config file
2025-02-25 22:26:01.096 [info] > git config --get commit.template [23ms]
2025-02-25 22:26:01.096 [info] > git for-each-ref --format=%(refname)%00%(upstream:short)%00%(objectname)%00%(upstream:track)%00%(upstream:remotename)%00%(upstream:remoteref) refs/heads/master refs/remotes/master [1ms]
2025-02-25 22:26:01.096 [warning] [Git][getBranch] No such branch: master
2025-02-25 22:26:01.135 [info] > git status -z -uall [19ms]
2025-02-25 22:26:01.135 [info] > git for-each-ref --sort -committerdate --format %(refname) %(objectname) %(*objectname) [1ms]
2025-02-25 22:26:09.692 [info] [Git][getRemotes] No remotes found in the git config file
2025-02-25 22:26:09.709 [info] > git config --get commit.template [17ms]
2025-02-25 22:26:09.710 [info] > git for-each-ref --format=%(refname)%00%(upstream:short)%00%(objectname)%00%(upstream:track)%00%(upstream:remotename)%00%(upstream:remoteref) refs/heads/master refs/remotes/master [1ms]
2025-02-25 22:26:09.710 [warning] [Git][getBranch] No such branch: master
2025-02-25 22:26:09.739 [info] > git status -z -uall [15ms]
2025-02-25 22:26:09.739 [info] > git for-each-ref --sort -committerdate --format %(refname) %(objectname) %(*objectname) [1ms]
2025-02-25 22:26:23.035 [info] [Git][getRemotes] No remotes found in the git config file
2025-02-25 22:26:23.036 [info] > git config --get commit.template [21ms]
2025-02-25 22:26:23.036 [info] > git for-each-ref --format=%(refname)%00%(upstream:short)%00%(objectname)%00%(upstream:track)%00%(upstream:remotename)%00%(upstream:remoteref) refs/heads/master refs/remotes/master [1ms]
2025-02-25 22:26:23.036 [warning] [Git][getBranch] No such branch: master
2025-02-25 22:26:23.081 [info] > git status -z -uall [25ms]
2025-02-25 22:26:23.081 [info] > git for-each-ref --sort -committerdate --format %(refname) %(objectname) %(*objectname) [4ms]
2025-02-25 22:26:28.121 [info] [Git][getRemotes] No remotes found in the git config file
2025-02-25 22:26:28.122 [info] > git config --get commit.template [17ms]
2025-02-25 22:26:28.122 [info] > git for-each-ref --format=%(refname)%00%(upstream:short)%00%(objectname)%00%(upstream:track)%00%(upstream:remotename)%00%(upstream:remoteref) refs/heads/master refs/remotes/master [1ms]
2025-02-25 22:26:28.122 [warning] [Git][getBranch] No such branch: master
2025-02-25 22:26:28.152 [info] > git status -z -uall [15ms]
2025-02-25 22:26:28.152 [info] > git for-each-ref --sort -committerdate --format %(refname) %(objectname) %(*objectname) [1ms]
2025-02-25 22:26:41.221 [info] [Git][getRemotes] No remotes found in the git config file
2025-02-25 22:26:41.222 [info] > git config --get commit.template [16ms]
2025-02-25 22:26:41.222 [info] > git for-each-ref --format=%(refname)%00%(upstream:short)%00%(objectname)%00%(upstream:track)%00%(upstream:remotename)%00%(upstream:remoteref) refs/heads/master refs/remotes/master [1ms]
2025-02-25 22:26:41.222 [warning] [Git][getBranch] No such branch: master
2025-02-25 22:26:41.252 [info] > git status -z -uall [16ms]
2025-02-25 22:26:41.252 [info] > git for-each-ref --sort -committerdate --format %(refname) %(objectname) %(*objectname) [1ms]
2025-02-25 22:26:46.289 [info] [Git][getRemotes] No remotes found in the git config file
2025-02-25 22:26:46.290 [info] > git config --get commit.template [15ms]
2025-02-25 22:26:46.290 [info] > git for-each-ref --format=%(refname)%00%(upstream:short)%00%(objectname)%00%(upstream:track)%00%(upstream:remotename)%00%(upstream:remoteref) refs/heads/master refs/remotes/master [1ms]
2025-02-25 22:26:46.290 [warning] [Git][getBranch] No such branch: master
2025-02-25 22:26:46.320 [info] > git status -z -uall [15ms]
2025-02-25 22:26:46.321 [info] > git for-each-ref --sort -committerdate --format %(refname) %(objectname) %(*objectname) [1ms]
2025-02-25 22:26:53.950 [info] [Git][getRemotes] No remotes found in the git config file
2025-02-25 22:26:53.967 [info] > git config --get commit.template [18ms]
2025-02-25 22:26:53.967 [info] > git for-each-ref --format=%(refname)%00%(upstream:short)%00%(objectname)%00%(upstream:track)%00%(upstream:remotename)%00%(upstream:remoteref) refs/heads/master refs/remotes/master [1ms]
2025-02-25 22:26:53.968 [warning] [Git][getBranch] No such branch: master
2025-02-25 22:26:53.997 [info] > git status -z -uall [15ms]
2025-02-25 22:26:53.998 [info] > git for-each-ref --sort -committerdate --format %(refname) %(objectname) %(*objectname) [1ms]
2025-02-25 22:26:59.019 [info] > git config --get commit.template [1ms]
2025-02-25 22:26:59.036 [info] [Git][getRemotes] No remotes found in the git config file
2025-02-25 22:26:59.040 [info] > git for-each-ref --format=%(refname)%00%(upstream:short)%00%(objectname)%00%(upstream:track)%00%(upstream:remotename)%00%(upstream:remoteref) refs/heads/master refs/remotes/master [4ms]
2025-02-25 22:26:59.041 [warning] [Git][getBranch] No such branch: master
2025-02-25 22:26:59.075 [info] > git status -z -uall [18ms]
2025-02-25 22:26:59.083 [info] > git for-each-ref --sort -committerdate --format %(refname) %(objectname) %(*objectname) [9ms]
2025-02-25 22:27:14.988 [info] [Git][getRemotes] No remotes found in the git config file
2025-02-25 22:27:14.988 [info] > git config --get commit.template [15ms]
2025-02-25 22:27:14.989 [info] > git for-each-ref --format=%(refname)%00%(upstream:short)%00%(objectname)%00%(upstream:track)%00%(upstream:remotename)%00%(upstream:remoteref) refs/heads/master refs/remotes/master [2ms]
2025-02-25 22:27:14.989 [warning] [Git][getBranch] No such branch: master
2025-02-25 22:27:15.018 [info] > git status -z -uall [16ms]
2025-02-25 22:27:15.019 [info] > git for-each-ref --sort -committerdate --format %(refname) %(objectname) %(*objectname) [1ms]
2025-02-25 22:27:21.486 [info] [Git][getRemotes] No remotes found in the git config file
2025-02-25 22:27:21.487 [info] > git config --get commit.template [15ms]
2025-02-25 22:27:21.487 [info] > git for-each-ref --format=%(refname)%00%(upstream:short)%00%(objectname)%00%(upstream:track)%00%(upstream:remotename)%00%(upstream:remoteref) refs/heads/master refs/remotes/master [1ms]
2025-02-25 22:27:21.487 [warning] [Git][getBranch] No such branch: master
2025-02-25 22:27:21.517 [info] > git status -z -uall [16ms]
2025-02-25 22:27:21.517 [info] > git for-each-ref --sort -committerdate --format %(refname) %(objectname) %(*objectname) [1ms]
2025-02-25 22:27:32.414 [info] [Git][getRemotes] No remotes found in the git config file
2025-02-25 22:27:32.417 [info] > git for-each-ref --format=%(refname)%00%(upstream:short)%00%(objectname)%00%(upstream:track)%00%(upstream:remotename)%00%(upstream:remoteref) refs/heads/master refs/remotes/master [4ms]
2025-02-25 22:27:32.417 [warning] [Git][getBranch] No such branch: master
2025-02-25 22:27:32.417 [info] > git config --get commit.template [22ms]
2025-02-25 22:27:32.453 [info] > git status -z -uall [17ms]
2025-02-25 22:27:32.453 [info] > git for-each-ref --sort -committerdate --format %(refname) %(objectname) %(*objectname) [1ms]
2025-02-25 22:27:37.493 [info] [Git][getRemotes] No remotes found in the git config file
2025-02-25 22:27:37.494 [info] > git config --get commit.template [17ms]
2025-02-25 22:27:37.494 [info] > git for-each-ref --format=%(refname)%00%(upstream:short)%00%(objectname)%00%(upstream:track)%00%(upstream:remotename)%00%(upstream:remoteref) refs/heads/master refs/remotes/master [1ms]
2025-02-25 22:27:37.494 [warning] [Git][getBranch] No such branch: master
2025-02-25 22:27:37.527 [info] > git status -z -uall [17ms]
2025-02-25 22:27:37.528 [info] > git for-each-ref --sort -committerdate --format %(refname) %(objectname) %(*objectname) [1ms]
2025-02-25 22:27:42.569 [info] [Git][getRemotes] No remotes found in the git config file
2025-02-25 22:27:42.569 [info] > git config --get commit.template [18ms]
2025-02-25 22:27:42.569 [info] > git for-each-ref --format=%(refname)%00%(upstream:short)%00%(objectname)%00%(upstream:track)%00%(upstream:remotename)%00%(upstream:remoteref) refs/heads/master refs/remotes/master [1ms]
2025-02-25 22:27:42.569 [warning] [Git][getBranch] No such branch: master
2025-02-25 22:27:42.600 [info] > git status -z -uall [15ms]
2025-02-25 22:27:42.601 [info] > git for-each-ref --sort -committerdate --format %(refname) %(objectname) %(*objectname) [1ms]
2025-02-25 22:27:47.645 [info] [Git][getRemotes] No remotes found in the git config file
2025-02-25 22:27:47.646 [info] > git config --get commit.template [20ms]
2025-02-25 22:27:47.646 [info] > git for-each-ref --format=%(refname)%00%(upstream:short)%00%(objectname)%00%(upstream:track)%00%(upstream:remotename)%00%(upstream:remoteref) refs/heads/master refs/remotes/master [1ms]
2025-02-25 22:27:47.646 [warning] [Git][getBranch] No such branch: master
2025-02-25 22:27:47.688 [info] > git status -z -uall [20ms]
2025-02-25 22:27:47.689 [info] > git for-each-ref --sort -committerdate --format %(refname) %(objectname) %(*objectname) [2ms]
2025-02-25 22:27:57.327 [info] [Git][getRemotes] No remotes found in the git config file
2025-02-25 22:27:57.328 [info] > git config --get commit.template [16ms]
2025-02-25 22:27:57.328 [info] > git for-each-ref --format=%(refname)%00%(upstream:short)%00%(objectname)%00%(upstream:track)%00%(upstream:remotename)%00%(upstream:remoteref) refs/heads/master refs/remotes/master [1ms]
2025-02-25 22:27:57.328 [warning] [Git][getBranch] No such branch: master
2025-02-25 22:27:57.359 [info] > git status -z -uall [16ms]
2025-02-25 22:27:57.360 [info] > git for-each-ref --sort -committerdate --format %(refname) %(objectname) %(*objectname) [1ms]
2025-02-25 22:28:02.520 [info] [Git][getRemotes] No remotes found in the git config file
2025-02-25 22:28:02.521 [info] > git config --get commit.template [21ms]
2025-02-25 22:28:02.521 [info] > git for-each-ref --format=%(refname)%00%(upstream:short)%00%(objectname)%00%(upstream:track)%00%(upstream:remotename)%00%(upstream:remoteref) refs/heads/master refs/remotes/master [1ms]
2025-02-25 22:28:02.521 [warning] [Git][getBranch] No such branch: master
2025-02-25 22:28:02.563 [info] > git status -z -uall [23ms]
2025-02-25 22:28:02.564 [info] > git for-each-ref --sort -committerdate --format %(refname) %(objectname) %(*objectname) [3ms]
2025-02-25 22:28:07.586 [info] > git config --get commit.template [1ms]
2025-02-25 22:28:07.601 [info] [Git][getRemotes] No remotes found in the git config file
2025-02-25 22:28:07.602 [info] > git for-each-ref --format=%(refname)%00%(upstream:short)%00%(objectname)%00%(upstream:track)%00%(upstream:remotename)%00%(upstream:remoteref) refs/heads/master refs/remotes/master [1ms]
2025-02-25 22:28:07.602 [warning] [Git][getBranch] No such branch: master
2025-02-25 22:28:07.631 [info] > git status -z -uall [15ms]
2025-02-25 22:28:07.632 [info] > git for-each-ref --sort -committerdate --format %(refname) %(objectname) %(*objectname) [1ms]
2025-02-25 22:28:17.742 [info] [Git][getRemotes] No remotes found in the git config file
2025-02-25 22:28:17.743 [info] > git config --get commit.template [21ms]
2025-02-25 22:28:17.743 [info] > git for-each-ref --format=%(refname)%00%(upstream:short)%00%(objectname)%00%(upstream:track)%00%(upstream:remotename)%00%(upstream:remoteref) refs/heads/master refs/remotes/master [2ms]
2025-02-25 22:28:17.743 [warning] [Git][getBranch] No such branch: master
2025-02-25 22:28:17.781 [info] > git status -z -uall [19ms]
2025-02-25 22:28:17.782 [info] > git for-each-ref --sort -committerdate --format %(refname) %(objectname) %(*objectname) [1ms]
2025-02-25 22:28:21.086 [info] > git check-ignore -v -z --stdin [1ms]
2025-02-25 22:29:17.366 [info] [Git][getRemotes] No remotes found in the git config file
2025-02-25 22:29:17.367 [info] > git config --get commit.template [18ms]
2025-02-25 22:29:17.368 [info] > git for-each-ref --format=%(refname)%00%(upstream:short)%00%(objectname)%00%(upstream:track)%00%(upstream:remotename)%00%(upstream:remoteref) refs/heads/master refs/remotes/master [2ms]
2025-02-25 22:29:17.368 [warning] [Git][getBranch] No such branch: master
2025-02-25 22:29:17.406 [info] > git status -z -uall [23ms]
2025-02-25 22:29:17.408 [info] > git for-each-ref --sort -committerdate --format %(refname) %(objectname) %(*objectname) [3ms]
2025-02-25 22:29:26.892 [info] [Git][getRemotes] No remotes found in the git config file
2025-02-25 22:29:26.894 [info] > git config --get commit.template [17ms]
2025-02-25 22:29:26.894 [info] > git for-each-ref --format=%(refname)%00%(upstream:short)%00%(objectname)%00%(upstream:track)%00%(upstream:remotename)%00%(upstream:remoteref) refs/heads/master refs/remotes/master [2ms]
2025-02-25 22:29:26.894 [warning] [Git][getBranch] No such branch: master
2025-02-25 22:29:26.925 [info] > git status -z -uall [17ms]
2025-02-25 22:29:26.926 [info] > git for-each-ref --sort -committerdate --format %(refname) %(objectname) %(*objectname) [2ms]
2025-02-25 22:29:47.498 [info] > git config --get commit.template [5ms]
2025-02-25 22:29:47.524 [info] [Git][getRemotes] No remotes found in the git config file
2025-02-25 22:29:47.525 [info] > git for-each-ref --format=%(refname)%00%(upstream:short)%00%(objectname)%00%(upstream:track)%00%(upstream:remotename)%00%(upstream:remoteref) refs/heads/master refs/remotes/master [1ms]
2025-02-25 22:29:47.525 [warning] [Git][getBranch] No such branch: master
2025-02-25 22:29:47.568 [info] > git status -z -uall [21ms]
2025-02-25 22:29:47.568 [info] > git for-each-ref --sort -committerdate --format %(refname) %(objectname) %(*objectname) [1ms]
2025-02-25 22:29:56.012 [info] > git config --get commit.template [1ms]
2025-02-25 22:29:56.035 [info] [Git][getRemotes] No remotes found in the git config file
2025-02-25 22:29:56.036 [info] > git for-each-ref --format=%(refname)%00%(upstream:short)%00%(objectname)%00%(upstream:track)%00%(upstream:remotename)%00%(upstream:remoteref) refs/heads/master refs/remotes/master [2ms]
2025-02-25 22:29:56.036 [warning] [Git][getBranch] No such branch: master
2025-02-25 22:29:56.079 [info] > git status -z -uall [23ms]
2025-02-25 22:29:56.079 [info] > git for-each-ref --sort -committerdate --format %(refname) %(objectname) %(*objectname) [1ms]
2025-02-25 22:31:51.756 [info] [Git][getRemotes] No remotes found in the git config file
2025-02-25 22:31:51.756 [info] > git config --get commit.template [25ms]
2025-02-25 22:31:51.757 [info] > git for-each-ref --format=%(refname)%00%(upstream:short)%00%(objectname)%00%(upstream:track)%00%(upstream:remotename)%00%(upstream:remoteref) refs/heads/master refs/remotes/master [1ms]
2025-02-25 22:31:51.757 [warning] [Git][getBranch] No such branch: master
2025-02-25 22:31:51.794 [info] > git status -z -uall [18ms]
2025-02-25 22:31:51.794 [info] > git for-each-ref --sort -committerdate --format %(refname) %(objectname) %(*objectname) [1ms]
2025-02-25 22:34:31.409 [info] [Git][getRemotes] No remotes found in the git config file
2025-02-25 22:34:31.425 [info] > git config --get commit.template [17ms]
2025-02-25 22:34:31.425 [info] > git for-each-ref --format=%(refname)%00%(upstream:short)%00%(objectname)%00%(upstream:track)%00%(upstream:remotename)%00%(upstream:remoteref) refs/heads/master refs/remotes/master [1ms]
2025-02-25 22:34:31.426 [warning] [Git][getBranch] No such branch: master
2025-02-25 22:34:31.457 [info] > git status -z -uall [16ms]
2025-02-25 22:34:31.458 [info] > git for-each-ref --sort -committerdate --format %(refname) %(objectname) %(*objectname) [2ms]
2025-02-25 22:34:37.678 [info] [Git][getRemotes] No remotes found in the git config file
2025-02-25 22:34:37.679 [info] > git config --get commit.template [16ms]
2025-02-25 22:34:37.679 [info] > git for-each-ref --format=%(refname)%00%(upstream:short)%00%(objectname)%00%(upstream:track)%00%(upstream:remotename)%00%(upstream:remoteref) refs/heads/master refs/remotes/master [1ms]
2025-02-25 22:34:37.679 [warning] [Git][getBranch] No such branch: master
2025-02-25 22:34:37.721 [info] > git status -z -uall [21ms]
2025-02-25 22:34:37.721 [info] > git for-each-ref --sort -committerdate --format %(refname) %(objectname) %(*objectname) [2ms]
