2025-02-26 15:57:12.369 [info] [main] Log level: Info
2025-02-26 15:57:12.369 [info] [main] Validating found git in: "git"
2025-02-26 15:57:12.369 [info] [main] Using git "2.48.1" from "git"
2025-02-26 15:57:12.369 [info] [Model][doInitialScan] Initial repository scan started
2025-02-26 15:57:12.369 [info] > git rev-parse --show-toplevel [3ms]
2025-02-26 15:57:12.369 [info] > git rev-parse --git-dir --git-common-dir [3ms]
2025-02-26 15:57:12.369 [info] [Model][openRepository] Opened repository: /home/miesho/Sync/University/magia_czwartego_kregu_wody
2025-02-26 15:57:12.369 [info] > git rev-parse --show-toplevel [4ms]
2025-02-26 15:57:12.369 [info] > git config --get commit.template [11ms]
2025-02-26 15:57:12.369 [info] [Git][getRemotes] No remotes found in the git config file
2025-02-26 15:57:12.371 [info] > git rev-parse --show-toplevel [78ms]
2025-02-26 15:57:12.395 [info] > git for-each-ref --format=%(refname)%00%(upstream:short)%00%(objectname)%00%(upstream:track)%00%(upstream:remotename)%00%(upstream:remoteref) refs/heads/master refs/remotes/master [27ms]
2025-02-26 15:57:12.395 [warning] [Git][getBranch] No such branch: master
2025-02-26 15:57:12.428 [info] > git status -z -uall [18ms]
2025-02-26 15:57:12.428 [info] > git for-each-ref --sort -committerdate --format %(refname) %(objectname) %(*objectname) [4ms]
2025-02-26 15:57:12.448 [info] > git rev-parse --show-toplevel [57ms]
2025-02-26 15:57:12.483 [info] > git for-each-ref --format=%(refname)%00%(upstream:short)%00%(objectname)%00%(upstream:track)%00%(upstream:remotename)%00%(upstream:remoteref) refs/heads/master refs/remotes/master [38ms]
2025-02-26 15:57:12.484 [warning] [Git][getBranch] No such branch: master
2025-02-26 15:57:12.484 [error] [GitHistoryProvider][resolveHEADMergeBase] Failed to resolve merge base for master: Error: No such branch: master.
2025-02-26 15:57:12.522 [info] > git rev-parse --show-toplevel [39ms]
2025-02-26 15:57:12.522 [info] > git config --get commit.template [52ms]
2025-02-26 15:57:12.557 [info] [Git][getRemotes] No remotes found in the git config file
2025-02-26 15:57:12.559 [info] > git rev-parse --show-toplevel [21ms]
2025-02-26 15:57:12.561 [info] [Model][doInitialScan] Initial repository scan completed - repositories (1), closed repositories (0), parent repositories (0), unsafe repositories (0)
2025-02-26 15:57:12.589 [info] > git show --textconv :tex/test.tex [15ms]
2025-02-26 15:57:12.589 [info] > git ls-files --stage -- /home/miesho/Sync/University/magia_czwartego_kregu_wody/tex/test.tex [2ms]
2025-02-26 15:57:12.615 [info] > git for-each-ref --format=%(refname)%00%(upstream:short)%00%(objectname)%00%(upstream:track)%00%(upstream:remotename)%00%(upstream:remoteref) refs/heads/master refs/remotes/master [58ms]
2025-02-26 15:57:12.615 [warning] [Git][getBranch] No such branch: master
2025-02-26 15:57:12.643 [info] > git status -z -uall [15ms]
2025-02-26 15:57:12.644 [info] > git for-each-ref --sort -committerdate --format %(refname) %(objectname) %(*objectname) [3ms]
2025-02-26 15:57:12.645 [info] > git hash-object -t tree /dev/null [30ms]
2025-02-26 15:57:12.645 [warning] [GitFileSystemProvider][readFile] File not found - git:/home/miesho/Sync/University/magia_czwartego_kregu_wody/tex/test.tex.git?%7B%22path%22%3A%22%2Fhome%2Fmiesho%2FSync%2FUniversity%2Fmagia_czwartego_kregu_wody%2Ftex%2Ftest.tex%22%2C%22ref%22%3A%22%22%7D
2025-02-26 15:57:12.651 [info] > git hash-object -t tree /dev/null [50ms]
2025-02-26 15:57:12.651 [warning] [GitFileSystemProvider][stat] File not found - git:/home/miesho/Sync/University/magia_czwartego_kregu_wody/tex/test.tex.git?%7B%22path%22%3A%22%2Fhome%2Fmiesho%2FSync%2FUniversity%2Fmagia_czwartego_kregu_wody%2Ftex%2Ftest.tex%22%2C%22ref%22%3A%22%22%7D
2025-02-26 15:57:13.503 [info] > git check-ignore -v -z --stdin [4ms]
2025-02-26 15:57:13.694 [info] > git config --get commit.template [1ms]
2025-02-26 15:57:13.717 [info] [Git][getRemotes] No remotes found in the git config file
2025-02-26 15:57:13.733 [info] > git for-each-ref --format=%(refname)%00%(upstream:short)%00%(objectname)%00%(upstream:track)%00%(upstream:remotename)%00%(upstream:remoteref) refs/heads/master refs/remotes/master [1ms]
2025-02-26 15:57:13.733 [warning] [Git][getBranch] No such branch: master
2025-02-26 15:57:13.768 [info] > git status -z -uall [18ms]
2025-02-26 15:57:13.770 [info] > git for-each-ref --sort -committerdate --format %(refname) %(objectname) %(*objectname) [3ms]
2025-02-26 15:58:47.821 [info] [Git][getRemotes] No remotes found in the git config file
2025-02-26 15:58:47.840 [info] > git config --get commit.template [19ms]
2025-02-26 15:58:47.840 [info] > git for-each-ref --format=%(refname)%00%(upstream:short)%00%(objectname)%00%(upstream:track)%00%(upstream:remotename)%00%(upstream:remoteref) refs/heads/master refs/remotes/master [1ms]
2025-02-26 15:58:47.841 [warning] [Git][getBranch] No such branch: master
2025-02-26 15:58:47.884 [info] > git status -z -uall [23ms]
2025-02-26 15:58:47.884 [info] > git for-each-ref --sort -committerdate --format %(refname) %(objectname) %(*objectname) [1ms]
2025-02-26 16:03:39.426 [info] [Git][getRemotes] No remotes found in the git config file
2025-02-26 16:03:39.426 [info] > git config --get commit.template [17ms]
2025-02-26 16:03:39.427 [info] > git for-each-ref --format=%(refname)%00%(upstream:short)%00%(objectname)%00%(upstream:track)%00%(upstream:remotename)%00%(upstream:remoteref) refs/heads/master refs/remotes/master [2ms]
2025-02-26 16:03:39.427 [warning] [Git][getBranch] No such branch: master
2025-02-26 16:03:39.460 [info] > git status -z -uall [17ms]
2025-02-26 16:03:39.462 [info] > git for-each-ref --sort -committerdate --format %(refname) %(objectname) %(*objectname) [2ms]
2025-02-26 16:03:44.502 [info] [Git][getRemotes] No remotes found in the git config file
2025-02-26 16:03:44.502 [info] > git config --get commit.template [18ms]
2025-02-26 16:03:44.502 [info] > git for-each-ref --format=%(refname)%00%(upstream:short)%00%(objectname)%00%(upstream:track)%00%(upstream:remotename)%00%(upstream:remoteref) refs/heads/master refs/remotes/master [1ms]
2025-02-26 16:03:44.502 [warning] [Git][getBranch] No such branch: master
2025-02-26 16:03:44.535 [info] > git status -z -uall [17ms]
2025-02-26 16:03:44.536 [info] > git for-each-ref --sort -committerdate --format %(refname) %(objectname) %(*objectname) [2ms]
2025-02-26 16:03:59.688 [info] [Git][getRemotes] No remotes found in the git config file
2025-02-26 16:03:59.689 [info] > git config --get commit.template [16ms]
2025-02-26 16:03:59.689 [info] > git for-each-ref --format=%(refname)%00%(upstream:short)%00%(objectname)%00%(upstream:track)%00%(upstream:remotename)%00%(upstream:remoteref) refs/heads/master refs/remotes/master [1ms]
2025-02-26 16:03:59.689 [warning] [Git][getBranch] No such branch: master
2025-02-26 16:03:59.722 [info] > git status -z -uall [17ms]
2025-02-26 16:03:59.724 [info] > git for-each-ref --sort -committerdate --format %(refname) %(objectname) %(*objectname) [2ms]
2025-02-26 16:04:59.507 [info] [Git][getRemotes] No remotes found in the git config file
2025-02-26 16:04:59.508 [info] > git config --get commit.template [17ms]
2025-02-26 16:04:59.508 [info] > git for-each-ref --format=%(refname)%00%(upstream:short)%00%(objectname)%00%(upstream:track)%00%(upstream:remotename)%00%(upstream:remoteref) refs/heads/master refs/remotes/master [1ms]
2025-02-26 16:04:59.508 [warning] [Git][getBranch] No such branch: master
2025-02-26 16:04:59.543 [info] > git status -z -uall [19ms]
2025-02-26 16:04:59.543 [info] > git for-each-ref --sort -committerdate --format %(refname) %(objectname) %(*objectname) [1ms]
2025-02-26 16:09:48.556 [info] [Git][getRemotes] No remotes found in the git config file
2025-02-26 16:09:48.556 [info] > git config --get commit.template [23ms]
2025-02-26 16:09:48.557 [info] > git for-each-ref --format=%(refname)%00%(upstream:short)%00%(objectname)%00%(upstream:track)%00%(upstream:remotename)%00%(upstream:remoteref) refs/heads/master refs/remotes/master [2ms]
2025-02-26 16:09:48.557 [warning] [Git][getBranch] No such branch: master
2025-02-26 16:09:48.601 [info] > git status -z -uall [22ms]
2025-02-26 16:09:48.602 [info] > git for-each-ref --sort -committerdate --format %(refname) %(objectname) %(*objectname) [1ms]
2025-02-26 16:09:53.629 [info] > git config --get commit.template [3ms]
2025-02-26 16:09:53.652 [info] [Git][getRemotes] No remotes found in the git config file
2025-02-26 16:09:53.654 [info] > git for-each-ref --format=%(refname)%00%(upstream:short)%00%(objectname)%00%(upstream:track)%00%(upstream:remotename)%00%(upstream:remoteref) refs/heads/master refs/remotes/master [2ms]
2025-02-26 16:09:53.654 [warning] [Git][getBranch] No such branch: master
2025-02-26 16:09:53.697 [info] > git status -z -uall [21ms]
2025-02-26 16:09:53.697 [info] > git for-each-ref --sort -committerdate --format %(refname) %(objectname) %(*objectname) [1ms]
2025-02-26 16:09:58.725 [info] > git config --get commit.template [1ms]
2025-02-26 16:09:58.746 [info] [Git][getRemotes] No remotes found in the git config file
2025-02-26 16:09:58.747 [info] > git for-each-ref --format=%(refname)%00%(upstream:short)%00%(objectname)%00%(upstream:track)%00%(upstream:remotename)%00%(upstream:remoteref) refs/heads/master refs/remotes/master [1ms]
2025-02-26 16:09:58.747 [warning] [Git][getBranch] No such branch: master
2025-02-26 16:09:58.792 [info] > git status -z -uall [22ms]
2025-02-26 16:09:58.793 [info] > git for-each-ref --sort -committerdate --format %(refname) %(objectname) %(*objectname) [1ms]
2025-02-26 16:10:27.867 [info] [Git][getRemotes] No remotes found in the git config file
2025-02-26 16:10:27.867 [info] > git config --get commit.template [16ms]
2025-02-26 16:10:27.867 [info] > git for-each-ref --format=%(refname)%00%(upstream:short)%00%(objectname)%00%(upstream:track)%00%(upstream:remotename)%00%(upstream:remoteref) refs/heads/master refs/remotes/master [1ms]
2025-02-26 16:10:27.868 [warning] [Git][getBranch] No such branch: master
2025-02-26 16:10:27.899 [info] > git status -z -uall [16ms]
2025-02-26 16:10:27.900 [info] > git for-each-ref --sort -committerdate --format %(refname) %(objectname) %(*objectname) [1ms]
2025-02-26 16:10:45.781 [info] [Git][getRemotes] No remotes found in the git config file
2025-02-26 16:10:45.782 [info] > git config --get commit.template [17ms]
2025-02-26 16:10:45.782 [info] > git for-each-ref --format=%(refname)%00%(upstream:short)%00%(objectname)%00%(upstream:track)%00%(upstream:remotename)%00%(upstream:remoteref) refs/heads/master refs/remotes/master [1ms]
2025-02-26 16:10:45.782 [warning] [Git][getBranch] No such branch: master
2025-02-26 16:10:45.815 [info] > git status -z -uall [17ms]
2025-02-26 16:10:45.816 [info] > git for-each-ref --sort -committerdate --format %(refname) %(objectname) %(*objectname) [1ms]
2025-02-26 16:10:55.871 [info] [Git][getRemotes] No remotes found in the git config file
2025-02-26 16:10:55.872 [info] > git config --get commit.template [23ms]
2025-02-26 16:10:55.872 [info] > git for-each-ref --format=%(refname)%00%(upstream:short)%00%(objectname)%00%(upstream:track)%00%(upstream:remotename)%00%(upstream:remoteref) refs/heads/master refs/remotes/master [1ms]
2025-02-26 16:10:55.872 [warning] [Git][getBranch] No such branch: master
2025-02-26 16:10:55.917 [info] > git status -z -uall [23ms]
2025-02-26 16:10:55.917 [info] > git for-each-ref --sort -committerdate --format %(refname) %(objectname) %(*objectname) [1ms]
2025-02-26 16:11:00.946 [info] > git config --get commit.template [3ms]
2025-02-26 16:11:00.968 [info] [Git][getRemotes] No remotes found in the git config file
2025-02-26 16:11:00.970 [info] > git for-each-ref --format=%(refname)%00%(upstream:short)%00%(objectname)%00%(upstream:track)%00%(upstream:remotename)%00%(upstream:remoteref) refs/heads/master refs/remotes/master [2ms]
2025-02-26 16:11:00.970 [warning] [Git][getBranch] No such branch: master
2025-02-26 16:11:01.017 [info] > git status -z -uall [23ms]
2025-02-26 16:11:01.017 [info] > git for-each-ref --sort -committerdate --format %(refname) %(objectname) %(*objectname) [1ms]
2025-02-26 16:11:06.582 [info] [Git][getRemotes] No remotes found in the git config file
2025-02-26 16:11:06.582 [info] > git config --get commit.template [23ms]
2025-02-26 16:11:06.583 [info] > git for-each-ref --format=%(refname)%00%(upstream:short)%00%(objectname)%00%(upstream:track)%00%(upstream:remotename)%00%(upstream:remoteref) refs/heads/master refs/remotes/master [1ms]
2025-02-26 16:11:06.583 [warning] [Git][getBranch] No such branch: master
2025-02-26 16:11:06.619 [info] > git status -z -uall [18ms]
2025-02-26 16:11:06.620 [info] > git for-each-ref --sort -committerdate --format %(refname) %(objectname) %(*objectname) [2ms]
2025-02-26 16:11:46.986 [info] [Git][getRemotes] No remotes found in the git config file
2025-02-26 16:11:46.986 [info] > git config --get commit.template [25ms]
2025-02-26 16:11:46.987 [info] > git for-each-ref --format=%(refname)%00%(upstream:short)%00%(objectname)%00%(upstream:track)%00%(upstream:remotename)%00%(upstream:remoteref) refs/heads/master refs/remotes/master [1ms]
2025-02-26 16:11:46.987 [warning] [Git][getBranch] No such branch: master
2025-02-26 16:11:47.024 [info] > git status -z -uall [18ms]
2025-02-26 16:11:47.025 [info] > git for-each-ref --sort -committerdate --format %(refname) %(objectname) %(*objectname) [1ms]
2025-02-26 16:11:56.777 [info] [Git][getRemotes] No remotes found in the git config file
2025-02-26 16:11:56.777 [info] > git config --get commit.template [20ms]
2025-02-26 16:11:56.777 [info] > git for-each-ref --format=%(refname)%00%(upstream:short)%00%(objectname)%00%(upstream:track)%00%(upstream:remotename)%00%(upstream:remoteref) refs/heads/master refs/remotes/master [1ms]
2025-02-26 16:11:56.777 [warning] [Git][getBranch] No such branch: master
2025-02-26 16:11:56.815 [info] > git status -z -uall [19ms]
2025-02-26 16:11:56.816 [info] > git for-each-ref --sort -committerdate --format %(refname) %(objectname) %(*objectname) [3ms]
2025-02-26 16:12:09.118 [info] [Git][getRemotes] No remotes found in the git config file
2025-02-26 16:12:09.119 [info] > git config --get commit.template [20ms]
2025-02-26 16:12:09.119 [info] > git for-each-ref --format=%(refname)%00%(upstream:short)%00%(objectname)%00%(upstream:track)%00%(upstream:remotename)%00%(upstream:remoteref) refs/heads/master refs/remotes/master [1ms]
2025-02-26 16:12:09.119 [warning] [Git][getBranch] No such branch: master
2025-02-26 16:12:09.153 [info] > git status -z -uall [17ms]
2025-02-26 16:12:09.154 [info] > git for-each-ref --sort -committerdate --format %(refname) %(objectname) %(*objectname) [2ms]
2025-02-26 16:12:18.021 [info] [Git][getRemotes] No remotes found in the git config file
2025-02-26 16:12:18.024 [info] > git config --get commit.template [23ms]
2025-02-26 16:12:18.025 [info] > git for-each-ref --format=%(refname)%00%(upstream:short)%00%(objectname)%00%(upstream:track)%00%(upstream:remotename)%00%(upstream:remoteref) refs/heads/master refs/remotes/master [4ms]
2025-02-26 16:12:18.025 [warning] [Git][getBranch] No such branch: master
2025-02-26 16:12:18.059 [info] > git status -z -uall [18ms]
2025-02-26 16:12:18.060 [info] > git for-each-ref --sort -committerdate --format %(refname) %(objectname) %(*objectname) [1ms]
2025-02-26 16:12:27.752 [info] [Git][getRemotes] No remotes found in the git config file
2025-02-26 16:12:27.770 [info] > git config --get commit.template [17ms]
2025-02-26 16:12:27.770 [info] > git for-each-ref --format=%(refname)%00%(upstream:short)%00%(objectname)%00%(upstream:track)%00%(upstream:remotename)%00%(upstream:remoteref) refs/heads/master refs/remotes/master [1ms]
2025-02-26 16:12:27.770 [warning] [Git][getBranch] No such branch: master
2025-02-26 16:12:27.803 [info] > git status -z -uall [17ms]
2025-02-26 16:12:27.803 [info] > git for-each-ref --sort -committerdate --format %(refname) %(objectname) %(*objectname) [1ms]
2025-02-26 16:12:39.902 [info] [Git][getRemotes] No remotes found in the git config file
2025-02-26 16:12:39.903 [info] > git config --get commit.template [21ms]
2025-02-26 16:12:39.903 [info] > git for-each-ref --format=%(refname)%00%(upstream:short)%00%(objectname)%00%(upstream:track)%00%(upstream:remotename)%00%(upstream:remoteref) refs/heads/master refs/remotes/master [1ms]
2025-02-26 16:12:39.903 [warning] [Git][getBranch] No such branch: master
2025-02-26 16:12:39.947 [info] > git status -z -uall [25ms]
2025-02-26 16:12:39.948 [info] > git for-each-ref --sort -committerdate --format %(refname) %(objectname) %(*objectname) [3ms]
2025-02-26 16:12:57.424 [info] [Git][getRemotes] No remotes found in the git config file
2025-02-26 16:12:57.424 [info] > git config --get commit.template [19ms]
2025-02-26 16:12:57.425 [info] > git for-each-ref --format=%(refname)%00%(upstream:short)%00%(objectname)%00%(upstream:track)%00%(upstream:remotename)%00%(upstream:remoteref) refs/heads/master refs/remotes/master [1ms]
2025-02-26 16:12:57.425 [warning] [Git][getBranch] No such branch: master
2025-02-26 16:12:57.458 [info] > git status -z -uall [17ms]
2025-02-26 16:12:57.458 [info] > git for-each-ref --sort -committerdate --format %(refname) %(objectname) %(*objectname) [1ms]
2025-02-26 16:13:14.995 [info] [Git][getRemotes] No remotes found in the git config file
2025-02-26 16:13:14.996 [info] > git config --get commit.template [19ms]
2025-02-26 16:13:14.996 [info] > git for-each-ref --format=%(refname)%00%(upstream:short)%00%(objectname)%00%(upstream:track)%00%(upstream:remotename)%00%(upstream:remoteref) refs/heads/master refs/remotes/master [1ms]
2025-02-26 16:13:14.996 [warning] [Git][getBranch] No such branch: master
2025-02-26 16:13:15.034 [info] > git status -z -uall [19ms]
2025-02-26 16:13:15.035 [info] > git for-each-ref --sort -committerdate --format %(refname) %(objectname) %(*objectname) [2ms]
2025-02-26 16:13:22.080 [info] [Git][getRemotes] No remotes found in the git config file
2025-02-26 16:13:22.081 [info] > git config --get commit.template [21ms]
2025-02-26 16:13:22.081 [info] > git for-each-ref --format=%(refname)%00%(upstream:short)%00%(objectname)%00%(upstream:track)%00%(upstream:remotename)%00%(upstream:remoteref) refs/heads/master refs/remotes/master [1ms]
2025-02-26 16:13:22.081 [warning] [Git][getBranch] No such branch: master
2025-02-26 16:13:22.121 [info] > git status -z -uall [20ms]
2025-02-26 16:13:22.121 [info] > git for-each-ref --sort -committerdate --format %(refname) %(objectname) %(*objectname) [1ms]
2025-02-26 16:13:38.112 [info] [Git][getRemotes] No remotes found in the git config file
2025-02-26 16:13:38.112 [info] > git config --get commit.template [17ms]
2025-02-26 16:13:38.112 [info] > git for-each-ref --format=%(refname)%00%(upstream:short)%00%(objectname)%00%(upstream:track)%00%(upstream:remotename)%00%(upstream:remoteref) refs/heads/master refs/remotes/master [1ms]
2025-02-26 16:13:38.112 [warning] [Git][getBranch] No such branch: master
2025-02-26 16:13:38.145 [info] > git status -z -uall [17ms]
2025-02-26 16:13:38.146 [info] > git for-each-ref --sort -committerdate --format %(refname) %(objectname) %(*objectname) [2ms]
2025-02-26 16:13:48.518 [info] [Git][getRemotes] No remotes found in the git config file
2025-02-26 16:13:48.519 [info] > git config --get commit.template [25ms]
2025-02-26 16:13:48.519 [info] > git for-each-ref --format=%(refname)%00%(upstream:short)%00%(objectname)%00%(upstream:track)%00%(upstream:remotename)%00%(upstream:remoteref) refs/heads/master refs/remotes/master [1ms]
2025-02-26 16:13:48.519 [warning] [Git][getBranch] No such branch: master
2025-02-26 16:13:48.567 [info] > git status -z -uall [25ms]
2025-02-26 16:13:48.568 [info] > git for-each-ref --sort -committerdate --format %(refname) %(objectname) %(*objectname) [1ms]
2025-02-26 16:14:03.409 [info] [Git][getRemotes] No remotes found in the git config file
2025-02-26 16:14:03.409 [info] > git config --get commit.template [18ms]
2025-02-26 16:14:03.409 [info] > git for-each-ref --format=%(refname)%00%(upstream:short)%00%(objectname)%00%(upstream:track)%00%(upstream:remotename)%00%(upstream:remoteref) refs/heads/master refs/remotes/master [1ms]
2025-02-26 16:14:03.410 [warning] [Git][getBranch] No such branch: master
2025-02-26 16:14:03.443 [info] > git status -z -uall [17ms]
2025-02-26 16:14:03.444 [info] > git for-each-ref --sort -committerdate --format %(refname) %(objectname) %(*objectname) [1ms]
2025-02-26 16:14:21.150 [info] [Git][getRemotes] No remotes found in the git config file
2025-02-26 16:14:21.151 [info] > git config --get commit.template [18ms]
2025-02-26 16:14:21.151 [info] > git for-each-ref --format=%(refname)%00%(upstream:short)%00%(objectname)%00%(upstream:track)%00%(upstream:remotename)%00%(upstream:remoteref) refs/heads/master refs/remotes/master [1ms]
2025-02-26 16:14:21.151 [warning] [Git][getBranch] No such branch: master
2025-02-26 16:14:21.184 [info] > git status -z -uall [17ms]
2025-02-26 16:14:21.184 [info] > git for-each-ref --sort -committerdate --format %(refname) %(objectname) %(*objectname) [1ms]
2025-02-26 16:14:31.992 [info] [Git][getRemotes] No remotes found in the git config file
2025-02-26 16:14:31.992 [info] > git config --get commit.template [16ms]
2025-02-26 16:14:31.993 [info] > git for-each-ref --format=%(refname)%00%(upstream:short)%00%(objectname)%00%(upstream:track)%00%(upstream:remotename)%00%(upstream:remoteref) refs/heads/master refs/remotes/master [1ms]
2025-02-26 16:14:31.993 [warning] [Git][getBranch] No such branch: master
2025-02-26 16:14:32.026 [info] > git status -z -uall [17ms]
2025-02-26 16:14:32.027 [info] > git for-each-ref --sort -committerdate --format %(refname) %(objectname) %(*objectname) [1ms]
2025-02-26 16:14:37.067 [info] [Git][getRemotes] No remotes found in the git config file
2025-02-26 16:14:37.067 [info] > git config --get commit.template [17ms]
2025-02-26 16:14:37.068 [info] > git for-each-ref --format=%(refname)%00%(upstream:short)%00%(objectname)%00%(upstream:track)%00%(upstream:remotename)%00%(upstream:remoteref) refs/heads/master refs/remotes/master [1ms]
2025-02-26 16:14:37.068 [warning] [Git][getBranch] No such branch: master
2025-02-26 16:14:37.102 [info] > git status -z -uall [18ms]
2025-02-26 16:14:37.103 [info] > git for-each-ref --sort -committerdate --format %(refname) %(objectname) %(*objectname) [2ms]
2025-02-26 16:14:54.465 [info] [Git][getRemotes] No remotes found in the git config file
2025-02-26 16:14:54.466 [info] > git config --get commit.template [19ms]
2025-02-26 16:14:54.466 [info] > git for-each-ref --format=%(refname)%00%(upstream:short)%00%(objectname)%00%(upstream:track)%00%(upstream:remotename)%00%(upstream:remoteref) refs/heads/master refs/remotes/master [1ms]
2025-02-26 16:14:54.466 [warning] [Git][getBranch] No such branch: master
2025-02-26 16:14:54.501 [info] > git status -z -uall [18ms]
2025-02-26 16:14:54.502 [info] > git for-each-ref --sort -committerdate --format %(refname) %(objectname) %(*objectname) [2ms]
