2025-02-25 22:12:58.383 [info] Reading sessions from keychain...
2025-02-25 22:12:58.383 [info] Getting sessions for all scopes...
2025-02-25 22:12:58.383 [info] Getting sessions for all scopes...
2025-02-25 22:12:58.383 [info] Getting sessions for all scopes...
2025-02-25 22:12:58.383 [info] Got stored sessions!
2025-02-25 22:12:58.383 [info] Got 1 verified sessions.
2025-02-25 22:12:58.383 [info] Got 1 sessions for ...
2025-02-25 22:12:58.383 [info] Got 1 sessions for ...
2025-02-25 22:12:58.383 [info] Got 1 sessions for ...
2025-02-25 22:12:58.383 [info] Getting sessions for all scopes...
2025-02-25 22:12:58.383 [info] Got 1 sessions for ...
2025-02-25 22:12:58.383 [info] Getting sessions for all scopes...
2025-02-25 22:12:58.384 [info] Got 1 sessions for ...
2025-02-25 22:12:58.384 [info] Getting sessions for all scopes...
2025-02-25 22:12:58.384 [info] Got 1 sessions for ...
2025-02-25 22:12:58.384 [info] Getting sessions for all scopes...
2025-02-25 22:12:58.384 [info] Got 1 sessions for ...
2025-02-25 22:12:58.384 [info] Getting sessions for all scopes...
2025-02-25 22:12:58.384 [info] Got 1 sessions for ...
2025-02-25 22:12:58.384 [info] Getting sessions for all scopes...
2025-02-25 22:12:58.384 [info] Got 1 sessions for ...
2025-02-25 22:12:59.606 [info] Getting sessions for read:user,repo,user:email,workflow...
2025-02-25 22:12:59.606 [info] Got 0 sessions for read:user,repo,user:email,workflow...
2025-02-25 22:12:59.606 [info] Getting sessions for all scopes...
2025-02-25 22:12:59.606 [info] Got 1 sessions for ...
2025-02-25 22:12:59.606 [info] Getting sessions for all scopes...
2025-02-25 22:12:59.606 [info] Got 1 sessions for ...
2025-02-25 22:12:59.769 [info] Getting sessions for read:user...
2025-02-25 22:12:59.769 [info] Got 0 sessions for read:user...
2025-02-25 22:12:59.769 [info] Getting sessions for read:user,repo,user:email,workflow...
2025-02-25 22:12:59.769 [info] Got 0 sessions for read:user,repo,user:email,workflow...
2025-02-25 22:12:59.844 [info] Getting sessions for user:email...
2025-02-25 22:12:59.844 [info] Got 1 sessions for user:email...
2025-02-25 22:12:59.880 [info] Getting sessions for user:email...
2025-02-25 22:12:59.880 [info] Got 1 sessions for user:email...
2025-02-25 22:12:59.950 [info] Getting sessions for all scopes...
2025-02-25 22:12:59.950 [info] Got 1 sessions for ...
2025-02-25 22:13:00.856 [info] Getting sessions for read:user,repo,user:email,workflow...
2025-02-25 22:13:00.856 [info] Got 0 sessions for read:user,repo,user:email,workflow...
2025-02-25 22:13:00.862 [info] Getting sessions for all scopes...
2025-02-25 22:13:00.862 [info] Got 1 sessions for ...
2025-02-25 22:13:00.867 [info] Getting sessions for user:email...
2025-02-25 22:13:00.867 [info] Got 1 sessions for user:email...
2025-02-25 22:13:00.872 [info] Getting sessions for all scopes...
2025-02-25 22:13:00.872 [info] Got 1 sessions for ...
2025-02-25 22:13:00.873 [info] Getting sessions for read:user,repo,user:email,workflow...
2025-02-25 22:13:00.873 [info] Got 0 sessions for read:user,repo,user:email,workflow...
2025-02-25 22:13:00.874 [info] Getting sessions for user:email...
2025-02-25 22:13:00.874 [info] Got 1 sessions for user:email...
2025-02-25 22:13:01.429 [info] Getting sessions for all scopes...
2025-02-25 22:13:01.430 [info] Got 1 sessions for ...
2025-02-25 22:13:01.437 [info] Getting sessions for all scopes...
2025-02-25 22:13:01.437 [info] Got 1 sessions for ...
2025-02-25 22:13:01.451 [info] Getting sessions for read:user,repo,user:email,workflow...
2025-02-25 22:13:01.451 [info] Got 0 sessions for read:user,repo,user:email,workflow...
2025-02-25 22:13:01.452 [info] Getting sessions for user:email...
2025-02-25 22:13:01.452 [info] Got 1 sessions for user:email...
2025-02-25 22:13:01.454 [info] Getting sessions for all scopes...
2025-02-25 22:13:01.454 [info] Got 1 sessions for ...
2025-02-25 22:13:01.455 [info] Getting sessions for read:user,repo,user:email,workflow...
2025-02-25 22:13:01.455 [info] Got 0 sessions for read:user,repo,user:email,workflow...
2025-02-25 22:13:01.456 [info] Getting sessions for user:email...
2025-02-25 22:13:01.456 [info] Got 1 sessions for user:email...
2025-02-25 22:13:01.496 [info] Getting sessions for all scopes...
2025-02-25 22:13:01.496 [info] Got 1 sessions for ...
2025-02-25 22:13:01.500 [info] Getting sessions for read:user,repo,user:email,workflow...
2025-02-25 22:13:01.500 [info] Got 0 sessions for read:user,repo,user:email,workflow...
2025-02-25 22:13:01.500 [info] Getting sessions for user:email...
2025-02-25 22:13:01.500 [info] Got 1 sessions for user:email...
2025-02-25 22:13:02.122 [info] Getting sessions for all scopes...
2025-02-25 22:13:02.122 [info] Got 1 sessions for ...
2025-02-25 22:13:02.124 [info] Getting sessions for read:user,repo,user:email,workflow...
2025-02-25 22:13:02.124 [info] Got 0 sessions for read:user,repo,user:email,workflow...
2025-02-25 22:13:02.124 [info] Getting sessions for user:email...
2025-02-25 22:13:02.124 [info] Got 1 sessions for user:email...
2025-02-25 22:28:02.129 [info] Getting sessions for all scopes...
2025-02-25 22:28:02.129 [info] Got 1 sessions for ...
2025-02-25 22:28:02.130 [info] Getting sessions for read:user,repo,user:email,workflow...
2025-02-25 22:28:02.130 [info] Got 0 sessions for read:user,repo,user:email,workflow...
2025-02-25 22:28:02.131 [info] Getting sessions for user:email...
2025-02-25 22:28:02.131 [info] Got 1 sessions for user:email...
2025-02-25 22:28:02.133 [info] Getting sessions for all scopes...
2025-02-25 22:28:02.133 [info] Got 1 sessions for ...
2025-02-25 22:28:02.134 [info] Getting sessions for read:user,repo,user:email,workflow...
2025-02-25 22:28:02.134 [info] Got 0 sessions for read:user,repo,user:email,workflow...
2025-02-25 22:28:02.135 [info] Getting sessions for user:email...
2025-02-25 22:28:02.135 [info] Got 1 sessions for user:email...
2025-02-25 22:38:33.848 [info] Getting sessions for all scopes...
2025-02-25 22:38:33.848 [info] Got 1 sessions for ...
2025-02-25 22:38:33.849 [info] Getting sessions for read:user,repo,user:email,workflow...
2025-02-25 22:38:33.849 [info] Got 0 sessions for read:user,repo,user:email,workflow...
2025-02-25 22:38:33.850 [info] Getting sessions for user:email...
2025-02-25 22:38:33.850 [info] Got 1 sessions for user:email...
2025-02-25 22:38:34.575 [info] Getting sessions for all scopes...
2025-02-25 22:38:34.575 [info] Got 1 sessions for ...
2025-02-25 22:38:34.575 [info] Getting sessions for all scopes...
2025-02-25 22:38:34.575 [info] Got 1 sessions for ...
2025-02-25 22:38:34.576 [info] Getting sessions for read:user,repo,user:email,workflow...
2025-02-25 22:38:34.576 [info] Got 0 sessions for read:user,repo,user:email,workflow...
2025-02-25 22:38:34.576 [info] Getting sessions for user:email...
2025-02-25 22:38:34.576 [info] Got 1 sessions for user:email...
2025-02-25 22:38:34.577 [info] Getting sessions for all scopes...
2025-02-25 22:38:34.577 [info] Got 1 sessions for ...
2025-02-25 22:38:34.577 [info] Getting sessions for read:user,repo,user:email,workflow...
2025-02-25 22:38:34.577 [info] Got 0 sessions for read:user,repo,user:email,workflow...
2025-02-25 22:38:34.578 [info] Getting sessions for user:email...
2025-02-25 22:38:34.578 [info] Got 1 sessions for user:email...
2025-02-25 22:38:34.583 [info] Getting sessions for all scopes...
2025-02-25 22:38:34.583 [info] Got 1 sessions for ...
2025-02-25 22:38:34.584 [info] Getting sessions for read:user,repo,user:email,workflow...
2025-02-25 22:38:34.584 [info] Got 0 sessions for read:user,repo,user:email,workflow...
2025-02-25 22:38:34.584 [info] Getting sessions for user:email...
2025-02-25 22:38:34.584 [info] Got 1 sessions for user:email...
2025-02-25 22:53:34.589 [info] Getting sessions for all scopes...
2025-02-25 22:53:34.589 [info] Got 1 sessions for ...
2025-02-25 22:53:34.590 [info] Getting sessions for read:user,repo,user:email,workflow...
2025-02-25 22:53:34.590 [info] Got 0 sessions for read:user,repo,user:email,workflow...
2025-02-25 22:53:34.590 [info] Getting sessions for user:email...
2025-02-25 22:53:34.590 [info] Got 1 sessions for user:email...
