2025-03-02 13:11:15.884 [warning] Via 'product.json#extensionEnabledApiProposals' extension 'ms-vscode.vscode-selfhost-test-provider' wants API proposal 'attributableCoverage' but that proposal DOES NOT EXIST. Likely, the proposal has been finalized (check 'vscode.d.ts') or was abandoned.
2025-03-02 13:11:15.885 [warning] Via 'product.json#extensionEnabledApiProposals' extension 'ms-python.python' wants API proposal 'contribIssueReporter' but that proposal DOES NOT EXIST. Likely, the proposal has been finalized (check 'vscode.d.ts') or was abandoned.
2025-03-02 13:11:15.885 [warning] Via 'product.json#extensionEnabledApiProposals' extension 'ms-python.debugpy' wants API proposal 'contribIssueReporter' but that proposal DOES NOT EXIST. Likely, the proposal has been finalized (check 'vscode.d.ts') or was abandoned.
2025-03-02 13:11:15.885 [warning] Via 'product.json#extensionEnabledApiProposals' extension 'redhat.java' wants API proposal 'documentPaste' but that proposal DOES NOT EXIST. Likely, the proposal has been finalized (check 'vscode.d.ts') or was abandoned.
2025-03-02 13:11:16.672 [info] Started local extension host with pid 21474.
2025-03-02 13:11:18.633 [info] Settings Sync: Account status changed from uninitialized to unavailable
2025-03-02 13:11:18.957 [error] [Extension Host] TypeError: Cannot read properties of undefined (reading 'packageJSON')
	at m (/home/miesho/.vscode/extensions/jonathanharty.gruvbox-material-icon-theme-1.1.5/dist/extension.js:1:59422)
	at /home/miesho/.vscode/extensions/jonathanharty.gruvbox-material-icon-theme-1.1.5/dist/extension.js:1:59088
	at Generator.next (<anonymous>)
	at /home/miesho/.vscode/extensions/jonathanharty.gruvbox-material-icon-theme-1.1.5/dist/extension.js:1:58625
	at new Promise (<anonymous>)
	at a (/home/miesho/.vscode/extensions/jonathanharty.gruvbox-material-icon-theme-1.1.5/dist/extension.js:1:58370)
	at t.checkThemeStatus (/home/miesho/.vscode/extensions/jonathanharty.gruvbox-material-icon-theme-1.1.5/dist/extension.js:1:59018)
	at /home/miesho/.vscode/extensions/jonathanharty.gruvbox-material-icon-theme-1.1.5/dist/extension.js:1:52529
	at Generator.next (<anonymous>)
	at a (/home/miesho/.vscode/extensions/jonathanharty.gruvbox-material-icon-theme-1.1.5/dist/extension.js:1:52022)
2025-03-02 13:11:18.958 [error] [Extension Host] TypeError: Cannot read properties of undefined (reading 'packageJSON')
	at t.getConfigProperties (/home/miesho/.vscode/extensions/jonathanharty.gruvbox-material-icon-theme-1.1.5/dist/extension.js:1:55948)
	at a (/home/miesho/.vscode/extensions/jonathanharty.gruvbox-material-icon-theme-1.1.5/dist/extension.js:1:53104)
	at t.detectConfigChanges (/home/miesho/.vscode/extensions/jonathanharty.gruvbox-material-icon-theme-1.1.5/dist/extension.js:1:52934)
	at /home/miesho/.vscode/extensions/jonathanharty.gruvbox-material-icon-theme-1.1.5/dist/extension.js:1:52624
	at Generator.next (<anonymous>)
	at a (/home/miesho/.vscode/extensions/jonathanharty.gruvbox-material-icon-theme-1.1.5/dist/extension.js:1:52022)
2025-03-02 13:11:21.265 [info] [perf] Render performance baseline is 25ms
2025-03-02 13:20:39.537 [error] Illegal value for lineNumber: Error: Illegal value for lineNumber
    at bf.getLineMaxColumn (vscode-file://vscode-app/opt/visual-studio-code/resources/app/out/vs/workbench/workbench.desktop.main.js:252:112)
    at ka.getBottomForLineNumber (vscode-file://vscode-app/opt/visual-studio-code/resources/app/out/vs/workbench/workbench.desktop.main.js:261:1594)
    at Q0.findScrollWidgetState (vscode-file://vscode-app/opt/visual-studio-code/resources/app/out/vs/workbench/workbench.desktop.main.js:452:33539)
    at Q0.fb (vscode-file://vscode-app/opt/visual-studio-code/resources/app/out/vs/workbench/workbench.desktop.main.js:452:32821)
    at async Q0.db (vscode-file://vscode-app/opt/visual-studio-code/resources/app/out/vs/workbench/workbench.desktop.main.js:452:32307)
2025-03-02 13:20:40.933 [error] Illegal value for lineNumber: Error: Illegal value for lineNumber
    at bf.getLineMaxColumn (vscode-file://vscode-app/opt/visual-studio-code/resources/app/out/vs/workbench/workbench.desktop.main.js:252:112)
    at ka.getBottomForLineNumber (vscode-file://vscode-app/opt/visual-studio-code/resources/app/out/vs/workbench/workbench.desktop.main.js:261:1594)
    at Q0.findScrollWidgetState (vscode-file://vscode-app/opt/visual-studio-code/resources/app/out/vs/workbench/workbench.desktop.main.js:452:33539)
    at Q0.fb (vscode-file://vscode-app/opt/visual-studio-code/resources/app/out/vs/workbench/workbench.desktop.main.js:452:32821)
    at async Q0.db (vscode-file://vscode-app/opt/visual-studio-code/resources/app/out/vs/workbench/workbench.desktop.main.js:452:32307)
2025-03-02 13:20:42.179 [error] Illegal value for lineNumber: Error: Illegal value for lineNumber
    at bf.getLineMaxColumn (vscode-file://vscode-app/opt/visual-studio-code/resources/app/out/vs/workbench/workbench.desktop.main.js:252:112)
    at ka.getBottomForLineNumber (vscode-file://vscode-app/opt/visual-studio-code/resources/app/out/vs/workbench/workbench.desktop.main.js:261:1594)
    at Q0.findScrollWidgetState (vscode-file://vscode-app/opt/visual-studio-code/resources/app/out/vs/workbench/workbench.desktop.main.js:452:33539)
    at Q0.fb (vscode-file://vscode-app/opt/visual-studio-code/resources/app/out/vs/workbench/workbench.desktop.main.js:452:32821)
    at async Q0.db (vscode-file://vscode-app/opt/visual-studio-code/resources/app/out/vs/workbench/workbench.desktop.main.js:452:32307)
2025-03-02 13:20:43.399 [error] Illegal value for lineNumber: Error: Illegal value for lineNumber
    at bf.getLineMaxColumn (vscode-file://vscode-app/opt/visual-studio-code/resources/app/out/vs/workbench/workbench.desktop.main.js:252:112)
    at ka.getBottomForLineNumber (vscode-file://vscode-app/opt/visual-studio-code/resources/app/out/vs/workbench/workbench.desktop.main.js:261:1594)
    at Q0.findScrollWidgetState (vscode-file://vscode-app/opt/visual-studio-code/resources/app/out/vs/workbench/workbench.desktop.main.js:452:33539)
    at Q0.fb (vscode-file://vscode-app/opt/visual-studio-code/resources/app/out/vs/workbench/workbench.desktop.main.js:452:32821)
    at async Q0.db (vscode-file://vscode-app/opt/visual-studio-code/resources/app/out/vs/workbench/workbench.desktop.main.js:452:32307)
2025-03-02 13:20:44.676 [error] Illegal value for lineNumber: Error: Illegal value for lineNumber
    at bf.getLineMaxColumn (vscode-file://vscode-app/opt/visual-studio-code/resources/app/out/vs/workbench/workbench.desktop.main.js:252:112)
    at ka.getBottomForLineNumber (vscode-file://vscode-app/opt/visual-studio-code/resources/app/out/vs/workbench/workbench.desktop.main.js:261:1594)
    at Q0.findScrollWidgetState (vscode-file://vscode-app/opt/visual-studio-code/resources/app/out/vs/workbench/workbench.desktop.main.js:452:33539)
    at Q0.fb (vscode-file://vscode-app/opt/visual-studio-code/resources/app/out/vs/workbench/workbench.desktop.main.js:452:32821)
    at async Q0.db (vscode-file://vscode-app/opt/visual-studio-code/resources/app/out/vs/workbench/workbench.desktop.main.js:452:32307)
2025-03-02 13:20:47.351 [error] Illegal value for lineNumber: Error: Illegal value for lineNumber
    at bf.getLineMaxColumn (vscode-file://vscode-app/opt/visual-studio-code/resources/app/out/vs/workbench/workbench.desktop.main.js:252:112)
    at ka.getBottomForLineNumber (vscode-file://vscode-app/opt/visual-studio-code/resources/app/out/vs/workbench/workbench.desktop.main.js:261:1594)
    at Q0.findScrollWidgetState (vscode-file://vscode-app/opt/visual-studio-code/resources/app/out/vs/workbench/workbench.desktop.main.js:452:33539)
    at Q0.fb (vscode-file://vscode-app/opt/visual-studio-code/resources/app/out/vs/workbench/workbench.desktop.main.js:452:32821)
    at async Q0.db (vscode-file://vscode-app/opt/visual-studio-code/resources/app/out/vs/workbench/workbench.desktop.main.js:452:32307)
2025-03-02 13:20:51.867 [error] Illegal value for lineNumber: Error: Illegal value for lineNumber
    at bf.getLineMaxColumn (vscode-file://vscode-app/opt/visual-studio-code/resources/app/out/vs/workbench/workbench.desktop.main.js:252:112)
    at ka.getBottomForLineNumber (vscode-file://vscode-app/opt/visual-studio-code/resources/app/out/vs/workbench/workbench.desktop.main.js:261:1594)
    at Q0.findScrollWidgetState (vscode-file://vscode-app/opt/visual-studio-code/resources/app/out/vs/workbench/workbench.desktop.main.js:452:33539)
    at Q0.fb (vscode-file://vscode-app/opt/visual-studio-code/resources/app/out/vs/workbench/workbench.desktop.main.js:452:32821)
    at async Q0.db (vscode-file://vscode-app/opt/visual-studio-code/resources/app/out/vs/workbench/workbench.desktop.main.js:452:32307)
2025-03-02 13:20:53.675 [error] An unknown error occurred. Please consult the log for more details.
2025-03-02 13:20:59.838 [error] Illegal value for lineNumber: Error: Illegal value for lineNumber
    at bf.getLineMaxColumn (vscode-file://vscode-app/opt/visual-studio-code/resources/app/out/vs/workbench/workbench.desktop.main.js:252:112)
    at ka.getBottomForLineNumber (vscode-file://vscode-app/opt/visual-studio-code/resources/app/out/vs/workbench/workbench.desktop.main.js:261:1594)
    at Q0.findScrollWidgetState (vscode-file://vscode-app/opt/visual-studio-code/resources/app/out/vs/workbench/workbench.desktop.main.js:452:33539)
    at Q0.fb (vscode-file://vscode-app/opt/visual-studio-code/resources/app/out/vs/workbench/workbench.desktop.main.js:452:32821)
    at async Q0.db (vscode-file://vscode-app/opt/visual-studio-code/resources/app/out/vs/workbench/workbench.desktop.main.js:452:32307)
2025-03-02 13:21:00.930 [error] Illegal value for lineNumber: Error: Illegal value for lineNumber
    at bf.getLineMaxColumn (vscode-file://vscode-app/opt/visual-studio-code/resources/app/out/vs/workbench/workbench.desktop.main.js:252:112)
    at ka.getBottomForLineNumber (vscode-file://vscode-app/opt/visual-studio-code/resources/app/out/vs/workbench/workbench.desktop.main.js:261:1594)
    at Q0.findScrollWidgetState (vscode-file://vscode-app/opt/visual-studio-code/resources/app/out/vs/workbench/workbench.desktop.main.js:452:33539)
    at Q0.fb (vscode-file://vscode-app/opt/visual-studio-code/resources/app/out/vs/workbench/workbench.desktop.main.js:452:32821)
    at async Q0.db (vscode-file://vscode-app/opt/visual-studio-code/resources/app/out/vs/workbench/workbench.desktop.main.js:452:32307)
