2025-02-26 15:57:11.818 [info] Reading sessions from keychain...
2025-02-26 15:57:11.818 [info] Getting sessions for all scopes...
2025-02-26 15:57:11.818 [info] Getting sessions for all scopes...
2025-02-26 15:57:11.818 [info] Getting sessions for all scopes...
2025-02-26 15:57:11.818 [info] Got stored sessions!
2025-02-26 15:57:11.818 [info] Got 1 verified sessions.
2025-02-26 15:57:11.818 [info] Got 1 sessions for ...
2025-02-26 15:57:11.818 [info] Got 1 sessions for ...
2025-02-26 15:57:11.818 [info] Got 1 sessions for ...
2025-02-26 15:57:11.818 [info] Getting sessions for all scopes...
2025-02-26 15:57:11.818 [info] Got 1 sessions for ...
2025-02-26 15:57:11.818 [info] Getting sessions for all scopes...
2025-02-26 15:57:11.818 [info] Got 1 sessions for ...
2025-02-26 15:57:11.818 [info] Getting sessions for all scopes...
2025-02-26 15:57:11.818 [info] Got 1 sessions for ...
2025-02-26 15:57:11.818 [info] Getting sessions for all scopes...
2025-02-26 15:57:11.818 [info] Got 1 sessions for ...
2025-02-26 15:57:11.818 [info] Getting sessions for all scopes...
2025-02-26 15:57:11.818 [info] Got 1 sessions for ...
2025-02-26 15:57:11.818 [info] Getting sessions for all scopes...
2025-02-26 15:57:11.818 [info] Got 1 sessions for ...
2025-02-26 15:57:11.818 [info] Getting sessions for all scopes...
2025-02-26 15:57:11.818 [info] Got 1 sessions for ...
2025-02-26 15:57:11.818 [info] Getting sessions for all scopes...
2025-02-26 15:57:11.818 [info] Got 1 sessions for ...
2025-02-26 15:57:11.853 [info] Getting sessions for read:user,repo,user:email,workflow...
2025-02-26 15:57:11.853 [info] Got 0 sessions for read:user,repo,user:email,workflow...
2025-02-26 15:57:12.426 [info] Getting sessions for user:email...
2025-02-26 15:57:12.426 [info] Got 1 sessions for user:email...
2025-02-26 15:57:12.426 [info] Getting sessions for read:user,repo,user:email,workflow...
2025-02-26 15:57:12.426 [info] Got 0 sessions for read:user,repo,user:email,workflow...
2025-02-26 15:57:12.587 [info] Getting sessions for all scopes...
2025-02-26 15:57:12.588 [info] Got 1 sessions for ...
2025-02-26 15:57:12.588 [info] Getting sessions for read:user...
2025-02-26 15:57:12.588 [info] Got 0 sessions for read:user...
2025-02-26 15:57:12.666 [info] Getting sessions for read:user,repo,user:email,workflow...
2025-02-26 15:57:12.666 [info] Got 0 sessions for read:user,repo,user:email,workflow...
2025-02-26 15:57:12.666 [info] Getting sessions for user:email...
2025-02-26 15:57:12.666 [info] Got 1 sessions for user:email...
2025-02-26 15:57:12.673 [info] Getting sessions for user:email...
2025-02-26 15:57:12.673 [info] Got 1 sessions for user:email...
2025-02-26 15:57:12.677 [info] Getting sessions for all scopes...
2025-02-26 15:57:12.677 [info] Got 1 sessions for ...
2025-02-26 15:57:13.510 [info] Getting sessions for read:user,repo,user:email,workflow...
2025-02-26 15:57:13.510 [info] Got 0 sessions for read:user,repo,user:email,workflow...
2025-02-26 15:57:13.511 [info] Getting sessions for user:email...
2025-02-26 15:57:13.511 [info] Got 1 sessions for user:email...
2025-02-26 15:57:13.717 [info] Getting sessions for all scopes...
2025-02-26 15:57:13.717 [info] Got 1 sessions for ...
2025-02-26 15:57:13.772 [info] Getting sessions for read:user,repo,user:email,workflow...
2025-02-26 15:57:13.772 [info] Got 0 sessions for read:user,repo,user:email,workflow...
2025-02-26 15:57:13.773 [info] Getting sessions for user:email...
2025-02-26 15:57:13.773 [info] Got 1 sessions for user:email...
2025-02-26 15:57:14.180 [info] Getting sessions for all scopes...
2025-02-26 15:57:14.180 [info] Got 1 sessions for ...
2025-02-26 15:57:14.181 [info] Getting sessions for all scopes...
2025-02-26 15:57:14.181 [info] Got 1 sessions for ...
2025-02-26 15:57:14.188 [info] Getting sessions for read:user,repo,user:email,workflow...
2025-02-26 15:57:14.188 [info] Got 0 sessions for read:user,repo,user:email,workflow...
2025-02-26 15:57:14.188 [info] Getting sessions for user:email...
2025-02-26 15:57:14.188 [info] Got 1 sessions for user:email...
2025-02-26 15:57:14.190 [info] Getting sessions for all scopes...
2025-02-26 15:57:14.190 [info] Got 1 sessions for ...
2025-02-26 15:57:14.193 [info] Getting sessions for read:user,repo,user:email,workflow...
2025-02-26 15:57:14.193 [info] Got 0 sessions for read:user,repo,user:email,workflow...
2025-02-26 15:57:14.195 [info] Getting sessions for user:email...
2025-02-26 15:57:14.195 [info] Got 1 sessions for user:email...
2025-02-26 15:57:14.286 [info] Getting sessions for all scopes...
2025-02-26 15:57:14.286 [info] Got 1 sessions for ...
2025-02-26 15:57:14.289 [info] Getting sessions for read:user,repo,user:email,workflow...
2025-02-26 15:57:14.289 [info] Got 0 sessions for read:user,repo,user:email,workflow...
2025-02-26 15:57:14.290 [info] Getting sessions for user:email...
2025-02-26 15:57:14.290 [info] Got 1 sessions for user:email...
2025-02-26 15:57:14.406 [info] Getting sessions for all scopes...
2025-02-26 15:57:14.406 [info] Got 1 sessions for ...
2025-02-26 15:57:15.857 [info] Getting sessions for all scopes...
2025-02-26 15:57:15.857 [info] Got 1 sessions for ...
2025-02-26 15:57:15.880 [info] Getting sessions for read:user,repo,user:email,workflow...
2025-02-26 15:57:15.880 [info] Got 0 sessions for read:user,repo,user:email,workflow...
2025-02-26 15:57:15.881 [info] Getting sessions for user:email...
2025-02-26 15:57:15.881 [info] Got 1 sessions for user:email...
2025-02-26 16:12:15.885 [info] Getting sessions for all scopes...
2025-02-26 16:12:15.885 [info] Got 1 sessions for ...
2025-02-26 16:12:15.887 [info] Getting sessions for read:user,repo,user:email,workflow...
2025-02-26 16:12:15.887 [info] Got 0 sessions for read:user,repo,user:email,workflow...
2025-02-26 16:12:15.887 [info] Getting sessions for user:email...
2025-02-26 16:12:15.887 [info] Got 1 sessions for user:email...
2025-02-26 16:12:15.889 [info] Getting sessions for all scopes...
2025-02-26 16:12:15.889 [info] Got 1 sessions for ...
2025-02-26 16:12:15.890 [info] Getting sessions for read:user,repo,user:email,workflow...
2025-02-26 16:12:15.890 [info] Got 0 sessions for read:user,repo,user:email,workflow...
2025-02-26 16:12:15.890 [info] Getting sessions for user:email...
2025-02-26 16:12:15.890 [info] Got 1 sessions for user:email...
