2025-02-26 15:57:14.315 [info] Configuration changed
2025-02-26 15:57:14.339 [info] Configuration changed
2025-02-26 15:57:15.852 [info] Configuration changed
2025-02-26 15:57:22.372 [info] Active editor: file:///home/miesho/Sync/University/magia_czwartego_kregu_wody/tex/test.tex
2025-02-26 15:58:46.203 [info] Executing :w
2025-02-26 16:03:37.709 [info] Executing :w
2025-02-26 16:03:58.222 [info] Executing :w
2025-02-26 16:04:57.786 [info] Executing :w
2025-02-26 16:09:54.232 [info] Executing :w
2025-02-26 16:09:57.232 [info] Executing :w
2025-02-26 16:10:01.297 [info] Active editor: output:extension-output-James-Yu.latex-workshop-%232-LaTeX%20Compiler
2025-02-26 16:10:24.273 [info] Active editor: file:///home/miesho/Sync/University/magia_czwartego_kregu_wody/tex/test.tex
2025-02-26 16:10:26.146 [info] Executing :w
2025-02-26 16:10:31.477 [info] extension-output-James-Yu.latex-workshop-#2-LaTeX Compiler closed
2025-02-26 16:10:44.067 [info] Executing :w
2025-02-26 16:10:51.671 [info] Executing :w
2025-02-26 16:10:58.757 [info] Executing :w
2025-02-26 16:11:45.248 [info] Executing :w
2025-02-26 16:11:55.057 [info] Executing :w
2025-02-26 16:12:07.433 [info] Executing :w
2025-02-26 16:12:16.304 [info] Executing :w
2025-02-26 16:12:38.179 [info] Executing :w
2025-02-26 16:12:55.716 [info] Executing :w
2025-02-26 16:13:13.317 [info] Executing :w
2025-02-26 16:13:36.394 [info] Executing :w
2025-02-26 16:13:37.856 [info] Executing :w
2025-02-26 16:13:38.956 [info] Executing :w
2025-02-26 16:13:44.290 [info] Executing :w
2025-02-26 16:13:46.791 [info] Executing :w
2025-02-26 16:13:50.860 [info] Active editor: output:extension-output-James-Yu.latex-workshop-%232-LaTeX%20Compiler
2025-02-26 16:13:59.062 [info] Active editor: file:///home/miesho/Sync/University/magia_czwartego_kregu_wody/tex/test.tex
2025-02-26 16:14:01.918 [info] Executing :w
2025-02-26 16:14:05.319 [info] extension-output-James-Yu.latex-workshop-#2-LaTeX Compiler closed
2025-02-26 16:14:19.700 [info] Executing :w
2025-02-26 16:14:30.422 [info] Executing :w
2025-02-26 16:14:34.372 [info] Executing :w
2025-02-26 16:14:52.914 [info] Executing :w
2025-02-26 16:14:56.620 [info] Executing :w
