2025-02-25 16:47:49.803 [info] [main] Log level: Info
2025-02-25 16:47:49.803 [info] [main] Validating found git in: "git"
2025-02-25 16:47:49.803 [info] [main] Using git "2.48.1" from "git"
2025-02-25 16:47:49.803 [info] [Model][doInitialScan] Initial repository scan started
2025-02-25 16:47:49.803 [info] > git rev-parse --show-toplevel [42ms]
2025-02-25 16:47:49.803 [info] fatal: not a git repository (or any of the parent directories): .git
2025-02-25 16:47:49.803 [info] > git rev-parse --show-toplevel [7ms]
2025-02-25 16:47:49.803 [info] fatal: not a git repository (or any of the parent directories): .git
2025-02-25 16:47:49.803 [info] > git rev-parse --show-toplevel [1ms]
2025-02-25 16:47:49.803 [info] fatal: not a git repository (or any of the parent directories): .git
2025-02-25 16:47:49.822 [info] > git rev-parse --show-toplevel [2ms]
2025-02-25 16:47:49.822 [info] fatal: not a git repository (or any of the parent directories): .git
2025-02-25 16:47:49.836 [info] > git rev-parse --show-toplevel [1ms]
2025-02-25 16:47:49.836 [info] fatal: not a git repository (or any of the parent directories): .git
2025-02-25 16:47:49.851 [info] > git rev-parse --show-toplevel [2ms]
2025-02-25 16:47:49.851 [info] fatal: not a git repository (or any of the parent directories): .git
2025-02-25 16:47:49.867 [info] > git rev-parse --show-toplevel [1ms]
2025-02-25 16:47:49.867 [info] fatal: not a git repository (or any of the parent directories): .git
2025-02-25 16:47:49.868 [info] [Model][doInitialScan] Initial repository scan completed - repositories (0), closed repositories (0), parent repositories (0), unsafe repositories (0)
2025-02-25 16:47:52.220 [info] > git rev-parse --show-toplevel [3ms]
2025-02-25 16:47:52.220 [info] fatal: not a git repository (or any of the parent directories): .git
2025-02-25 16:47:59.369 [info] > git rev-parse --show-toplevel [1ms]
2025-02-25 16:47:59.369 [info] fatal: not a git repository (or any of the parent directories): .git
