2025-02-26 10:40:28.918 [info] [main] Log level: Info
2025-02-26 10:40:28.918 [info] [main] Validating found git in: "git"
2025-02-26 10:40:28.918 [info] [main] Using git "2.48.1" from "git"
2025-02-26 10:40:28.918 [info] [Model][doInitialScan] Initial repository scan started
2025-02-26 10:40:28.918 [info] > git rev-parse --show-toplevel [6ms]
2025-02-26 10:40:28.918 [info] fatal: not a git repository (or any of the parent directories): .git
2025-02-26 10:40:28.918 [info] > git rev-parse --show-toplevel [1ms]
2025-02-26 10:40:28.918 [info] fatal: not a git repository (or any of the parent directories): .git
2025-02-26 10:40:28.918 [info] > git rev-parse --show-toplevel [1ms]
2025-02-26 10:40:28.918 [info] fatal: not a git repository (or any of the parent directories): .git
2025-02-26 10:40:28.918 [info] > git rev-parse --show-toplevel [897ms]
2025-02-26 10:40:28.918 [info] fatal: not a git repository (or any of the parent directories): .git
2025-02-26 10:40:28.918 [info] > git rev-parse --show-toplevel [39ms]
2025-02-26 10:40:28.918 [info] fatal: not a git repository (or any of the parent directories): .git
2025-02-26 10:40:28.918 [info] > git rev-parse --show-toplevel [27ms]
2025-02-26 10:40:28.936 [info] > git rev-parse --git-dir --git-common-dir [5ms]
2025-02-26 10:40:28.943 [info] [Model][openRepository] Opened repository: /home/miesho/.oh-my-zsh
2025-02-26 10:40:28.976 [info] > git rev-parse --show-toplevel [4ms]
2025-02-26 10:40:28.976 [info] fatal: not a git repository (or any of the parent directories): .git
2025-02-26 10:40:28.976 [info] > git config --get commit.template [18ms]
2025-02-26 10:40:29.026 [info] > git rev-parse --show-toplevel [37ms]
2025-02-26 10:40:29.026 [info] fatal: not a git repository (or any of the parent directories): .git
2025-02-26 10:40:29.047 [info] > git for-each-ref --format=%(refname)%00%(upstream:short)%00%(objectname)%00%(upstream:track)%00%(upstream:remotename)%00%(upstream:remoteref) refs/heads/master refs/remotes/master [32ms]
2025-02-26 10:40:29.065 [info] > git rev-parse --show-toplevel [19ms]
2025-02-26 10:40:29.065 [info] fatal: not a git repository (or any of the parent directories): .git
2025-02-26 10:40:29.109 [info] > git rev-parse --show-toplevel [28ms]
2025-02-26 10:40:29.109 [info] fatal: not a git repository (or any of the parent directories): .git
2025-02-26 10:40:29.179 [info] > git rev-parse --show-toplevel [30ms]
2025-02-26 10:40:29.179 [info] fatal: not a git repository (or any of the parent directories): .git
2025-02-26 10:40:29.179 [info] > git for-each-ref --sort -committerdate --format %(refname) %(objectname) %(*objectname) [43ms]
2025-02-26 10:40:29.212 [info] > git status -z -uall [90ms]
2025-02-26 10:40:29.212 [info] > git rev-parse --show-toplevel [20ms]
2025-02-26 10:40:29.212 [info] fatal: not a git repository (or any of the parent directories): .git
2025-02-26 10:40:30.034 [info] > git check-ignore -v -z --stdin [18ms]
2025-02-26 10:40:30.035 [info] > git for-each-ref --format=%(refname)%00%(upstream:short)%00%(objectname)%00%(upstream:track)%00%(upstream:remotename)%00%(upstream:remoteref) refs/heads/master refs/remotes/master [34ms]
2025-02-26 10:40:30.051 [info] > git rev-parse --show-toplevel [80ms]
2025-02-26 10:40:30.051 [info] fatal: not a git repository (or any of the parent directories): .git
2025-02-26 10:40:30.070 [info] > git config --get --local branch.master.vscode-merge-base [19ms]
2025-02-26 10:40:30.083 [info] > git config --get commit.template [50ms]
2025-02-26 10:40:30.207 [info] > git for-each-ref --format=%(refname)%00%(upstream:short)%00%(objectname)%00%(upstream:track)%00%(upstream:remotename)%00%(upstream:remoteref) refs/heads/origin/master refs/remotes/origin/master [124ms]
2025-02-26 10:40:30.225 [info] > git rev-parse --show-toplevel [156ms]
2025-02-26 10:40:30.225 [info] fatal: not a git repository (or any of the parent directories): .git
2025-02-26 10:40:30.227 [info] [Model][doInitialScan] Initial repository scan completed - repositories (1), closed repositories (0), parent repositories (0), unsafe repositories (0)
2025-02-26 10:40:30.257 [info] > git merge-base refs/heads/master refs/remotes/origin/master [31ms]
