[16:47:52.262][Logger] New log placeholder %WS1% registered for /home/miesho/Sync/University/MAGISTER_BUDOWLANY .
[16:47:52.262][Extension] Initializing LaTeX Workshop.
[16:47:52.386][Build][Recipe] Set $LATEXWORKSHOP_DOCKER_LATEX: ""
[16:47:52.386][Build][Recipe] Set $LATEXWORKSHOP_DOCKER_PATH: "docker"
[16:47:52.434][Server] Creating LaTeX Workshop http and websocket server.
[16:47:52.492][Format][Bib] Bibtex format config: {"tab":"  ","case":"lowercase","left":"{","right":"}","trailingComma":false,"sort":["key"],"alignOnEqual":true,"sortFields":false,"fieldsOrder":[],"firstEntries":["string","xdata"]}
[16:47:52.521][Server] Server successfully started: {"address":"127.0.0.1","family":"IPv4","port":43253} .
[16:47:52.542][Extension] Extension root: /home/miesho/.vscode/extensions/james-yu.latex-workshop-10.7.5
[16:47:52.542][Extension] $PATH: /usr/local/sbin:/usr/local/bin:/usr/bin:/usr/bin/site_perl:/usr/bin/vendor_perl:/usr/bin/core_perl:/opt/yay/bin:/opt/yay/bin
[16:47:52.543][Extension] $SHELL: /usr/bin/zsh
[16:47:52.543][Extension] $LANG: en_US.UTF-8
[16:47:52.543][Extension] $LC_ALL: undefined
[16:47:52.544][Extension] process.platform: linux
[16:47:52.544][Extension] process.arch: x64
[16:47:52.544][Extension] vscode.env.appName: Visual Studio Code
[16:47:52.544][Extension] vscode.env.remoteName: undefined
[16:47:52.544][Extension] vscode.env.uiKind: 1
[16:47:52.584][Extension] Trigger characters for intellisense of LaTeX documents: ["\\",",","{","}"]
[16:47:52.585][Root] Current workspace folders: ["file://%WS1%"]
[16:47:52.586][Root] Try finding root from magic comment.
[16:47:52.586][Extension] LaTeX Workshop initialized.
[16:47:52.586][Root] Try finding root from active editor.
[16:47:52.587][Root] Found root file from active editor: %WS1%/tex/test.tex
[16:47:52.587][Root] Root file changed: from %WS1%/tex/test.tex to %WS1%/tex/test.tex, langID latex . Refresh dependencies
[16:47:52.587][Event] ROOT_FILE_CHANGED: "%WS1%/tex/test.tex"
[16:47:52.588][Cacher][Watcher] Reset.
[16:47:52.588][Cacher][Watcher] Reset.
[16:47:52.592][Cacher] Adding %WS1%/tex/test.tex .
[16:47:52.592][Cacher][Watcher] Watched file://%WS1%/tex/test.tex with a new .* watcher on %WS1%/tex .
[16:47:52.593][Event] FILE_WATCHED: "file://%WS1%/tex/test.tex"
[16:47:52.594][Cacher] Caching %WS1%/tex/test.tex .
[16:47:52.594][Event] ROOT_FILE_SEARCHED
[16:47:52.606][Server] validOrigin is http://127.0.0.1:43253
[16:47:52.627][Cacher] Updated inputs of %WS1%/tex/test.tex .
[16:47:52.627][Cacher] Parse LaTeX AST: %WS1%/tex/test.tex .
[16:47:52.635][Cacher] Parsed LaTeX AST in 7.01 ms: %WS1%/tex/test.tex .
[16:47:52.635][File] Calling kpsewhich to resolve article.cls .
[16:47:52.671][File] kpsewhich returned with '/usr/share/texmf-dist/tex/latex/base/article.cls'.
[16:47:52.674][Cacher] Updated elements in 38.66 ms: %WS1%/tex/test.tex .
[16:47:52.675][Event] FILE_PARSED: "%WS1%/tex/test.tex"
[16:47:52.677][Structure] Structure force updated with 0 root sections for %WS1%/tex/test.tex .
[16:47:52.678][Event] STRUCTURE_UPDATED
[16:47:57.286][Commander] BUILD command invoked.
[16:47:57.286][Build] The document of the active editor: file://%WS1%/tex/test.tex
[16:47:57.286][Build] The languageId of the document: latex
[16:47:57.287][Root] Current workspace folders: ["file://%WS1%"]
[16:47:57.287][Root] Try finding root from magic comment.
[16:47:57.287][Root] Try finding root from active editor.
[16:47:57.287][Root] Found root file from active editor: %WS1%/tex/test.tex
[16:47:57.288][Root] Keep using the same root file: %WS1%/tex/test.tex
[16:47:57.288][Event] ROOT_FILE_SEARCHED
[16:47:57.288][Event] STRUCTURE_UPDATED
[16:47:57.288][Build] Building root file: %WS1%/tex/test.tex
[16:47:57.288][Build][Recipe] Build root file %WS1%/tex/test.tex
[16:47:57.291][Build][Recipe] Preparing to run recipe: latexmk.
[16:47:57.291][Build][Recipe] Prepared 1 tools.
[16:47:57.315][Build][Recipe] outDir: %WS1%/tex .
[16:47:57.318][Build] Recipe step 1 The command is latexmk:["-synctex=1","-interaction=nonstopmode","-file-line-error","-pdf","-outdir=%WS1%/tex","%WS1%/tex/test"].
[16:47:57.318][Build] env: {}
[16:47:57.318][Build] root: %WS1%/tex/test.tex
[16:47:57.319][Build] cwd: %WS1%/tex
[16:47:57.340][Build] LaTeX build process spawned with PID undefined.
[16:47:57.341][Build] LaTeX fatal error on PID undefined. Error: spawn latexmk ENOENT
[16:47:57.341]Error: spawn latexmk ENOENT
    at Process.ChildProcess._handle.onexit (node:internal/child_process:285:19)
    at onErrorNT (node:internal/child_process:483:16)
    at processTicksAndRejections (node:internal/process/task_queues:82:21)
[16:47:57.341][Build] Does the executable exist? $PATH: /usr/local/sbin:/usr/local/bin:/usr/bin:/usr/bin/site_perl:/usr/bin/vendor_perl:/usr/bin/core_perl:/opt/yay/bin:/opt/yay/bin, $Path: undefined, $SHELL: /usr/bin/zsh
[16:47:57.341][Build] 
[16:59:49.570][Commander] BUILD command invoked.
[16:59:49.570][Build] The document of the active editor: output:extension-output-James-Yu.latex-workshop-%231-LaTeX Workshop
[16:59:49.570][Build] The languageId of the document: latex_workshop_log
[16:59:49.570][Build] Cannot find LaTeX root file. See https://github.com/James-Yu/LaTeX-Workshop/wiki/Compile#the-root-file
[16:59:53.022][Commander] BUILD command invoked.
[16:59:53.023][Build] The document of the active editor: output:extension-output-James-Yu.latex-workshop-%231-LaTeX Workshop
[16:59:53.023][Build] The languageId of the document: latex_workshop_log
[16:59:53.023][Build] Cannot find LaTeX root file. See https://github.com/James-Yu/LaTeX-Workshop/wiki/Compile#the-root-file
[16:59:55.604][Cacher][Watcher] Reset.
[16:59:55.605][Cacher][Watcher] Reset.
