2025-02-26 10:40:23.227 [warning] Via 'product.json#extensionEnabledApiProposals' extension 'ms-vscode.vscode-selfhost-test-provider' wants API proposal 'attributableCoverage' but that proposal DOES NOT EXIST. Likely, the proposal has been finalized (check 'vscode.d.ts') or was abandoned.
2025-02-26 10:40:23.227 [warning] Via 'product.json#extensionEnabledApiProposals' extension 'ms-python.python' wants API proposal 'contribIssueReporter' but that proposal DOES NOT EXIST. Likely, the proposal has been finalized (check 'vscode.d.ts') or was abandoned.
2025-02-26 10:40:23.227 [warning] Via 'product.json#extensionEnabledApiProposals' extension 'ms-python.debugpy' wants API proposal 'contribIssueReporter' but that proposal DOES NOT EXIST. Likely, the proposal has been finalized (check 'vscode.d.ts') or was abandoned.
2025-02-26 10:40:23.228 [warning] Via 'product.json#extensionEnabledApiProposals' extension 'redhat.java' wants API proposal 'documentPaste' but that proposal DOES NOT EXIST. Likely, the proposal has been finalized (check 'vscode.d.ts') or was abandoned.
2025-02-26 10:40:23.517 [info] Started local extension host with pid 1756.
2025-02-26 10:40:24.365 [info] Settings Sync: Account status changed from uninitialized to unavailable
2025-02-26 10:40:26.138 [info] [perf] Render performance baseline is 17ms
2025-02-26 10:40:28.786 [error] [Extension Host] TypeError: Cannot read properties of undefined (reading 'packageJSON')
    at m (/home/miesho/.vscode/extensions/jonathanharty.gruvbox-material-icon-theme-1.1.5/dist/extension.js:1:59422)
    at /home/miesho/.vscode/extensions/jonathanharty.gruvbox-material-icon-theme-1.1.5/dist/extension.js:1:59088
    at Generator.next (<anonymous>)
    at /home/miesho/.vscode/extensions/jonathanharty.gruvbox-material-icon-theme-1.1.5/dist/extension.js:1:58625
    at new Promise (<anonymous>)
    at a (/home/miesho/.vscode/extensions/jonathanharty.gruvbox-material-icon-theme-1.1.5/dist/extension.js:1:58370)
    at Object.t.checkThemeStatus (/home/miesho/.vscode/extensions/jonathanharty.gruvbox-material-icon-theme-1.1.5/dist/extension.js:1:59018)
    at /home/miesho/.vscode/extensions/jonathanharty.gruvbox-material-icon-theme-1.1.5/dist/extension.js:1:52529
    at Generator.next (<anonymous>)
    at a (/home/miesho/.vscode/extensions/jonathanharty.gruvbox-material-icon-theme-1.1.5/dist/extension.js:1:52022)
2025-02-26 10:40:28.786 [error] [Extension Host] TypeError: Cannot read properties of undefined (reading 'packageJSON')
    at Object.t.getConfigProperties (/home/miesho/.vscode/extensions/jonathanharty.gruvbox-material-icon-theme-1.1.5/dist/extension.js:1:55948)
    at a (/home/miesho/.vscode/extensions/jonathanharty.gruvbox-material-icon-theme-1.1.5/dist/extension.js:1:53104)
    at Object.t.detectConfigChanges (/home/miesho/.vscode/extensions/jonathanharty.gruvbox-material-icon-theme-1.1.5/dist/extension.js:1:52934)
    at /home/miesho/.vscode/extensions/jonathanharty.gruvbox-material-icon-theme-1.1.5/dist/extension.js:1:52624
    at Generator.next (<anonymous>)
    at a (/home/miesho/.vscode/extensions/jonathanharty.gruvbox-material-icon-theme-1.1.5/dist/extension.js:1:52022)
