2025-02-26 10:40:24.155 [info] Reading sessions from keychain...
2025-02-26 10:40:24.155 [info] Getting sessions for all scopes...
2025-02-26 10:40:24.155 [info] Getting sessions for all scopes...
2025-02-26 10:40:24.155 [info] Getting sessions for all scopes...
2025-02-26 10:40:24.155 [info] Getting sessions for all scopes...
2025-02-26 10:40:24.155 [info] Getting sessions for all scopes...
2025-02-26 10:40:24.155 [info] Getting sessions for all scopes...
2025-02-26 10:40:24.155 [info] Getting sessions for all scopes...
2025-02-26 10:40:24.155 [info] Got stored sessions!
2025-02-26 10:40:24.155 [info] Got 1 verified sessions.
2025-02-26 10:40:24.155 [info] Got 1 sessions for ...
2025-02-26 10:40:24.155 [info] Got 1 sessions for ...
2025-02-26 10:40:24.155 [info] Got 1 sessions for ...
2025-02-26 10:40:24.155 [info] Got 1 sessions for ...
2025-02-26 10:40:24.155 [info] Got 1 sessions for ...
2025-02-26 10:40:24.155 [info] Got 1 sessions for ...
2025-02-26 10:40:24.155 [info] Got 1 sessions for ...
2025-02-26 10:40:25.973 [info] Getting sessions for all scopes...
2025-02-26 10:40:25.973 [info] Got 1 sessions for ...
2025-02-26 10:40:28.853 [info] Getting sessions for read:user,repo,user:email,workflow...
2025-02-26 10:40:28.853 [info] Got 0 sessions for read:user,repo,user:email,workflow...
2025-02-26 10:40:28.854 [info] Getting sessions for all scopes...
2025-02-26 10:40:28.854 [info] Got 1 sessions for ...
2025-02-26 10:40:28.854 [info] Getting sessions for all scopes...
2025-02-26 10:40:28.854 [info] Got 1 sessions for ...
2025-02-26 10:40:28.934 [info] Getting sessions for read:user...
2025-02-26 10:40:28.934 [info] Got 0 sessions for read:user...
2025-02-26 10:40:28.973 [info] Getting sessions for read:user,repo,user:email,workflow...
2025-02-26 10:40:28.973 [info] Got 0 sessions for read:user,repo,user:email,workflow...
2025-02-26 10:40:29.027 [info] Getting sessions for user:email...
2025-02-26 10:40:29.027 [info] Got 1 sessions for user:email...
2025-02-26 10:40:29.061 [info] Getting sessions for user:email...
2025-02-26 10:40:29.061 [info] Got 1 sessions for user:email...
2025-02-26 10:40:29.180 [info] Getting sessions for all scopes...
2025-02-26 10:40:29.180 [info] Got 1 sessions for ...
2025-02-26 10:40:29.180 [info] Getting sessions for all scopes...
2025-02-26 10:40:29.180 [info] Got 1 sessions for ...
2025-02-26 10:40:30.227 [info] Getting sessions for read:user,repo,user:email,workflow...
2025-02-26 10:40:30.227 [info] Got 0 sessions for read:user,repo,user:email,workflow...
2025-02-26 10:40:30.228 [info] Getting sessions for read:user,repo,user:email,workflow...
2025-02-26 10:40:30.228 [info] Got 0 sessions for read:user,repo,user:email,workflow...
