2025-02-26 17:54:56.171 [info] Reading sessions from keychain...
2025-02-26 17:54:56.171 [info] Getting sessions for all scopes...
2025-02-26 17:54:56.171 [info] Getting sessions for all scopes...
2025-02-26 17:54:56.171 [info] Getting sessions for all scopes...
2025-02-26 17:54:56.171 [info] Got stored sessions!
2025-02-26 17:54:56.171 [info] Got 1 verified sessions.
2025-02-26 17:54:56.171 [info] Got 1 sessions for ...
2025-02-26 17:54:56.171 [info] Got 1 sessions for ...
2025-02-26 17:54:56.171 [info] Got 1 sessions for ...
2025-02-26 17:54:56.171 [info] Getting sessions for all scopes...
2025-02-26 17:54:56.171 [info] Got 1 sessions for ...
2025-02-26 17:54:56.171 [info] Getting sessions for all scopes...
2025-02-26 17:54:56.171 [info] Got 1 sessions for ...
2025-02-26 17:54:56.171 [info] Getting sessions for all scopes...
2025-02-26 17:54:56.171 [info] Got 1 sessions for ...
2025-02-26 17:54:56.171 [info] Getting sessions for all scopes...
2025-02-26 17:54:56.171 [info] Got 1 sessions for ...
2025-02-26 17:54:56.171 [info] Getting sessions for all scopes...
2025-02-26 17:54:56.171 [info] Got 1 sessions for ...
2025-02-26 17:54:56.171 [info] Getting sessions for all scopes...
2025-02-26 17:54:56.171 [info] Got 1 sessions for ...
2025-02-26 17:54:56.171 [info] Getting sessions for all scopes...
2025-02-26 17:54:56.171 [info] Got 1 sessions for ...
2025-02-26 17:54:56.171 [info] Getting sessions for all scopes...
2025-02-26 17:54:56.171 [info] Got 1 sessions for ...
2025-02-26 17:54:56.182 [info] Getting sessions for read:user,repo,user:email,workflow...
2025-02-26 17:54:56.182 [info] Got 0 sessions for read:user,repo,user:email,workflow...
2025-02-26 17:54:56.802 [info] Getting sessions for user:email...
2025-02-26 17:54:56.802 [info] Got 1 sessions for user:email...
2025-02-26 17:54:56.838 [info] Getting sessions for read:user,repo,user:email,workflow...
2025-02-26 17:54:56.838 [info] Got 0 sessions for read:user,repo,user:email,workflow...
2025-02-26 17:54:56.939 [info] Getting sessions for all scopes...
2025-02-26 17:54:56.939 [info] Got 1 sessions for ...
2025-02-26 17:54:56.940 [info] Getting sessions for read:user...
2025-02-26 17:54:56.940 [info] Got 0 sessions for read:user...
2025-02-26 17:54:57.082 [info] Getting sessions for read:user,repo,user:email,workflow...
2025-02-26 17:54:57.082 [info] Got 0 sessions for read:user,repo,user:email,workflow...
2025-02-26 17:54:57.084 [info] Getting sessions for user:email...
2025-02-26 17:54:57.084 [info] Got 1 sessions for user:email...
2025-02-26 17:54:57.954 [info] Getting sessions for user:email...
2025-02-26 17:54:57.954 [info] Got 1 sessions for user:email...
2025-02-26 17:54:57.966 [info] Getting sessions for all scopes...
2025-02-26 17:54:57.966 [info] Got 1 sessions for ...
2025-02-26 17:54:57.967 [info] Getting sessions for read:user,repo,user:email,workflow...
2025-02-26 17:54:57.967 [info] Got 0 sessions for read:user,repo,user:email,workflow...
2025-02-26 17:54:57.967 [info] Getting sessions for user:email...
2025-02-26 17:54:57.967 [info] Got 1 sessions for user:email...
2025-02-26 17:54:58.495 [info] Getting sessions for all scopes...
2025-02-26 17:54:58.495 [info] Got 1 sessions for ...
2025-02-26 17:54:58.495 [info] Getting sessions for all scopes...
2025-02-26 17:54:58.495 [info] Got 1 sessions for ...
2025-02-26 17:54:58.503 [info] Getting sessions for read:user,repo,user:email,workflow...
2025-02-26 17:54:58.503 [info] Got 0 sessions for read:user,repo,user:email,workflow...
2025-02-26 17:54:58.516 [info] Getting sessions for user:email...
2025-02-26 17:54:58.516 [info] Got 1 sessions for user:email...
2025-02-26 17:54:58.518 [info] Getting sessions for all scopes...
2025-02-26 17:54:58.518 [info] Got 1 sessions for ...
2025-02-26 17:54:58.518 [info] Getting sessions for read:user,repo,user:email,workflow...
2025-02-26 17:54:58.518 [info] Got 0 sessions for read:user,repo,user:email,workflow...
2025-02-26 17:54:58.519 [info] Getting sessions for user:email...
2025-02-26 17:54:58.519 [info] Got 1 sessions for user:email...
2025-02-26 17:54:58.584 [info] Getting sessions for all scopes...
2025-02-26 17:54:58.584 [info] Got 1 sessions for ...
2025-02-26 17:54:58.590 [info] Getting sessions for read:user,repo,user:email,workflow...
2025-02-26 17:54:58.590 [info] Got 0 sessions for read:user,repo,user:email,workflow...
2025-02-26 17:54:58.591 [info] Getting sessions for user:email...
2025-02-26 17:54:58.591 [info] Got 1 sessions for user:email...
2025-02-26 17:54:58.682 [info] Getting sessions for all scopes...
2025-02-26 17:54:58.682 [info] Got 1 sessions for ...
2025-02-26 17:54:59.190 [info] Getting sessions for all scopes...
2025-02-26 17:54:59.190 [info] Got 1 sessions for ...
2025-02-26 17:54:59.207 [info] Getting sessions for read:user,repo,user:email,workflow...
2025-02-26 17:54:59.207 [info] Got 0 sessions for read:user,repo,user:email,workflow...
2025-02-26 17:54:59.207 [info] Getting sessions for user:email...
2025-02-26 17:54:59.207 [info] Got 1 sessions for user:email...
2025-02-26 18:09:59.210 [info] Getting sessions for all scopes...
2025-02-26 18:09:59.210 [info] Got 1 sessions for ...
2025-02-26 18:09:59.211 [info] Getting sessions for read:user,repo,user:email,workflow...
2025-02-26 18:09:59.211 [info] Got 0 sessions for read:user,repo,user:email,workflow...
2025-02-26 18:09:59.212 [info] Getting sessions for user:email...
2025-02-26 18:09:59.212 [info] Got 1 sessions for user:email...
