2025-02-25 17:37:36.051 [info] [main] Log level: Info
2025-02-25 17:37:36.051 [info] [main] Validating found git in: "git"
2025-02-25 17:37:36.051 [info] [main] Using git "2.48.1" from "git"
2025-02-25 17:37:36.051 [info] [Model][doInitialScan] Initial repository scan started
2025-02-25 17:37:36.051 [info] > git rev-parse --show-toplevel [43ms]
2025-02-25 17:37:36.051 [info] fatal: not a git repository (or any of the parent directories): .git
2025-02-25 17:37:36.051 [info] > git rev-parse --show-toplevel [6ms]
2025-02-25 17:37:36.051 [info] fatal: not a git repository (or any of the parent directories): .git
2025-02-25 17:37:36.052 [info] > git rev-parse --show-toplevel [2ms]
2025-02-25 17:37:36.052 [info] fatal: not a git repository (or any of the parent directories): .git
2025-02-25 17:37:36.077 [info] > git rev-parse --show-toplevel [4ms]
2025-02-25 17:37:36.077 [info] fatal: not a git repository (or any of the parent directories): .git
2025-02-25 17:37:36.093 [info] > git rev-parse --show-toplevel [1ms]
2025-02-25 17:37:36.093 [info] fatal: not a git repository (or any of the parent directories): .git
2025-02-25 17:37:36.111 [info] > git rev-parse --show-toplevel [3ms]
2025-02-25 17:37:36.111 [info] fatal: not a git repository (or any of the parent directories): .git
2025-02-25 17:37:36.113 [info] [Model][doInitialScan] Initial repository scan completed - repositories (0), closed repositories (0), parent repositories (0), unsafe repositories (0)
2025-02-25 17:37:58.553 [info] > git rev-parse --show-toplevel [1ms]
2025-02-25 17:37:58.553 [info] fatal: not a git repository (or any of the parent directories): .git
2025-02-25 17:38:48.919 [info] > git rev-parse --show-toplevel [1ms]
2025-02-25 17:38:48.919 [info] fatal: not a git repository (or any of the parent directories): .git
2025-02-25 17:39:01.995 [info] > git rev-parse --show-toplevel [2ms]
2025-02-25 17:39:01.995 [info] fatal: not a git repository (or any of the parent directories): .git
