2025-02-26 12:04:18.945 [info] [main] Log level: Info
2025-02-26 12:04:18.945 [info] [main] Validating found git in: "git"
2025-02-26 12:04:18.945 [info] [main] Using git "2.48.1" from "git"
2025-02-26 12:04:18.945 [info] [Model][doInitialScan] Initial repository scan started
2025-02-26 12:04:18.945 [info] > git rev-parse --show-toplevel [10ms]
2025-02-26 12:04:18.945 [info] > git rev-parse --git-dir --git-common-dir [830ms]
2025-02-26 12:04:18.945 [info] [Model][openRepository] Opened repository: /home/miesho/Sync/University/magia_czwartego_kregu_wody
2025-02-26 12:04:18.994 [info] > git rev-parse --show-toplevel [25ms]
2025-02-26 12:04:18.994 [info] > git config --get commit.template [36ms]
2025-02-26 12:04:19.027 [info] [Git][getRemotes] No remotes found in the git config file
2025-02-26 12:04:19.044 [info] > git rev-parse --show-toplevel [32ms]
2025-02-26 12:04:19.060 [info] > git for-each-ref --format=%(refname)%00%(upstream:short)%00%(objectname)%00%(upstream:track)%00%(upstream:remotename)%00%(upstream:remoteref) refs/heads/master refs/remotes/master [34ms]
2025-02-26 12:04:19.060 [warning] [Git][getBranch] No such branch: master
2025-02-26 12:04:19.091 [info] > git status -z -uall [17ms]
2025-02-26 12:04:19.091 [info] > git for-each-ref --sort -committerdate --format %(refname) %(objectname) %(*objectname) [4ms]
2025-02-26 12:04:19.109 [info] > git rev-parse --show-toplevel [50ms]
2025-02-26 12:04:19.167 [info] > git for-each-ref --format=%(refname)%00%(upstream:short)%00%(objectname)%00%(upstream:track)%00%(upstream:remotename)%00%(upstream:remoteref) refs/heads/master refs/remotes/master [60ms]
2025-02-26 12:04:19.167 [warning] [Git][getBranch] No such branch: master
2025-02-26 12:04:19.167 [error] [GitHistoryProvider][resolveHEADMergeBase] Failed to resolve merge base for master: Error: No such branch: master.
2025-02-26 12:04:19.187 [info] > git check-ignore -v -z --stdin [8ms]
2025-02-26 12:04:19.188 [info] > git rev-parse --show-toplevel [21ms]
2025-02-26 12:04:19.188 [info] > git config --get commit.template [32ms]
2025-02-26 12:04:19.217 [info] [Git][getRemotes] No remotes found in the git config file
2025-02-26 12:04:19.217 [info] > git rev-parse --show-toplevel [17ms]
2025-02-26 12:04:19.219 [info] [Model][doInitialScan] Initial repository scan completed - repositories (1), closed repositories (0), parent repositories (0), unsafe repositories (0)
2025-02-26 12:04:19.242 [info] > git show --textconv :tex/test.tex [12ms]
2025-02-26 12:04:19.253 [info] > git for-each-ref --format=%(refname)%00%(upstream:short)%00%(objectname)%00%(upstream:track)%00%(upstream:remotename)%00%(upstream:remoteref) refs/heads/master refs/remotes/master [36ms]
2025-02-26 12:04:19.253 [warning] [Git][getBranch] No such branch: master
2025-02-26 12:04:19.276 [info] > git status -z -uall [13ms]
2025-02-26 12:04:19.276 [info] > git for-each-ref --sort -committerdate --format %(refname) %(objectname) %(*objectname) [1ms]
2025-02-26 12:04:19.278 [info] > git hash-object -t tree /dev/null [26ms]
2025-02-26 12:04:19.278 [warning] [GitFileSystemProvider][readFile] File not found - git:/home/miesho/Sync/University/magia_czwartego_kregu_wody/tex/test.tex.git?%7B%22path%22%3A%22%2Fhome%2Fmiesho%2FSync%2FUniversity%2Fmagia_czwartego_kregu_wody%2Ftex%2Ftest.tex%22%2C%22ref%22%3A%22%22%7D
2025-02-26 12:04:19.283 [info] > git ls-files --stage -- /home/miesho/Sync/University/magia_czwartego_kregu_wody/tex/test.tex [41ms]
2025-02-26 12:04:19.284 [warning] [GitFileSystemProvider][stat] File not found - git:/home/miesho/Sync/University/magia_czwartego_kregu_wody/tex/test.tex.git?%7B%22path%22%3A%22%2Fhome%2Fmiesho%2FSync%2FUniversity%2Fmagia_czwartego_kregu_wody%2Ftex%2Ftest.tex%22%2C%22ref%22%3A%22%22%7D
2025-02-26 12:04:20.726 [info] > git config --get commit.template [2ms]
2025-02-26 12:04:20.763 [info] [Git][getRemotes] No remotes found in the git config file
2025-02-26 12:04:20.779 [info] > git for-each-ref --format=%(refname)%00%(upstream:short)%00%(objectname)%00%(upstream:track)%00%(upstream:remotename)%00%(upstream:remoteref) refs/heads/master refs/remotes/master [16ms]
2025-02-26 12:04:20.779 [warning] [Git][getBranch] No such branch: master
2025-02-26 12:04:20.822 [info] > git status -z -uall [25ms]
2025-02-26 12:04:20.822 [info] > git for-each-ref --sort -committerdate --format %(refname) %(objectname) %(*objectname) [7ms]
2025-02-26 12:04:31.192 [info] [Git][getRemotes] No remotes found in the git config file
2025-02-26 12:04:31.192 [info] > git config --get commit.template [14ms]
2025-02-26 12:04:31.192 [info] > git for-each-ref --format=%(refname)%00%(upstream:short)%00%(objectname)%00%(upstream:track)%00%(upstream:remotename)%00%(upstream:remoteref) refs/heads/master refs/remotes/master [0ms]
2025-02-26 12:04:31.192 [warning] [Git][getBranch] No such branch: master
2025-02-26 12:04:31.220 [info] > git status -z -uall [14ms]
2025-02-26 12:04:31.221 [info] > git for-each-ref --sort -committerdate --format %(refname) %(objectname) %(*objectname) [1ms]
2025-02-26 12:04:47.603 [info] [Git][getRemotes] No remotes found in the git config file
2025-02-26 12:04:47.604 [info] > git config --get commit.template [20ms]
2025-02-26 12:04:47.605 [info] > git for-each-ref --format=%(refname)%00%(upstream:short)%00%(objectname)%00%(upstream:track)%00%(upstream:remotename)%00%(upstream:remoteref) refs/heads/master refs/remotes/master [2ms]
2025-02-26 12:04:47.605 [warning] [Git][getBranch] No such branch: master
2025-02-26 12:04:47.647 [info] > git status -z -uall [20ms]
2025-02-26 12:04:47.647 [info] > git for-each-ref --sort -committerdate --format %(refname) %(objectname) %(*objectname) [1ms]
2025-02-26 12:05:23.712 [info] [Git][getRemotes] No remotes found in the git config file
2025-02-26 12:05:23.728 [info] > git config --get commit.template [16ms]
2025-02-26 12:05:23.729 [info] > git for-each-ref --format=%(refname)%00%(upstream:short)%00%(objectname)%00%(upstream:track)%00%(upstream:remotename)%00%(upstream:remoteref) refs/heads/master refs/remotes/master [3ms]
2025-02-26 12:05:23.729 [warning] [Git][getBranch] No such branch: master
2025-02-26 12:05:23.764 [info] > git status -z -uall [15ms]
2025-02-26 12:05:23.764 [info] > git for-each-ref --sort -committerdate --format %(refname) %(objectname) %(*objectname) [1ms]
2025-02-26 12:12:49.917 [info] [Git][getRemotes] No remotes found in the git config file
2025-02-26 12:12:49.918 [info] > git config --get commit.template [15ms]
2025-02-26 12:12:49.919 [info] > git for-each-ref --format=%(refname)%00%(upstream:short)%00%(objectname)%00%(upstream:track)%00%(upstream:remotename)%00%(upstream:remoteref) refs/heads/master refs/remotes/master [2ms]
2025-02-26 12:12:49.919 [warning] [Git][getBranch] No such branch: master
2025-02-26 12:12:49.948 [info] > git status -z -uall [15ms]
2025-02-26 12:12:49.949 [info] > git for-each-ref --sort -committerdate --format %(refname) %(objectname) %(*objectname) [1ms]
2025-02-26 12:12:59.069 [info] [Git][getRemotes] No remotes found in the git config file
2025-02-26 12:12:59.069 [info] > git config --get commit.template [20ms]
2025-02-26 12:12:59.069 [info] > git for-each-ref --format=%(refname)%00%(upstream:short)%00%(objectname)%00%(upstream:track)%00%(upstream:remotename)%00%(upstream:remoteref) refs/heads/master refs/remotes/master [1ms]
2025-02-26 12:12:59.070 [warning] [Git][getBranch] No such branch: master
2025-02-26 12:12:59.105 [info] > git status -z -uall [18ms]
2025-02-26 12:12:59.106 [info] > git for-each-ref --sort -committerdate --format %(refname) %(objectname) %(*objectname) [2ms]
2025-02-26 12:14:00.324 [info] > git config --get commit.template [2ms]
2025-02-26 12:14:00.345 [info] [Git][getRemotes] No remotes found in the git config file
2025-02-26 12:14:00.346 [info] > git for-each-ref --format=%(refname)%00%(upstream:short)%00%(objectname)%00%(upstream:track)%00%(upstream:remotename)%00%(upstream:remoteref) refs/heads/master refs/remotes/master [1ms]
2025-02-26 12:14:00.346 [warning] [Git][getBranch] No such branch: master
2025-02-26 12:14:00.379 [info] > git status -z -uall [18ms]
2025-02-26 12:14:00.380 [info] > git for-each-ref --sort -committerdate --format %(refname) %(objectname) %(*objectname) [2ms]
2025-02-26 12:14:12.088 [info] [Git][getRemotes] No remotes found in the git config file
2025-02-26 12:14:12.089 [info] > git config --get commit.template [16ms]
2025-02-26 12:14:12.089 [info] > git for-each-ref --format=%(refname)%00%(upstream:short)%00%(objectname)%00%(upstream:track)%00%(upstream:remotename)%00%(upstream:remoteref) refs/heads/master refs/remotes/master [1ms]
2025-02-26 12:14:12.089 [warning] [Git][getBranch] No such branch: master
2025-02-26 12:14:12.120 [info] > git status -z -uall [17ms]
2025-02-26 12:14:12.120 [info] > git for-each-ref --sort -committerdate --format %(refname) %(objectname) %(*objectname) [1ms]
2025-02-26 14:47:04.526 [info] [Git][getRemotes] No remotes found in the git config file
2025-02-26 14:47:04.526 [info] > git config --get commit.template [16ms]
2025-02-26 14:47:04.526 [info] > git for-each-ref --format=%(refname)%00%(upstream:short)%00%(objectname)%00%(upstream:track)%00%(upstream:remotename)%00%(upstream:remoteref) refs/heads/master refs/remotes/master [1ms]
2025-02-26 14:47:04.526 [warning] [Git][getBranch] No such branch: master
2025-02-26 14:47:04.557 [info] > git status -z -uall [16ms]
2025-02-26 14:47:04.558 [info] > git for-each-ref --sort -committerdate --format %(refname) %(objectname) %(*objectname) [1ms]
2025-02-26 14:47:09.595 [info] [Git][getRemotes] No remotes found in the git config file
2025-02-26 14:47:09.595 [info] > git config --get commit.template [15ms]
2025-02-26 14:47:09.596 [info] > git for-each-ref --format=%(refname)%00%(upstream:short)%00%(objectname)%00%(upstream:track)%00%(upstream:remotename)%00%(upstream:remoteref) refs/heads/master refs/remotes/master [1ms]
2025-02-26 14:47:09.596 [warning] [Git][getBranch] No such branch: master
2025-02-26 14:47:09.631 [info] > git status -z -uall [19ms]
2025-02-26 14:47:09.632 [info] > git for-each-ref --sort -committerdate --format %(refname) %(objectname) %(*objectname) [1ms]
2025-02-26 14:48:02.224 [info] [Git][getRemotes] No remotes found in the git config file
2025-02-26 14:48:02.225 [info] > git config --get commit.template [16ms]
2025-02-26 14:48:02.225 [info] > git for-each-ref --format=%(refname)%00%(upstream:short)%00%(objectname)%00%(upstream:track)%00%(upstream:remotename)%00%(upstream:remoteref) refs/heads/master refs/remotes/master [1ms]
2025-02-26 14:48:02.225 [warning] [Git][getBranch] No such branch: master
2025-02-26 14:48:02.253 [info] > git status -z -uall [15ms]
2025-02-26 14:48:02.254 [info] > git for-each-ref --sort -committerdate --format %(refname) %(objectname) %(*objectname) [1ms]
2025-02-26 14:48:36.323 [info] > git config --get commit.template [1ms]
2025-02-26 14:48:36.338 [info] [Git][getRemotes] No remotes found in the git config file
2025-02-26 14:48:36.339 [info] > git for-each-ref --format=%(refname)%00%(upstream:short)%00%(objectname)%00%(upstream:track)%00%(upstream:remotename)%00%(upstream:remoteref) refs/heads/master refs/remotes/master [1ms]
2025-02-26 14:48:36.340 [warning] [Git][getBranch] No such branch: master
2025-02-26 14:48:36.395 [info] > git status -z -uall [33ms]
2025-02-26 14:48:36.397 [info] > git for-each-ref --sort -committerdate --format %(refname) %(objectname) %(*objectname) [3ms]
2025-02-26 14:49:28.655 [info] [Git][getRemotes] No remotes found in the git config file
2025-02-26 14:49:28.656 [info] > git config --get commit.template [17ms]
2025-02-26 14:49:28.656 [info] > git for-each-ref --format=%(refname)%00%(upstream:short)%00%(objectname)%00%(upstream:track)%00%(upstream:remotename)%00%(upstream:remoteref) refs/heads/master refs/remotes/master [1ms]
2025-02-26 14:49:28.656 [warning] [Git][getBranch] No such branch: master
2025-02-26 14:49:28.690 [info] > git status -z -uall [17ms]
2025-02-26 14:49:28.691 [info] > git for-each-ref --sort -committerdate --format %(refname) %(objectname) %(*objectname) [1ms]
2025-02-26 14:50:30.862 [info] > git config --get commit.template [2ms]
2025-02-26 14:50:30.879 [info] [Git][getRemotes] No remotes found in the git config file
2025-02-26 14:50:30.880 [info] > git for-each-ref --format=%(refname)%00%(upstream:short)%00%(objectname)%00%(upstream:track)%00%(upstream:remotename)%00%(upstream:remoteref) refs/heads/master refs/remotes/master [1ms]
2025-02-26 14:50:30.880 [warning] [Git][getBranch] No such branch: master
2025-02-26 14:50:30.911 [info] > git status -z -uall [16ms]
2025-02-26 14:50:30.912 [info] > git for-each-ref --sort -committerdate --format %(refname) %(objectname) %(*objectname) [2ms]
2025-02-26 14:53:06.450 [info] [Git][getRemotes] No remotes found in the git config file
2025-02-26 14:53:06.451 [info] > git config --get commit.template [17ms]
2025-02-26 14:53:06.451 [info] > git for-each-ref --format=%(refname)%00%(upstream:short)%00%(objectname)%00%(upstream:track)%00%(upstream:remotename)%00%(upstream:remoteref) refs/heads/master refs/remotes/master [1ms]
2025-02-26 14:53:06.451 [warning] [Git][getBranch] No such branch: master
2025-02-26 14:53:06.482 [info] > git status -z -uall [16ms]
2025-02-26 14:53:06.483 [info] > git for-each-ref --sort -committerdate --format %(refname) %(objectname) %(*objectname) [1ms]
2025-02-26 15:05:45.650 [info] [Git][getRemotes] No remotes found in the git config file
2025-02-26 15:05:45.651 [info] > git config --get commit.template [16ms]
2025-02-26 15:05:45.651 [info] > git for-each-ref --format=%(refname)%00%(upstream:short)%00%(objectname)%00%(upstream:track)%00%(upstream:remotename)%00%(upstream:remoteref) refs/heads/master refs/remotes/master [1ms]
2025-02-26 15:05:45.651 [warning] [Git][getBranch] No such branch: master
2025-02-26 15:05:45.682 [info] > git status -z -uall [17ms]
2025-02-26 15:05:45.682 [info] > git for-each-ref --sort -committerdate --format %(refname) %(objectname) %(*objectname) [1ms]
2025-02-26 15:05:51.387 [info] [Git][getRemotes] No remotes found in the git config file
2025-02-26 15:05:51.387 [info] > git config --get commit.template [14ms]
2025-02-26 15:05:51.388 [info] > git for-each-ref --format=%(refname)%00%(upstream:short)%00%(objectname)%00%(upstream:track)%00%(upstream:remotename)%00%(upstream:remoteref) refs/heads/master refs/remotes/master [1ms]
2025-02-26 15:05:51.388 [warning] [Git][getBranch] No such branch: master
2025-02-26 15:05:51.418 [info] > git status -z -uall [15ms]
2025-02-26 15:05:51.418 [info] > git for-each-ref --sort -committerdate --format %(refname) %(objectname) %(*objectname) [1ms]
2025-02-26 15:05:56.460 [info] [Git][getRemotes] No remotes found in the git config file
2025-02-26 15:05:56.461 [info] > git config --get commit.template [20ms]
2025-02-26 15:05:56.461 [info] > git for-each-ref --format=%(refname)%00%(upstream:short)%00%(objectname)%00%(upstream:track)%00%(upstream:remotename)%00%(upstream:remoteref) refs/heads/master refs/remotes/master [1ms]
2025-02-26 15:05:56.461 [warning] [Git][getBranch] No such branch: master
2025-02-26 15:05:56.500 [info] > git status -z -uall [19ms]
2025-02-26 15:05:56.500 [info] > git for-each-ref --sort -committerdate --format %(refname) %(objectname) %(*objectname) [1ms]
2025-02-26 15:06:01.535 [info] [Git][getRemotes] No remotes found in the git config file
2025-02-26 15:06:01.537 [info] > git for-each-ref --format=%(refname)%00%(upstream:short)%00%(objectname)%00%(upstream:track)%00%(upstream:remotename)%00%(upstream:remoteref) refs/heads/master refs/remotes/master [2ms]
2025-02-26 15:06:01.537 [warning] [Git][getBranch] No such branch: master
2025-02-26 15:06:01.537 [info] > git config --get commit.template [16ms]
2025-02-26 15:06:01.571 [info] > git status -z -uall [17ms]
2025-02-26 15:06:01.571 [info] > git for-each-ref --sort -committerdate --format %(refname) %(objectname) %(*objectname) [1ms]
2025-02-26 15:06:54.680 [info] > git config --get commit.template [2ms]
2025-02-26 15:06:54.704 [info] [Git][getRemotes] No remotes found in the git config file
2025-02-26 15:06:54.705 [info] > git for-each-ref --format=%(refname)%00%(upstream:short)%00%(objectname)%00%(upstream:track)%00%(upstream:remotename)%00%(upstream:remoteref) refs/heads/master refs/remotes/master [2ms]
2025-02-26 15:06:54.705 [warning] [Git][getBranch] No such branch: master
2025-02-26 15:06:54.748 [info] > git status -z -uall [24ms]
2025-02-26 15:06:54.750 [info] > git for-each-ref --sort -committerdate --format %(refname) %(objectname) %(*objectname) [3ms]
2025-02-26 15:07:02.574 [info] > git config --get commit.template [2ms]
2025-02-26 15:07:02.598 [info] [Git][getRemotes] No remotes found in the git config file
2025-02-26 15:07:02.599 [info] > git for-each-ref --format=%(refname)%00%(upstream:short)%00%(objectname)%00%(upstream:track)%00%(upstream:remotename)%00%(upstream:remoteref) refs/heads/master refs/remotes/master [1ms]
2025-02-26 15:07:02.600 [warning] [Git][getBranch] No such branch: master
2025-02-26 15:07:02.639 [info] > git status -z -uall [18ms]
2025-02-26 15:07:02.640 [info] > git for-each-ref --sort -committerdate --format %(refname) %(objectname) %(*objectname) [2ms]
