2025-02-25 22:12:59.884 [info] Configuration changed
2025-02-25 22:13:00.860 [info] Configuration changed
2025-02-25 22:13:01.903 [info] Configuration changed
2025-02-25 22:13:29.815 [info] Active editor: file:///home/miesho/Sync/University/magia_czwartego_kregu_wody/tex/test.tex
2025-02-25 22:13:34.506 [info] Executing :w
2025-02-25 22:13:38.720 [info] Active editor: file:///home/miesho/Sync/University/magia_czwartego_kregu_wody/tex/test.tex
2025-02-25 22:13:59.883 [info] Executing :w
2025-02-25 22:14:30.579 [info] Executing :w
2025-02-25 22:14:58.997 [info] Executing :w
2025-02-25 22:16:16.928 [info] Executing :w
2025-02-25 22:20:14.012 [info] Active editor: file:///home/miesho/Sync/University/magia_czwartego_kregu_wody/tex/test.tex
2025-02-25 22:21:20.765 [info] Executing :w
2025-02-25 22:21:31.221 [info] Executing :w
2025-02-25 22:21:53.425 [info] Executing :w
2025-02-25 22:21:54.120 [info] Executing :w
2025-02-25 22:21:58.615 [info] Executing :w
2025-02-25 22:22:11.532 [info] Executing :w
2025-02-25 22:22:23.588 [info] Executing :w
2025-02-25 22:22:25.880 [info] Executing :w
2025-02-25 22:22:57.695 [info] Executing :w
2025-02-25 22:23:01.691 [info] Active editor: file:///home/miesho/Sync/University/magia_czwartego_kregu_wody/tex/test.tex
2025-02-25 22:23:09.406 [info] Executing :w
2025-02-25 22:23:11.136 [info] Executing :w
2025-02-25 22:23:12.926 [info] Executing :w
2025-02-25 22:23:23.160 [info] Executing :w
2025-02-25 22:23:30.576 [info] Executing :w
2025-02-25 22:23:38.877 [info] Executing :w
2025-02-25 22:23:57.890 [info] Executing :w
2025-02-25 22:24:08.484 [info] Executing :w
2025-02-25 22:24:11.043 [info] Executing :w
2025-02-25 22:24:33.834 [info] Executing :w
2025-02-25 22:24:38.852 [info] Active editor: file:///home/miesho/Sync/University/magia_czwartego_kregu_wody/tex/test.tex
2025-02-25 22:24:40.364 [info] Executing :w
2025-02-25 22:24:44.166 [info] Executing :w
2025-02-25 22:24:58.093 [info] Executing :w
2025-02-25 22:25:20.689 [info] Executing :w
2025-02-25 22:25:36.695 [info] Executing :w
2025-02-25 22:25:49.206 [info] Executing :w
2025-02-25 22:25:56.048 [info] Executing :w
2025-02-25 22:26:07.978 [info] Executing :w
2025-02-25 22:26:12.285 [info] Active editor: output:extension-output-James-Yu.latex-workshop-%232-LaTeX%20Compiler
2025-02-25 22:26:14.672 [info] Active editor: file:///home/miesho/Sync/University/magia_czwartego_kregu_wody/tex/test.tex
2025-02-25 22:26:14.685 [info] extension-output-James-Yu.latex-workshop-#2-LaTeX Compiler closed
2025-02-25 22:26:20.923 [info] Executing :w
2025-02-25 22:26:21.903 [info] Executing :w
2025-02-25 22:26:22.969 [info] Executing :w
2025-02-25 22:26:39.760 [info] Executing :w
2025-02-25 22:26:44.296 [info] Executing :w
2025-02-25 22:26:52.301 [info] Executing :w
2025-02-25 22:26:57.439 [info] Executing :w
2025-02-25 22:27:13.324 [info] Executing :w
2025-02-25 22:27:19.783 [info] Executing :w
2025-02-25 22:27:24.069 [info] Executing :w
2025-02-25 22:27:30.953 [info] Executing :w
2025-02-25 22:27:32.313 [info] Executing :w
2025-02-25 22:27:36.244 [info] Executing :w
2025-02-25 22:27:41.653 [info] Executing :w
2025-02-25 22:27:45.091 [info] Executing :w
2025-02-25 22:27:55.681 [info] Executing :w
2025-02-25 22:28:00.833 [info] Executing :w
2025-02-25 22:28:03.528 [info] Executing :w
2025-02-25 22:28:10.972 [info] Configuration changed
2025-02-25 22:28:16.077 [info] Executing :w
2025-02-25 22:29:15.645 [info] Executing :w
2025-02-25 22:29:25.159 [info] Executing :w
2025-02-25 22:29:45.733 [info] Executing :w
2025-02-25 22:29:54.301 [info] Executing :w
2025-02-25 22:31:50.033 [info] Executing :w
2025-02-25 22:34:29.688 [info] Executing :w
2025-02-25 22:34:30.755 [info] Executing :w
2025-02-25 22:34:36.100 [info] Executing :w
