[11:46:22.588][Logger] New log placeholder %WS1% registered for /home/miesho/Sync/University/magia_czwartego_kregu_wody .
[11:46:22.588][Extension] Initializing LaTeX Workshop.
[11:46:22.705][Build][Recipe] Set $LATEXWORKSHOP_DOCKER_LATEX: ""
[11:46:22.705][Build][Recipe] Set $LATEXWORKSHOP_DOCKER_PATH: "docker"
[11:46:22.731][Server] Creating LaTeX Workshop http and websocket server.
[11:46:22.791][Format][Bib] Bibtex format config: {"tab":"  ","case":"lowercase","left":"{","right":"}","trailingComma":false,"sort":["key"],"alignOnEqual":true,"sortFields":false,"fieldsOrder":[],"firstEntries":["string","xdata"]}
[11:46:22.818][Server] Server successfully started: {"address":"127.0.0.1","family":"IPv4","port":46133} .
[11:46:23.140][Extension] Extension root: /home/miesho/.vscode/extensions/james-yu.latex-workshop-10.7.5
[11:46:23.140][Extension] $PATH: /usr/local/sbin:/usr/local/bin:/usr/bin:/usr/bin/site_perl:/usr/bin/vendor_perl:/usr/bin/core_perl
[11:46:23.140][Extension] $SHELL: /usr/bin/zsh
[11:46:23.140][Extension] $LANG: en_US.UTF-8
[11:46:23.140][Extension] $LC_ALL: undefined
[11:46:23.140][Extension] process.platform: linux
[11:46:23.140][Extension] process.arch: x64
[11:46:23.141][Extension] vscode.env.appName: Visual Studio Code
[11:46:23.141][Extension] vscode.env.remoteName: undefined
[11:46:23.141][Extension] vscode.env.uiKind: 1
[11:46:23.172][Extension] Trigger characters for intellisense of LaTeX documents: ["\\",",","{","}"]
[11:46:23.174][Root] Current workspace folders: ["file://%WS1%"]
[11:46:23.174][Extension] LaTeX Workshop initialized.
[11:46:23.174][Root] Try finding root from current workspaceRootDir: file://%WS1% .
[11:46:23.176][Server] validOrigin is http://127.0.0.1:46133
[11:46:23.184][Root] Current workspace folders: ["file://%WS1%"]
[11:46:23.184][Root] Try finding root from magic comment.
[11:46:23.185][Root] Try finding root from active editor.
[11:46:23.185][Root] Found root file from active editor: %WS1%/tex/test.tex
[11:46:23.185][Root] Root file changed: from %WS1%/tex/test.tex to %WS1%/tex/test.tex, langID latex . Refresh dependencies
[11:46:23.186][Event] ROOT_FILE_CHANGED: "%WS1%/tex/test.tex"
[11:46:23.186][Cacher][Watcher] Reset.
[11:46:23.186][Cacher][Watcher] Reset.
[11:46:23.189][Cacher] Adding %WS1%/tex/test.tex .
[11:46:23.190][Cacher][Watcher] Watched file://%WS1%/tex/test.tex with a new .* watcher on %WS1%/tex .
[11:46:23.190][Event] FILE_WATCHED: "file://%WS1%/tex/test.tex"
[11:46:23.192][Cacher] Caching %WS1%/tex/test.tex .
[11:46:23.192][Event] ROOT_FILE_SEARCHED
[11:46:23.275][Cacher] Updated inputs of %WS1%/tex/test.tex .
[11:46:23.275][Cacher] Parse LaTeX AST: %WS1%/tex/test.tex .
[11:46:23.347][Cacher] Parsed LaTeX AST in 71.29 ms: %WS1%/tex/test.tex .
[11:46:23.347][File] Calling kpsewhich to resolve article.cls .
[11:46:23.365][File] kpsewhich returned with '/usr/share/texmf-dist/tex/latex/base/article.cls'.
[11:46:23.369][Cacher] Updated elements in 21.65 ms: %WS1%/tex/test.tex .
[11:46:23.369][Event] FILE_PARSED: "%WS1%/tex/test.tex"
[11:46:23.371][Structure] Structure force updated with 0 root sections for %WS1%/tex/test.tex .
[11:46:23.371][Event] STRUCTURE_UPDATED
[11:46:23.372][Structure] Structure updated with 3 root sections for %WS1%/tex/test.tex .
[11:46:23.372][Event] STRUCTURE_UPDATED
[11:46:23.401][Viewer][Panel] Internal PDF viewer at http://127.0.0.1:46133/viewer.html?file=pdf..ZmlsZSUzQSUyRiUyRiUyRmhvbWUlMkZtaWVzaG8lMkZTeW5jJTJGVW5pdmVyc2l0eSUyRm1hZ2lhX2N6d2FydGVnb19rcmVndV93b2R5JTJGdGV4JTJGdGVzdC5wZGY .
[11:46:23.402][Cacher][Watcher] Watched file://%WS1%/tex/test.pdf with a new .pdf watcher on %WS1%/tex .
[11:46:23.402][Event] FILE_WATCHED: "file://%WS1%/tex/test.pdf"
[11:46:23.524][Cacher] Parsing .fls %WS1%/tex/test.fls .
[11:46:24.281][Root] Found root file from '.fls': %WS1%/tex/test.tex
[11:46:24.281][Root] Keep using the same root file: %WS1%/tex/test.tex
[11:46:24.282][Event] ROOT_FILE_SEARCHED
[11:46:24.282][Event] STRUCTURE_UPDATED
[11:46:24.447][Cacher] Found .aux %WS1%/tex/test.aux from .fls %WS1%/tex/test.fls , parsing.
[11:46:24.589][Cacher] Parsed .aux %WS1%/tex/test.aux .
[11:46:24.589][Cacher] Parsed .fls %WS1%/tex/test.fls .
[11:46:25.859][Viewer] Handle data type: open
[11:46:25.971][Server] Preview PDF file: file://%WS1%/tex/test.pdf
[11:46:26.150][Viewer] Handle data type: loaded
[11:46:26.150][Event] VIEWER_PAGE_LOADED
[11:46:28.678][Event] STRUCTURE_UPDATED
[11:46:33.829][Event] STRUCTURE_UPDATED
[11:47:11.216][Root] Current workspace folders: ["file://%WS1%"]
[11:47:11.217][Root] Try finding root from magic comment.
[11:47:11.218][Root] Try finding root from active editor.
[11:47:11.218][Root] Try finding root from current root.
[11:47:11.218][Root] Try finding root from current workspaceRootDir: file://%WS1% .
[11:47:11.324][Root] Found files that might be root including the current root: %WS1%/tex/test.tex .
[11:47:11.324][Root] Keep using the same root file: %WS1%/tex/test.tex
[11:47:11.325][Event] ROOT_FILE_SEARCHED
[11:47:11.325][Event] STRUCTURE_UPDATED
[11:47:11.326][Event] STRUCTURE_UPDATED
[11:47:13.321][Cacher] Error loading cache: %WS1%/note/note.tex . Forcing.
[11:47:13.322][Cacher] Caching %WS1%/note/note.tex .
[11:47:13.324][Cacher] Updated inputs of %WS1%/note/note.tex .
[11:47:13.324][Cacher] Parse LaTeX AST: %WS1%/note/note.tex .
[11:47:13.325][Cacher] Parsed LaTeX AST in 0.79 ms: %WS1%/note/note.tex .
[11:47:13.325][Cacher] Updated elements in 0.22 ms: %WS1%/note/note.tex .
[11:47:13.326][Event] FILE_PARSED: "%WS1%/note/note.tex"
[11:47:13.326][Structure][LaTeX] Error loading content during structuring: %WS1%/note/note.tex .
[11:47:13.326][Structure][LaTeX] Error loading content during structuring: %WS1%/note/note.tex .
[11:47:13.327][Structure] Structure force updated with 3 root sections for %WS1%/tex/test.tex .
[11:47:13.327][Event] STRUCTURE_UPDATED
[11:47:14.089][Structure][LaTeX] Error loading content during structuring: %WS1%/note/note.tex .
[11:47:15.430][Structure][LaTeX] Error loading content during structuring: %WS1%/note/note.tex .
[11:47:17.272][Structure][LaTeX] Error loading content during structuring: %WS1%/note/note.tex .
[11:47:19.031][Structure][LaTeX] Error loading content during structuring: %WS1%/note/note.tex .
[13:01:43.649][Root] Current workspace folders: ["file://%WS1%"]
[13:01:43.650][Root] Try finding root from magic comment.
[13:01:43.651][Root] Try finding root from active editor.
[13:01:43.651][Root] Found root file from active editor: %WS1%/tex/test.tex
[13:01:43.651][Root] Keep using the same root file: %WS1%/tex/test.tex
[13:01:43.651][Event] ROOT_FILE_SEARCHED
[13:01:43.652][Event] STRUCTURE_UPDATED
[13:01:43.652][Event] STRUCTURE_UPDATED
[13:08:50.415][Cacher][Watcher] Reset.
[13:08:50.416][Cacher][Watcher] Reset.
