2025-03-02 11:46:25.772 [info] Configuration changed
2025-03-02 11:46:25.870 [info] Configuration changed
2025-03-02 11:46:27.296 [info] Configuration changed
2025-03-02 11:46:28.678 [info] Active editor: file:///home/miesho/Sync/University/magia_czwartego_kregu_wody/tex/test.tex
2025-03-02 11:46:33.830 [info] Active editor: file:///home/miesho/Sync/University/magia_czwartego_kregu_wody/tex/test.tex
2025-03-02 11:47:11.218 [info] Active editor: file:///home/miesho/Sync/University/magia_czwartego_kregu_wody/note/note.tex
2025-03-02 11:47:21.754 [info] /home/miesho/Sync/University/magia_czwartego_kregu_wody/note/note.tex closed
2025-03-02 11:47:21.816 [info] Active editor: file:///home/miesho/Sync/University/magia_czwartego_kregu_wody/note/note.md
2025-03-02 11:47:30.853 [info] Executing :w
2025-03-02 11:47:31.553 [info] Executing :w
2025-03-02 11:47:36.250 [info] Active editor: file:///home/miesho/Sync/University/magia_czwartego_kregu_wody/note/note.md
2025-03-02 11:47:42.323 [info] Executing :w
2025-03-02 11:47:48.616 [info] Executing :w
2025-03-02 11:48:14.709 [info] Executing :w
2025-03-02 11:48:49.880 [info] Executing :w
2025-03-02 11:49:07.722 [info] Executing :w
2025-03-02 11:49:09.171 [info] Executing :w
2025-03-02 11:49:11.314 [info] Executing :w
2025-03-02 11:49:12.849 [info] Executing :w
2025-03-02 11:49:13.792 [info] Executing :w
2025-03-02 11:49:19.867 [info] /home/miesho/Sync/University/magia_czwartego_kregu_wody/note/note.md closed
2025-03-02 11:49:19.929 [info] Active editor: file:///home/miesho/Sync/University/magia_czwartego_kregu_wody/note/Zakres_prac.md
2025-03-02 12:59:48.082 [info] Active editor: file:///home/miesho/Sync/University/magia_czwartego_kregu_wody/note/Zakres_prac.md
2025-03-02 13:00:16.481 [info] Executing :w
2025-03-02 13:00:28.086 [info] Executing :w
2025-03-02 13:01:29.189 [info] Executing :w
2025-03-02 13:01:31.790 [info] Executing :w
2025-03-02 13:01:39.346 [info] Executing :w
2025-03-02 13:01:43.651 [info] Active editor: file:///home/miesho/Sync/University/magia_czwartego_kregu_wody/tex/test.tex
