2025-02-25 16:47:46.572 [info] Reading sessions from keychain...
2025-02-25 16:47:46.573 [info] Getting sessions for all scopes...
2025-02-25 16:47:46.573 [info] Getting sessions for all scopes...
2025-02-25 16:47:46.573 [info] Got stored sessions!
2025-02-25 16:47:46.573 [info] Got 1 verified sessions.
2025-02-25 16:47:46.573 [info] Got 1 sessions for ...
2025-02-25 16:47:46.573 [info] Got 1 sessions for ...
2025-02-25 16:47:46.573 [info] Getting sessions for all scopes...
2025-02-25 16:47:46.573 [info] Got 1 sessions for ...
2025-02-25 16:47:46.573 [info] Getting sessions for all scopes...
2025-02-25 16:47:46.573 [info] Got 1 sessions for ...
2025-02-25 16:47:46.573 [info] Getting sessions for all scopes...
2025-02-25 16:47:46.573 [info] Got 1 sessions for ...
2025-02-25 16:47:46.573 [info] Getting sessions for all scopes...
2025-02-25 16:47:46.573 [info] Got 1 sessions for ...
2025-02-25 16:47:46.573 [info] Getting sessions for all scopes...
2025-02-25 16:47:46.573 [info] Got 1 sessions for ...
2025-02-25 16:47:49.413 [info] Getting sessions for all scopes...
2025-02-25 16:47:49.413 [info] Got 1 sessions for ...
2025-02-25 16:47:49.751 [info] Getting sessions for read:user,repo,user:email,workflow...
2025-02-25 16:47:49.751 [info] Got 0 sessions for read:user,repo,user:email,workflow...
2025-02-25 16:47:49.752 [info] Getting sessions for all scopes...
2025-02-25 16:47:49.752 [info] Got 1 sessions for ...
2025-02-25 16:47:49.752 [info] Getting sessions for all scopes...
2025-02-25 16:47:49.752 [info] Got 1 sessions for ...
2025-02-25 16:47:49.821 [info] Getting sessions for read:user...
2025-02-25 16:47:49.821 [info] Got 0 sessions for read:user...
2025-02-25 16:47:49.821 [info] Getting sessions for read:user,repo,user:email,workflow...
2025-02-25 16:47:49.821 [info] Got 0 sessions for read:user,repo,user:email,workflow...
2025-02-25 16:47:49.849 [info] Getting sessions for user:email...
2025-02-25 16:47:49.849 [info] Got 1 sessions for user:email...
2025-02-25 16:47:49.851 [info] Getting sessions for user:email...
2025-02-25 16:47:49.851 [info] Got 1 sessions for user:email...
2025-02-25 16:47:50.675 [info] Getting sessions for all scopes...
2025-02-25 16:47:50.675 [info] Got 1 sessions for ...
2025-02-25 16:47:50.699 [info] Getting sessions for read:user,repo,user:email,workflow...
2025-02-25 16:47:50.699 [info] Got 0 sessions for read:user,repo,user:email,workflow...
2025-02-25 16:47:50.701 [info] Getting sessions for user:email...
2025-02-25 16:47:50.701 [info] Got 1 sessions for user:email...
2025-02-25 16:47:50.703 [info] Getting sessions for all scopes...
2025-02-25 16:47:50.703 [info] Got 1 sessions for ...
2025-02-25 16:47:50.706 [info] Getting sessions for read:user,repo,user:email,workflow...
2025-02-25 16:47:50.706 [info] Got 0 sessions for read:user,repo,user:email,workflow...
2025-02-25 16:47:50.706 [info] Getting sessions for user:email...
2025-02-25 16:47:50.706 [info] Got 1 sessions for user:email...
2025-02-25 16:47:51.306 [info] Getting sessions for all scopes...
2025-02-25 16:47:51.306 [info] Got 1 sessions for ...
2025-02-25 16:47:51.306 [info] Getting sessions for all scopes...
2025-02-25 16:47:51.306 [info] Got 1 sessions for ...
2025-02-25 16:47:51.313 [info] Getting sessions for read:user,repo,user:email,workflow...
2025-02-25 16:47:51.313 [info] Got 0 sessions for read:user,repo,user:email,workflow...
2025-02-25 16:47:51.314 [info] Getting sessions for user:email...
2025-02-25 16:47:51.314 [info] Got 1 sessions for user:email...
2025-02-25 16:47:51.316 [info] Getting sessions for all scopes...
2025-02-25 16:47:51.316 [info] Got 1 sessions for ...
2025-02-25 16:47:51.319 [info] Getting sessions for read:user,repo,user:email,workflow...
2025-02-25 16:47:51.319 [info] Got 0 sessions for read:user,repo,user:email,workflow...
2025-02-25 16:47:51.320 [info] Getting sessions for user:email...
2025-02-25 16:47:51.320 [info] Got 1 sessions for user:email...
2025-02-25 16:47:51.368 [info] Getting sessions for all scopes...
2025-02-25 16:47:51.368 [info] Got 1 sessions for ...
2025-02-25 16:47:51.369 [info] Getting sessions for read:user,repo,user:email,workflow...
2025-02-25 16:47:51.370 [info] Got 0 sessions for read:user,repo,user:email,workflow...
2025-02-25 16:47:51.370 [info] Getting sessions for user:email...
2025-02-25 16:47:51.370 [info] Got 1 sessions for user:email...
2025-02-25 16:47:51.993 [info] Getting sessions for all scopes...
2025-02-25 16:47:51.993 [info] Got 1 sessions for ...
2025-02-25 16:47:51.995 [info] Getting sessions for read:user,repo,user:email,workflow...
2025-02-25 16:47:51.995 [info] Got 0 sessions for read:user,repo,user:email,workflow...
2025-02-25 16:47:51.996 [info] Getting sessions for user:email...
2025-02-25 16:47:51.996 [info] Got 1 sessions for user:email...
