2025-02-25 17:00:02.925 [info] [main] Log level: Info
2025-02-25 17:00:02.925 [info] [main] Validating found git in: "git"
2025-02-25 17:00:02.925 [info] [main] Using git "2.48.1" from "git"
2025-02-25 17:00:02.925 [info] [Model][doInitialScan] Initial repository scan started
2025-02-25 17:00:02.925 [info] > git rev-parse --show-toplevel [2ms]
2025-02-25 17:00:02.925 [info] fatal: not a git repository (or any of the parent directories): .git
2025-02-25 17:00:02.925 [info] > git rev-parse --show-toplevel [3ms]
2025-02-25 17:00:02.925 [info] fatal: not a git repository (or any of the parent directories): .git
2025-02-25 17:00:02.925 [info] > git rev-parse --show-toplevel [9ms]
2025-02-25 17:00:02.925 [info] fatal: not a git repository (or any of the parent directories): .git
2025-02-25 17:00:02.960 [info] > git rev-parse --show-toplevel [19ms]
2025-02-25 17:00:02.960 [info] fatal: not a git repository (or any of the parent directories): .git
2025-02-25 17:00:02.984 [info] > git rev-parse --show-toplevel [6ms]
2025-02-25 17:00:02.984 [info] fatal: not a git repository (or any of the parent directories): .git
2025-02-25 17:00:03.007 [info] > git rev-parse --show-toplevel [6ms]
2025-02-25 17:00:03.007 [info] fatal: not a git repository (or any of the parent directories): .git
2025-02-25 17:00:03.009 [info] [Model][doInitialScan] Initial repository scan completed - repositories (0), closed repositories (0), parent repositories (0), unsafe repositories (0)
2025-02-25 17:00:03.031 [info] > git rev-parse --show-toplevel [6ms]
2025-02-25 17:00:03.031 [info] fatal: not a git repository (or any of the parent directories): .git
2025-02-25 17:00:03.083 [info] > git rev-parse --show-toplevel [35ms]
2025-02-25 17:00:03.083 [info] fatal: not a git repository (or any of the parent directories): .git
2025-02-25 17:00:03.107 [info] > git rev-parse --show-toplevel [9ms]
2025-02-25 17:00:03.107 [info] fatal: not a git repository (or any of the parent directories): .git
2025-02-25 17:00:04.366 [info] > git rev-parse --show-toplevel [14ms]
2025-02-25 17:00:04.366 [info] fatal: not a git repository (or any of the parent directories): .git
2025-02-25 17:00:22.027 [info] > git rev-parse --show-toplevel [2ms]
2025-02-25 17:00:22.028 [info] fatal: not a git repository (or any of the parent directories): .git
2025-02-25 17:00:32.677 [info] > git rev-parse --show-toplevel [2ms]
2025-02-25 17:00:32.677 [info] fatal: not a git repository (or any of the parent directories): .git
2025-02-25 17:00:38.277 [info] > git rev-parse --show-toplevel [3ms]
2025-02-25 17:00:38.277 [info] fatal: not a git repository (or any of the parent directories): .git
2025-02-25 17:07:34.669 [info] > git rev-parse --show-toplevel [2ms]
2025-02-25 17:07:34.669 [info] fatal: not a git repository (or any of the parent directories): .git
2025-02-25 17:07:47.044 [info] > git rev-parse --show-toplevel [2ms]
2025-02-25 17:07:47.044 [info] fatal: not a git repository (or any of the parent directories): .git
2025-02-25 17:08:26.953 [info] > git rev-parse --show-toplevel [1ms]
2025-02-25 17:08:26.953 [info] fatal: not a git repository (or any of the parent directories): .git
2025-02-25 17:08:30.409 [info] > git rev-parse --show-toplevel [3ms]
2025-02-25 17:08:30.409 [info] fatal: not a git repository (or any of the parent directories): .git
2025-02-25 17:08:43.418 [info] > git rev-parse --show-toplevel [4ms]
2025-02-25 17:08:43.418 [info] fatal: not a git repository (or any of the parent directories): .git
2025-02-25 17:08:57.772 [info] > git rev-parse --show-toplevel [4ms]
2025-02-25 17:08:57.772 [info] fatal: not a git repository (or any of the parent directories): .git
2025-02-25 17:09:03.536 [info] > git rev-parse --show-toplevel [1ms]
2025-02-25 17:09:03.537 [info] fatal: not a git repository (or any of the parent directories): .git
2025-02-25 17:09:05.259 [info] > git rev-parse --show-toplevel [4ms]
2025-02-25 17:09:05.259 [info] fatal: not a git repository (or any of the parent directories): .git
2025-02-25 17:10:09.873 [info] > git rev-parse --show-toplevel [1ms]
2025-02-25 17:10:09.873 [info] fatal: not a git repository (or any of the parent directories): .git
2025-02-25 17:10:11.634 [info] > git rev-parse --show-toplevel [3ms]
2025-02-25 17:10:11.634 [info] fatal: not a git repository (or any of the parent directories): .git
2025-02-25 17:10:16.363 [info] > git rev-parse --show-toplevel [3ms]
2025-02-25 17:10:16.363 [info] fatal: not a git repository (or any of the parent directories): .git
2025-02-25 17:10:37.965 [info] > git rev-parse --show-toplevel [1ms]
2025-02-25 17:10:37.965 [info] fatal: not a git repository (or any of the parent directories): .git
2025-02-25 17:10:46.500 [info] > git rev-parse --show-toplevel [2ms]
2025-02-25 17:10:46.500 [info] fatal: not a git repository (or any of the parent directories): .git
2025-02-25 17:10:49.353 [info] > git rev-parse --show-toplevel [3ms]
2025-02-25 17:10:49.353 [info] fatal: not a git repository (or any of the parent directories): .git
2025-02-25 17:11:10.179 [info] > git rev-parse --show-toplevel [3ms]
2025-02-25 17:11:10.179 [info] fatal: not a git repository (or any of the parent directories): .git
2025-02-25 17:11:40.143 [info] > git rev-parse --show-toplevel [2ms]
2025-02-25 17:11:40.143 [info] fatal: not a git repository (or any of the parent directories): .git
