2025-02-25 17:00:01.487 [info] Reading sessions from keychain...
2025-02-25 17:00:01.487 [info] Getting sessions for all scopes...
2025-02-25 17:00:01.487 [info] Getting sessions for all scopes...
2025-02-25 17:00:01.487 [info] Getting sessions for all scopes...
2025-02-25 17:00:01.487 [info] Getting sessions for all scopes...
2025-02-25 17:00:01.487 [info] Getting sessions for all scopes...
2025-02-25 17:00:01.487 [info] Getting sessions for all scopes...
2025-02-25 17:00:01.487 [info] Getting sessions for all scopes...
2025-02-25 17:00:01.645 [info] Got stored sessions!
2025-02-25 17:00:01.645 [info] Got 1 verified sessions.
2025-02-25 17:00:01.645 [info] Got 1 sessions for ...
2025-02-25 17:00:01.645 [info] Got 1 sessions for ...
2025-02-25 17:00:01.645 [info] Got 1 sessions for ...
2025-02-25 17:00:01.645 [info] Got 1 sessions for ...
2025-02-25 17:00:01.645 [info] Got 1 sessions for ...
2025-02-25 17:00:01.645 [info] Got 1 sessions for ...
2025-02-25 17:00:01.645 [info] Got 1 sessions for ...
2025-02-25 17:00:02.617 [info] Getting sessions for all scopes...
2025-02-25 17:00:02.617 [info] Got 1 sessions for ...
2025-02-25 17:00:02.943 [info] Getting sessions for read:user,repo,user:email,workflow...
2025-02-25 17:00:02.943 [info] Got 0 sessions for read:user,repo,user:email,workflow...
2025-02-25 17:00:02.943 [info] Getting sessions for all scopes...
2025-02-25 17:00:02.943 [info] Got 1 sessions for ...
2025-02-25 17:00:02.944 [info] Getting sessions for all scopes...
2025-02-25 17:00:02.944 [info] Got 1 sessions for ...
2025-02-25 17:00:02.981 [info] Getting sessions for all scopes...
2025-02-25 17:00:02.981 [info] Got 1 sessions for ...
2025-02-25 17:00:03.030 [info] Getting sessions for read:user...
2025-02-25 17:00:03.030 [info] Got 0 sessions for read:user...
2025-02-25 17:00:03.030 [info] Getting sessions for read:user,repo,user:email,workflow...
2025-02-25 17:00:03.030 [info] Got 0 sessions for read:user,repo,user:email,workflow...
2025-02-25 17:00:03.107 [info] Getting sessions for user:email...
2025-02-25 17:00:03.107 [info] Got 1 sessions for user:email...
2025-02-25 17:00:03.107 [info] Getting sessions for user:email...
2025-02-25 17:00:03.107 [info] Got 1 sessions for user:email...
2025-02-25 17:00:03.110 [info] Getting sessions for all scopes...
2025-02-25 17:00:03.110 [info] Got 1 sessions for ...
2025-02-25 17:00:03.112 [info] Getting sessions for read:user,repo,user:email,workflow...
2025-02-25 17:00:03.112 [info] Got 0 sessions for read:user,repo,user:email,workflow...
2025-02-25 17:00:03.929 [info] Getting sessions for user:email...
2025-02-25 17:00:03.929 [info] Got 1 sessions for user:email...
2025-02-25 17:00:03.930 [info] Getting sessions for all scopes...
2025-02-25 17:00:03.930 [info] Got 1 sessions for ...
2025-02-25 17:00:03.931 [info] Getting sessions for read:user,repo,user:email,workflow...
2025-02-25 17:00:03.931 [info] Got 0 sessions for read:user,repo,user:email,workflow...
2025-02-25 17:00:03.932 [info] Getting sessions for user:email...
2025-02-25 17:00:03.932 [info] Got 1 sessions for user:email...
2025-02-25 17:00:04.077 [info] Getting sessions for all scopes...
2025-02-25 17:00:04.077 [info] Got 1 sessions for ...
2025-02-25 17:00:04.079 [info] Getting sessions for read:user,repo,user:email,workflow...
2025-02-25 17:00:04.079 [info] Got 0 sessions for read:user,repo,user:email,workflow...
2025-02-25 17:00:04.080 [info] Getting sessions for user:email...
2025-02-25 17:00:04.080 [info] Got 1 sessions for user:email...
2025-02-25 17:00:04.486 [info] Getting sessions for all scopes...
2025-02-25 17:00:04.486 [info] Got 1 sessions for ...
2025-02-25 17:00:04.486 [info] Getting sessions for all scopes...
2025-02-25 17:00:04.486 [info] Got 1 sessions for ...
2025-02-25 17:00:04.487 [info] Getting sessions for read:user,repo,user:email,workflow...
2025-02-25 17:00:04.487 [info] Got 0 sessions for read:user,repo,user:email,workflow...
2025-02-25 17:00:04.488 [info] Getting sessions for user:email...
2025-02-25 17:00:04.488 [info] Got 1 sessions for user:email...
2025-02-25 17:00:04.490 [info] Getting sessions for all scopes...
2025-02-25 17:00:04.490 [info] Got 1 sessions for ...
2025-02-25 17:00:04.491 [info] Getting sessions for read:user,repo,user:email,workflow...
2025-02-25 17:00:04.491 [info] Got 0 sessions for read:user,repo,user:email,workflow...
2025-02-25 17:00:04.492 [info] Getting sessions for user:email...
2025-02-25 17:00:04.492 [info] Got 1 sessions for user:email...
2025-02-25 17:00:04.558 [info] Getting sessions for all scopes...
2025-02-25 17:00:04.558 [info] Got 1 sessions for ...
2025-02-25 17:00:04.559 [info] Getting sessions for read:user,repo,user:email,workflow...
2025-02-25 17:00:04.559 [info] Got 0 sessions for read:user,repo,user:email,workflow...
2025-02-25 17:00:04.560 [info] Getting sessions for user:email...
2025-02-25 17:00:04.560 [info] Got 1 sessions for user:email...
2025-02-25 17:00:05.171 [info] Getting sessions for all scopes...
2025-02-25 17:00:05.171 [info] Got 1 sessions for ...
2025-02-25 17:00:05.173 [info] Getting sessions for read:user,repo,user:email,workflow...
2025-02-25 17:00:05.173 [info] Got 0 sessions for read:user,repo,user:email,workflow...
2025-02-25 17:00:05.174 [info] Getting sessions for user:email...
2025-02-25 17:00:05.174 [info] Got 1 sessions for user:email...
2025-02-25 17:08:06.018 [info] Getting sessions for all scopes...
2025-02-25 17:08:06.018 [info] Got 1 sessions for ...
2025-02-25 17:08:06.019 [info] Getting sessions for read:user,repo,user:email,workflow...
2025-02-25 17:08:06.019 [info] Got 0 sessions for read:user,repo,user:email,workflow...
2025-02-25 17:08:06.020 [info] Getting sessions for user:email...
2025-02-25 17:08:06.020 [info] Got 1 sessions for user:email...
2025-02-25 17:08:06.904 [info] Getting sessions for all scopes...
2025-02-25 17:08:06.904 [info] Got 1 sessions for ...
2025-02-25 17:08:06.905 [info] Getting sessions for read:user,repo,user:email,workflow...
2025-02-25 17:08:06.905 [info] Got 0 sessions for read:user,repo,user:email,workflow...
2025-02-25 17:08:06.905 [info] Getting sessions for user:email...
2025-02-25 17:08:06.905 [info] Got 1 sessions for user:email...
2025-02-25 17:08:11.847 [info] Getting sessions for all scopes...
2025-02-25 17:08:11.847 [info] Got 1 sessions for ...
2025-02-25 17:08:11.848 [info] Getting sessions for read:user,repo,user:email,workflow...
2025-02-25 17:08:11.848 [info] Got 0 sessions for read:user,repo,user:email,workflow...
2025-02-25 17:08:11.850 [info] Getting sessions for user:email...
2025-02-25 17:08:11.850 [info] Got 1 sessions for user:email...
2025-02-25 17:08:22.856 [info] Getting sessions for all scopes...
2025-02-25 17:08:22.856 [info] Got 1 sessions for ...
2025-02-25 17:08:22.857 [info] Getting sessions for read:user,repo,user:email,workflow...
2025-02-25 17:08:22.857 [info] Got 0 sessions for read:user,repo,user:email,workflow...
2025-02-25 17:08:22.858 [info] Getting sessions for user:email...
2025-02-25 17:08:22.858 [info] Got 1 sessions for user:email...
2025-02-25 17:08:23.445 [info] Getting sessions for all scopes...
2025-02-25 17:08:23.445 [info] Got 1 sessions for ...
2025-02-25 17:08:23.447 [info] Getting sessions for read:user,repo,user:email,workflow...
2025-02-25 17:08:23.447 [info] Got 0 sessions for read:user,repo,user:email,workflow...
2025-02-25 17:08:23.447 [info] Getting sessions for user:email...
2025-02-25 17:08:23.447 [info] Got 1 sessions for user:email...
2025-02-25 17:08:40.541 [info] Getting sessions for all scopes...
2025-02-25 17:08:40.541 [info] Got 1 sessions for ...
2025-02-25 17:08:40.542 [info] Getting sessions for read:user,repo,user:email,workflow...
2025-02-25 17:08:40.542 [info] Got 0 sessions for read:user,repo,user:email,workflow...
2025-02-25 17:08:40.543 [info] Getting sessions for user:email...
2025-02-25 17:08:40.543 [info] Got 1 sessions for user:email...
2025-02-25 17:08:45.918 [info] Getting sessions for all scopes...
2025-02-25 17:08:45.918 [info] Got 1 sessions for ...
2025-02-25 17:08:45.919 [info] Getting sessions for read:user,repo,user:email,workflow...
2025-02-25 17:08:45.919 [info] Got 0 sessions for read:user,repo,user:email,workflow...
2025-02-25 17:08:45.920 [info] Getting sessions for user:email...
2025-02-25 17:08:45.920 [info] Got 1 sessions for user:email...
2025-02-25 17:08:46.910 [info] Getting sessions for all scopes...
2025-02-25 17:08:46.910 [info] Got 1 sessions for ...
2025-02-25 17:08:46.911 [info] Getting sessions for read:user,repo,user:email,workflow...
2025-02-25 17:08:46.911 [info] Got 0 sessions for read:user,repo,user:email,workflow...
2025-02-25 17:08:46.912 [info] Getting sessions for user:email...
2025-02-25 17:08:46.912 [info] Got 1 sessions for user:email...
2025-02-25 17:08:50.120 [info] Getting sessions for all scopes...
2025-02-25 17:08:50.121 [info] Got 1 sessions for ...
2025-02-25 17:08:50.122 [info] Getting sessions for read:user,repo,user:email,workflow...
2025-02-25 17:08:50.122 [info] Got 0 sessions for read:user,repo,user:email,workflow...
2025-02-25 17:08:50.123 [info] Getting sessions for user:email...
2025-02-25 17:08:50.123 [info] Got 1 sessions for user:email...
2025-02-25 17:08:50.539 [info] Getting sessions for all scopes...
2025-02-25 17:08:50.539 [info] Got 1 sessions for ...
2025-02-25 17:08:50.540 [info] Getting sessions for read:user,repo,user:email,workflow...
2025-02-25 17:08:50.540 [info] Got 0 sessions for read:user,repo,user:email,workflow...
2025-02-25 17:08:50.541 [info] Getting sessions for user:email...
2025-02-25 17:08:50.541 [info] Got 1 sessions for user:email...
2025-02-25 17:08:52.287 [info] Getting sessions for all scopes...
2025-02-25 17:08:52.287 [info] Got 1 sessions for ...
2025-02-25 17:08:52.288 [info] Getting sessions for read:user,repo,user:email,workflow...
2025-02-25 17:08:52.288 [info] Got 0 sessions for read:user,repo,user:email,workflow...
2025-02-25 17:08:52.289 [info] Getting sessions for user:email...
2025-02-25 17:08:52.289 [info] Got 1 sessions for user:email...
2025-02-25 17:09:07.609 [info] Getting sessions for all scopes...
2025-02-25 17:09:07.609 [info] Got 1 sessions for ...
2025-02-25 17:09:07.610 [info] Getting sessions for read:user,repo,user:email,workflow...
2025-02-25 17:09:07.610 [info] Got 0 sessions for read:user,repo,user:email,workflow...
2025-02-25 17:09:07.611 [info] Getting sessions for user:email...
2025-02-25 17:09:07.611 [info] Got 1 sessions for user:email...
2025-02-25 17:09:07.861 [info] Getting sessions for all scopes...
2025-02-25 17:09:07.861 [info] Got 1 sessions for ...
2025-02-25 17:09:07.862 [info] Getting sessions for read:user,repo,user:email,workflow...
2025-02-25 17:09:07.862 [info] Got 0 sessions for read:user,repo,user:email,workflow...
2025-02-25 17:09:07.863 [info] Getting sessions for user:email...
2025-02-25 17:09:07.863 [info] Got 1 sessions for user:email...
2025-02-25 17:09:08.566 [info] Getting sessions for all scopes...
2025-02-25 17:09:08.566 [info] Got 1 sessions for ...
2025-02-25 17:09:08.568 [info] Getting sessions for read:user,repo,user:email,workflow...
2025-02-25 17:09:08.568 [info] Got 0 sessions for read:user,repo,user:email,workflow...
2025-02-25 17:09:08.569 [info] Getting sessions for user:email...
2025-02-25 17:09:08.569 [info] Got 1 sessions for user:email...
2025-02-25 17:09:09.189 [info] Getting sessions for all scopes...
2025-02-25 17:09:09.189 [info] Got 1 sessions for ...
2025-02-25 17:09:09.190 [info] Getting sessions for read:user,repo,user:email,workflow...
2025-02-25 17:09:09.190 [info] Got 0 sessions for read:user,repo,user:email,workflow...
2025-02-25 17:09:09.191 [info] Getting sessions for user:email...
2025-02-25 17:09:09.191 [info] Got 1 sessions for user:email...
2025-02-25 17:09:13.967 [info] Getting sessions for all scopes...
2025-02-25 17:09:13.967 [info] Got 1 sessions for ...
2025-02-25 17:09:13.968 [info] Getting sessions for read:user,repo,user:email,workflow...
2025-02-25 17:09:13.968 [info] Got 0 sessions for read:user,repo,user:email,workflow...
2025-02-25 17:09:13.969 [info] Getting sessions for user:email...
2025-02-25 17:09:13.969 [info] Got 1 sessions for user:email...
2025-02-25 17:09:14.382 [info] Getting sessions for all scopes...
2025-02-25 17:09:14.382 [info] Got 1 sessions for ...
2025-02-25 17:09:14.383 [info] Getting sessions for read:user,repo,user:email,workflow...
2025-02-25 17:09:14.383 [info] Got 0 sessions for read:user,repo,user:email,workflow...
2025-02-25 17:09:14.384 [info] Getting sessions for user:email...
2025-02-25 17:09:14.384 [info] Got 1 sessions for user:email...
2025-02-25 17:09:16.748 [info] Getting sessions for all scopes...
2025-02-25 17:09:16.748 [info] Got 1 sessions for ...
2025-02-25 17:09:16.749 [info] Getting sessions for read:user,repo,user:email,workflow...
2025-02-25 17:09:16.749 [info] Got 0 sessions for read:user,repo,user:email,workflow...
2025-02-25 17:09:16.750 [info] Getting sessions for user:email...
2025-02-25 17:09:16.750 [info] Got 1 sessions for user:email...
2025-02-25 17:09:18.019 [info] Getting sessions for all scopes...
2025-02-25 17:09:18.019 [info] Got 1 sessions for ...
2025-02-25 17:09:18.021 [info] Getting sessions for read:user,repo,user:email,workflow...
2025-02-25 17:09:18.021 [info] Got 0 sessions for read:user,repo,user:email,workflow...
2025-02-25 17:09:18.022 [info] Getting sessions for user:email...
2025-02-25 17:09:18.022 [info] Got 1 sessions for user:email...
2025-02-25 17:09:19.474 [info] Getting sessions for all scopes...
2025-02-25 17:09:19.474 [info] Got 1 sessions for ...
2025-02-25 17:09:19.475 [info] Getting sessions for read:user,repo,user:email,workflow...
2025-02-25 17:09:19.475 [info] Got 0 sessions for read:user,repo,user:email,workflow...
2025-02-25 17:09:19.476 [info] Getting sessions for user:email...
2025-02-25 17:09:19.476 [info] Got 1 sessions for user:email...
2025-02-25 17:09:23.508 [info] Getting sessions for all scopes...
2025-02-25 17:09:23.508 [info] Got 1 sessions for ...
2025-02-25 17:09:23.509 [info] Getting sessions for read:user,repo,user:email,workflow...
2025-02-25 17:09:23.509 [info] Got 0 sessions for read:user,repo,user:email,workflow...
2025-02-25 17:09:23.510 [info] Getting sessions for user:email...
2025-02-25 17:09:23.510 [info] Got 1 sessions for user:email...
2025-02-25 17:09:24.114 [info] Getting sessions for all scopes...
2025-02-25 17:09:24.114 [info] Got 1 sessions for ...
2025-02-25 17:09:24.115 [info] Getting sessions for read:user,repo,user:email,workflow...
2025-02-25 17:09:24.115 [info] Got 0 sessions for read:user,repo,user:email,workflow...
2025-02-25 17:09:24.116 [info] Getting sessions for user:email...
2025-02-25 17:09:24.116 [info] Got 1 sessions for user:email...
2025-02-25 17:09:26.317 [info] Getting sessions for all scopes...
2025-02-25 17:09:26.317 [info] Got 1 sessions for ...
2025-02-25 17:09:26.318 [info] Getting sessions for read:user,repo,user:email,workflow...
2025-02-25 17:09:26.318 [info] Got 0 sessions for read:user,repo,user:email,workflow...
2025-02-25 17:09:26.319 [info] Getting sessions for user:email...
2025-02-25 17:09:26.319 [info] Got 1 sessions for user:email...
2025-02-25 17:09:27.225 [info] Getting sessions for all scopes...
2025-02-25 17:09:27.225 [info] Got 1 sessions for ...
2025-02-25 17:09:27.226 [info] Getting sessions for read:user,repo,user:email,workflow...
2025-02-25 17:09:27.226 [info] Got 0 sessions for read:user,repo,user:email,workflow...
2025-02-25 17:09:27.227 [info] Getting sessions for user:email...
2025-02-25 17:09:27.227 [info] Got 1 sessions for user:email...
2025-02-25 17:09:36.628 [info] Getting sessions for all scopes...
2025-02-25 17:09:36.628 [info] Got 1 sessions for ...
2025-02-25 17:09:36.629 [info] Getting sessions for read:user,repo,user:email,workflow...
2025-02-25 17:09:36.629 [info] Got 0 sessions for read:user,repo,user:email,workflow...
2025-02-25 17:09:36.630 [info] Getting sessions for user:email...
2025-02-25 17:09:36.630 [info] Got 1 sessions for user:email...
