2025-03-02 11:46:23.276 [info] Reading sessions from keychain...
2025-03-02 11:46:23.276 [info] Getting sessions for all scopes...
2025-03-02 11:46:23.276 [info] Getting sessions for all scopes...
2025-03-02 11:46:23.276 [info] Getting sessions for all scopes...
2025-03-02 11:46:23.276 [info] Got stored sessions!
2025-03-02 11:46:23.276 [info] Got 1 verified sessions.
2025-03-02 11:46:23.276 [info] Got 1 sessions for ...
2025-03-02 11:46:23.276 [info] Got 1 sessions for ...
2025-03-02 11:46:23.276 [info] Got 1 sessions for ...
2025-03-02 11:46:23.276 [info] Getting sessions for all scopes...
2025-03-02 11:46:23.276 [info] Got 1 sessions for ...
2025-03-02 11:46:23.276 [info] Getting sessions for all scopes...
2025-03-02 11:46:23.276 [info] Got 1 sessions for ...
2025-03-02 11:46:23.276 [info] Getting sessions for all scopes...
2025-03-02 11:46:23.276 [info] Got 1 sessions for ...
2025-03-02 11:46:23.276 [info] Getting sessions for all scopes...
2025-03-02 11:46:23.276 [info] Got 1 sessions for ...
2025-03-02 11:46:23.276 [info] Getting sessions for all scopes...
2025-03-02 11:46:23.276 [info] Got 1 sessions for ...
2025-03-02 11:46:23.276 [info] Getting sessions for all scopes...
2025-03-02 11:46:23.276 [info] Got 1 sessions for ...
2025-03-02 11:46:23.276 [info] Getting sessions for all scopes...
2025-03-02 11:46:23.276 [info] Got 1 sessions for ...
2025-03-02 11:46:23.539 [info] Getting sessions for all scopes...
2025-03-02 11:46:23.539 [info] Got 1 sessions for ...
2025-03-02 11:46:23.549 [info] Getting sessions for read:user,repo,user:email,workflow...
2025-03-02 11:46:23.549 [info] Got 0 sessions for read:user,repo,user:email,workflow...
2025-03-02 11:46:24.262 [info] Getting sessions for user:email...
2025-03-02 11:46:24.262 [info] Got 1 sessions for user:email...
2025-03-02 11:46:24.262 [info] Getting sessions for read:user,repo,user:email,workflow...
2025-03-02 11:46:24.262 [info] Got 0 sessions for read:user,repo,user:email,workflow...
2025-03-02 11:46:24.512 [info] Getting sessions for all scopes...
2025-03-02 11:46:24.512 [info] Got 1 sessions for ...
2025-03-02 11:46:24.512 [info] Getting sessions for read:user...
2025-03-02 11:46:24.512 [info] Got 0 sessions for read:user...
2025-03-02 11:46:24.619 [info] Getting sessions for read:user,repo,user:email,workflow...
2025-03-02 11:46:24.619 [info] Got 0 sessions for read:user,repo,user:email,workflow...
2025-03-02 11:46:24.619 [info] Getting sessions for user:email...
2025-03-02 11:46:24.620 [info] Got 1 sessions for user:email...
2025-03-02 11:46:25.764 [info] Getting sessions for user:email...
2025-03-02 11:46:25.764 [info] Got 1 sessions for user:email...
2025-03-02 11:46:25.811 [info] Getting sessions for all scopes...
2025-03-02 11:46:25.811 [info] Got 1 sessions for ...
2025-03-02 11:46:25.824 [info] Getting sessions for read:user,repo,user:email,workflow...
2025-03-02 11:46:25.824 [info] Got 0 sessions for read:user,repo,user:email,workflow...
2025-03-02 11:46:25.857 [info] Getting sessions for user:email...
2025-03-02 11:46:25.857 [info] Got 1 sessions for user:email...
2025-03-02 11:46:26.002 [info] Getting sessions for all scopes...
2025-03-02 11:46:26.002 [info] Got 1 sessions for ...
2025-03-02 11:46:26.411 [info] Getting sessions for all scopes...
2025-03-02 11:46:26.411 [info] Got 1 sessions for ...
2025-03-02 11:46:26.411 [info] Getting sessions for all scopes...
2025-03-02 11:46:26.411 [info] Got 1 sessions for ...
2025-03-02 11:46:26.427 [info] Getting sessions for read:user,repo,user:email,workflow...
2025-03-02 11:46:26.427 [info] Got 0 sessions for read:user,repo,user:email,workflow...
2025-03-02 11:46:26.429 [info] Getting sessions for user:email...
2025-03-02 11:46:26.429 [info] Got 1 sessions for user:email...
2025-03-02 11:46:26.431 [info] Getting sessions for all scopes...
2025-03-02 11:46:26.431 [info] Got 1 sessions for ...
2025-03-02 11:46:26.432 [info] Getting sessions for read:user,repo,user:email,workflow...
2025-03-02 11:46:26.432 [info] Got 0 sessions for read:user,repo,user:email,workflow...
2025-03-02 11:46:26.433 [info] Getting sessions for user:email...
2025-03-02 11:46:26.433 [info] Got 1 sessions for user:email...
2025-03-02 11:46:26.516 [info] Getting sessions for all scopes...
2025-03-02 11:46:26.516 [info] Got 1 sessions for ...
2025-03-02 11:46:26.526 [info] Getting sessions for read:user,repo,user:email,workflow...
2025-03-02 11:46:26.526 [info] Got 0 sessions for read:user,repo,user:email,workflow...
2025-03-02 11:46:26.527 [info] Getting sessions for user:email...
2025-03-02 11:46:26.527 [info] Got 1 sessions for user:email...
2025-03-02 11:46:27.110 [info] Getting sessions for all scopes...
2025-03-02 11:46:27.110 [info] Got 1 sessions for ...
2025-03-02 11:46:27.129 [info] Getting sessions for read:user,repo,user:email,workflow...
2025-03-02 11:46:27.129 [info] Got 0 sessions for read:user,repo,user:email,workflow...
2025-03-02 11:46:27.130 [info] Getting sessions for user:email...
2025-03-02 11:46:27.130 [info] Got 1 sessions for user:email...
2025-03-02 12:01:27.135 [info] Getting sessions for all scopes...
2025-03-02 12:01:27.135 [info] Got 1 sessions for ...
2025-03-02 12:01:27.137 [info] Getting sessions for read:user,repo,user:email,workflow...
2025-03-02 12:01:27.137 [info] Got 0 sessions for read:user,repo,user:email,workflow...
2025-03-02 12:01:27.138 [info] Getting sessions for user:email...
2025-03-02 12:01:27.138 [info] Got 1 sessions for user:email...
2025-03-02 12:11:26.377 [info] Getting sessions for all scopes...
2025-03-02 12:11:26.377 [info] Got 1 sessions for ...
2025-03-02 12:11:26.378 [info] Getting sessions for read:user,repo,user:email,workflow...
2025-03-02 12:11:26.378 [info] Got 0 sessions for read:user,repo,user:email,workflow...
2025-03-02 12:11:26.379 [info] Getting sessions for user:email...
2025-03-02 12:11:26.379 [info] Got 1 sessions for user:email...
2025-03-02 12:11:27.200 [info] Getting sessions for all scopes...
2025-03-02 12:11:27.200 [info] Got 1 sessions for ...
2025-03-02 12:11:27.200 [info] Getting sessions for all scopes...
2025-03-02 12:11:27.200 [info] Got 1 sessions for ...
2025-03-02 12:11:27.201 [info] Getting sessions for read:user,repo,user:email,workflow...
2025-03-02 12:11:27.201 [info] Got 0 sessions for read:user,repo,user:email,workflow...
2025-03-02 12:11:27.202 [info] Getting sessions for user:email...
2025-03-02 12:11:27.202 [info] Got 1 sessions for user:email...
2025-03-02 12:11:27.203 [info] Getting sessions for all scopes...
2025-03-02 12:11:27.203 [info] Got 1 sessions for ...
2025-03-02 12:11:27.204 [info] Getting sessions for read:user,repo,user:email,workflow...
2025-03-02 12:11:27.204 [info] Got 0 sessions for read:user,repo,user:email,workflow...
2025-03-02 12:11:27.205 [info] Getting sessions for user:email...
2025-03-02 12:11:27.205 [info] Got 1 sessions for user:email...
2025-03-02 12:11:27.213 [info] Getting sessions for all scopes...
2025-03-02 12:11:27.213 [info] Got 1 sessions for ...
2025-03-02 12:11:27.214 [info] Getting sessions for read:user,repo,user:email,workflow...
2025-03-02 12:11:27.214 [info] Got 0 sessions for read:user,repo,user:email,workflow...
2025-03-02 12:11:27.215 [info] Getting sessions for user:email...
2025-03-02 12:11:27.215 [info] Got 1 sessions for user:email...
2025-03-02 12:26:27.220 [info] Getting sessions for all scopes...
2025-03-02 12:26:27.220 [info] Got 1 sessions for ...
2025-03-02 12:26:27.221 [info] Getting sessions for read:user,repo,user:email,workflow...
2025-03-02 12:26:27.221 [info] Got 0 sessions for read:user,repo,user:email,workflow...
2025-03-02 12:26:27.222 [info] Getting sessions for user:email...
2025-03-02 12:26:27.222 [info] Got 1 sessions for user:email...
2025-03-02 12:36:27.202 [info] Getting sessions for all scopes...
2025-03-02 12:36:27.202 [info] Got 1 sessions for ...
2025-03-02 12:36:27.203 [info] Getting sessions for read:user,repo,user:email,workflow...
2025-03-02 12:36:27.203 [info] Got 0 sessions for read:user,repo,user:email,workflow...
2025-03-02 12:36:27.204 [info] Getting sessions for user:email...
2025-03-02 12:36:27.204 [info] Got 1 sessions for user:email...
2025-03-02 12:36:27.711 [info] Getting sessions for all scopes...
2025-03-02 12:36:27.711 [info] Got 1 sessions for ...
2025-03-02 12:36:27.711 [info] Getting sessions for all scopes...
2025-03-02 12:36:27.711 [info] Got 1 sessions for ...
2025-03-02 12:36:27.712 [info] Getting sessions for read:user,repo,user:email,workflow...
2025-03-02 12:36:27.712 [info] Got 0 sessions for read:user,repo,user:email,workflow...
2025-03-02 12:36:27.713 [info] Getting sessions for user:email...
2025-03-02 12:36:27.713 [info] Got 1 sessions for user:email...
2025-03-02 12:36:27.714 [info] Getting sessions for all scopes...
2025-03-02 12:36:27.714 [info] Got 1 sessions for ...
2025-03-02 12:36:27.715 [info] Getting sessions for read:user,repo,user:email,workflow...
2025-03-02 12:36:27.715 [info] Got 0 sessions for read:user,repo,user:email,workflow...
2025-03-02 12:36:27.715 [info] Getting sessions for user:email...
2025-03-02 12:36:27.715 [info] Got 1 sessions for user:email...
2025-03-02 12:36:27.720 [info] Getting sessions for all scopes...
2025-03-02 12:36:27.720 [info] Got 1 sessions for ...
2025-03-02 12:36:27.721 [info] Getting sessions for read:user,repo,user:email,workflow...
2025-03-02 12:36:27.721 [info] Got 0 sessions for read:user,repo,user:email,workflow...
2025-03-02 12:36:27.722 [info] Getting sessions for user:email...
2025-03-02 12:36:27.722 [info] Got 1 sessions for user:email...
2025-03-02 12:51:27.726 [info] Getting sessions for all scopes...
2025-03-02 12:51:27.726 [info] Got 1 sessions for ...
2025-03-02 12:51:27.727 [info] Getting sessions for read:user,repo,user:email,workflow...
2025-03-02 12:51:27.728 [info] Got 0 sessions for read:user,repo,user:email,workflow...
2025-03-02 12:51:27.730 [info] Getting sessions for user:email...
2025-03-02 12:51:27.730 [info] Got 1 sessions for user:email...
2025-03-02 13:00:01.108 [info] Getting sessions for read:user,repo,user:email,workflow...
2025-03-02 13:00:01.108 [info] Got 0 sessions for read:user,repo,user:email,workflow...
2025-03-02 13:00:01.109 [info] Getting sessions for read:user...
2025-03-02 13:00:01.109 [info] Got 0 sessions for read:user...
2025-03-02 13:00:01.110 [info] Getting sessions for user:email...
2025-03-02 13:00:01.110 [info] Got 1 sessions for user:email...
2025-03-02 13:01:27.712 [info] Getting sessions for all scopes...
2025-03-02 13:01:27.712 [info] Got 1 sessions for ...
2025-03-02 13:01:27.713 [info] Getting sessions for read:user,repo,user:email,workflow...
2025-03-02 13:01:27.713 [info] Got 0 sessions for read:user,repo,user:email,workflow...
2025-03-02 13:01:27.714 [info] Getting sessions for user:email...
2025-03-02 13:01:27.714 [info] Got 1 sessions for user:email...
2025-03-02 13:01:28.654 [info] Getting sessions for all scopes...
2025-03-02 13:01:28.654 [info] Got 1 sessions for ...
2025-03-02 13:01:28.654 [info] Getting sessions for all scopes...
2025-03-02 13:01:28.654 [info] Got 1 sessions for ...
2025-03-02 13:01:28.655 [info] Getting sessions for read:user,repo,user:email,workflow...
2025-03-02 13:01:28.655 [info] Got 0 sessions for read:user,repo,user:email,workflow...
2025-03-02 13:01:28.656 [info] Getting sessions for user:email...
2025-03-02 13:01:28.656 [info] Got 1 sessions for user:email...
2025-03-02 13:01:28.657 [info] Getting sessions for all scopes...
2025-03-02 13:01:28.657 [info] Got 1 sessions for ...
2025-03-02 13:01:28.658 [info] Getting sessions for read:user,repo,user:email,workflow...
2025-03-02 13:01:28.658 [info] Got 0 sessions for read:user,repo,user:email,workflow...
2025-03-02 13:01:28.659 [info] Getting sessions for user:email...
2025-03-02 13:01:28.659 [info] Got 1 sessions for user:email...
2025-03-02 13:01:28.664 [info] Getting sessions for all scopes...
2025-03-02 13:01:28.664 [info] Got 1 sessions for ...
2025-03-02 13:01:28.664 [info] Getting sessions for read:user,repo,user:email,workflow...
2025-03-02 13:01:28.664 [info] Got 0 sessions for read:user,repo,user:email,workflow...
2025-03-02 13:01:28.665 [info] Getting sessions for user:email...
2025-03-02 13:01:28.665 [info] Got 1 sessions for user:email...
2025-03-02 13:01:28.675 [info] Getting sessions for all scopes...
2025-03-02 13:01:28.675 [info] Got 1 sessions for ...
2025-03-02 13:01:28.676 [info] Getting sessions for read:user,repo,user:email,workflow...
2025-03-02 13:01:28.676 [info] Got 0 sessions for read:user,repo,user:email,workflow...
2025-03-02 13:01:28.676 [info] Getting sessions for user:email...
2025-03-02 13:01:28.676 [info] Got 1 sessions for user:email...
