2025-03-02 13:11:19.110 [info] Reading sessions from keychain...
2025-03-02 13:11:19.110 [info] Getting sessions for all scopes...
2025-03-02 13:11:19.110 [info] Getting sessions for all scopes...
2025-03-02 13:11:19.110 [info] Getting sessions for all scopes...
2025-03-02 13:11:19.110 [info] Getting sessions for all scopes...
2025-03-02 13:11:19.110 [info] Getting sessions for all scopes...
2025-03-02 13:11:19.110 [info] Getting sessions for all scopes...
2025-03-02 13:11:19.110 [info] Getting sessions for all scopes...
2025-03-02 13:11:19.110 [info] Getting sessions for all scopes...
2025-03-02 13:11:19.110 [info] Got stored sessions!
2025-03-02 13:11:19.110 [info] Got 1 verified sessions.
2025-03-02 13:11:19.110 [info] Got 1 sessions for ...
2025-03-02 13:11:19.110 [info] Got 1 sessions for ...
2025-03-02 13:11:19.110 [info] Got 1 sessions for ...
2025-03-02 13:11:19.110 [info] Got 1 sessions for ...
2025-03-02 13:11:19.110 [info] Got 1 sessions for ...
2025-03-02 13:11:19.110 [info] Got 1 sessions for ...
2025-03-02 13:11:19.110 [info] Got 1 sessions for ...
2025-03-02 13:11:19.110 [info] Got 1 sessions for ...
2025-03-02 13:11:19.110 [info] Getting sessions for all scopes...
2025-03-02 13:11:19.110 [info] Got 1 sessions for ...
2025-03-02 13:11:19.110 [info] Getting sessions for all scopes...
2025-03-02 13:11:19.110 [info] Got 1 sessions for ...
2025-03-02 13:11:19.110 [info] Getting sessions for all scopes...
2025-03-02 13:11:19.110 [info] Got 1 sessions for ...
2025-03-02 13:11:19.110 [info] Getting sessions for read:user,repo,user:email,workflow...
2025-03-02 13:11:19.111 [info] Got 0 sessions for read:user,repo,user:email,workflow...
2025-03-02 13:11:19.670 [info] Getting sessions for user:email...
2025-03-02 13:11:19.670 [info] Got 1 sessions for user:email...
2025-03-02 13:11:19.670 [info] Getting sessions for read:user,repo,user:email,workflow...
2025-03-02 13:11:19.670 [info] Got 0 sessions for read:user,repo,user:email,workflow...
2025-03-02 13:11:19.864 [info] Getting sessions for all scopes...
2025-03-02 13:11:19.864 [info] Got 1 sessions for ...
2025-03-02 13:11:19.865 [info] Getting sessions for all scopes...
2025-03-02 13:11:19.865 [info] Got 1 sessions for ...
2025-03-02 13:11:19.865 [info] Getting sessions for read:user...
2025-03-02 13:11:19.865 [info] Got 0 sessions for read:user...
2025-03-02 13:11:20.023 [info] Getting sessions for read:user,repo,user:email,workflow...
2025-03-02 13:11:20.023 [info] Got 0 sessions for read:user,repo,user:email,workflow...
2025-03-02 13:11:20.023 [info] Getting sessions for user:email...
2025-03-02 13:11:20.023 [info] Got 1 sessions for user:email...
2025-03-02 13:11:20.099 [info] Getting sessions for user:email...
2025-03-02 13:11:20.099 [info] Got 1 sessions for user:email...
2025-03-02 13:11:21.052 [info] Getting sessions for all scopes...
2025-03-02 13:11:21.052 [info] Got 1 sessions for ...
2025-03-02 13:11:21.243 [info] Getting sessions for all scopes...
2025-03-02 13:11:21.243 [info] Got 1 sessions for ...
2025-03-02 13:11:21.243 [info] Getting sessions for all scopes...
2025-03-02 13:11:21.243 [info] Got 1 sessions for ...
2025-03-02 13:11:21.277 [info] Getting sessions for read:user,repo,user:email,workflow...
2025-03-02 13:11:21.277 [info] Got 0 sessions for read:user,repo,user:email,workflow...
2025-03-02 13:11:21.278 [info] Getting sessions for user:email...
2025-03-02 13:11:21.278 [info] Got 1 sessions for user:email...
2025-03-02 13:11:21.281 [info] Getting sessions for all scopes...
2025-03-02 13:11:21.281 [info] Got 1 sessions for ...
2025-03-02 13:11:21.282 [info] Getting sessions for read:user,repo,user:email,workflow...
2025-03-02 13:11:21.282 [info] Got 0 sessions for read:user,repo,user:email,workflow...
2025-03-02 13:11:21.283 [info] Getting sessions for user:email...
2025-03-02 13:11:21.283 [info] Got 1 sessions for user:email...
2025-03-02 13:11:21.377 [info] Getting sessions for all scopes...
2025-03-02 13:11:21.377 [info] Got 1 sessions for ...
2025-03-02 13:11:21.381 [info] Getting sessions for read:user,repo,user:email,workflow...
2025-03-02 13:11:21.381 [info] Got 0 sessions for read:user,repo,user:email,workflow...
2025-03-02 13:11:21.382 [info] Getting sessions for user:email...
2025-03-02 13:11:21.382 [info] Got 1 sessions for user:email...
2025-03-02 13:11:21.967 [info] Getting sessions for all scopes...
2025-03-02 13:11:21.967 [info] Got 1 sessions for ...
2025-03-02 13:11:21.988 [info] Getting sessions for read:user,repo,user:email,workflow...
2025-03-02 13:11:21.988 [info] Got 0 sessions for read:user,repo,user:email,workflow...
2025-03-02 13:11:21.989 [info] Getting sessions for user:email...
2025-03-02 13:11:21.989 [info] Got 1 sessions for user:email...
2025-03-02 13:26:21.993 [info] Getting sessions for all scopes...
2025-03-02 13:26:21.993 [info] Got 1 sessions for ...
2025-03-02 13:26:21.994 [info] Getting sessions for read:user,repo,user:email,workflow...
2025-03-02 13:26:21.994 [info] Got 0 sessions for read:user,repo,user:email,workflow...
2025-03-02 13:26:21.994 [info] Getting sessions for user:email...
2025-03-02 13:26:21.995 [info] Got 1 sessions for user:email...
2025-03-02 13:36:21.213 [info] Getting sessions for all scopes...
2025-03-02 13:36:21.213 [info] Got 1 sessions for ...
2025-03-02 13:36:21.214 [info] Getting sessions for read:user,repo,user:email,workflow...
2025-03-02 13:36:21.214 [info] Got 0 sessions for read:user,repo,user:email,workflow...
2025-03-02 13:36:21.215 [info] Getting sessions for user:email...
2025-03-02 13:36:21.215 [info] Got 1 sessions for user:email...
2025-03-02 13:36:22.023 [info] Getting sessions for all scopes...
2025-03-02 13:36:22.023 [info] Got 1 sessions for ...
2025-03-02 13:36:22.023 [info] Getting sessions for all scopes...
2025-03-02 13:36:22.023 [info] Got 1 sessions for ...
2025-03-02 13:36:22.023 [info] Getting sessions for read:user,repo,user:email,workflow...
2025-03-02 13:36:22.023 [info] Got 0 sessions for read:user,repo,user:email,workflow...
2025-03-02 13:36:22.024 [info] Getting sessions for user:email...
2025-03-02 13:36:22.024 [info] Got 1 sessions for user:email...
2025-03-02 13:36:22.024 [info] Getting sessions for all scopes...
2025-03-02 13:36:22.024 [info] Got 1 sessions for ...
2025-03-02 13:36:22.025 [info] Getting sessions for read:user,repo,user:email,workflow...
2025-03-02 13:36:22.025 [info] Got 0 sessions for read:user,repo,user:email,workflow...
2025-03-02 13:36:22.025 [info] Getting sessions for user:email...
2025-03-02 13:36:22.025 [info] Got 1 sessions for user:email...
2025-03-02 13:36:22.030 [info] Getting sessions for all scopes...
2025-03-02 13:36:22.030 [info] Got 1 sessions for ...
2025-03-02 13:36:22.031 [info] Getting sessions for read:user,repo,user:email,workflow...
2025-03-02 13:36:22.031 [info] Got 0 sessions for read:user,repo,user:email,workflow...
2025-03-02 13:36:22.031 [info] Getting sessions for user:email...
2025-03-02 13:36:22.031 [info] Got 1 sessions for user:email...
2025-03-02 13:51:22.034 [info] Getting sessions for all scopes...
2025-03-02 13:51:22.034 [info] Got 1 sessions for ...
2025-03-02 13:51:22.035 [info] Getting sessions for read:user,repo,user:email,workflow...
2025-03-02 13:51:22.035 [info] Got 0 sessions for read:user,repo,user:email,workflow...
2025-03-02 13:51:22.036 [info] Getting sessions for user:email...
2025-03-02 13:51:22.036 [info] Got 1 sessions for user:email...
2025-03-02 14:01:22.024 [info] Getting sessions for all scopes...
2025-03-02 14:01:22.024 [info] Got 1 sessions for ...
2025-03-02 14:01:22.025 [info] Getting sessions for read:user,repo,user:email,workflow...
2025-03-02 14:01:22.025 [info] Got 0 sessions for read:user,repo,user:email,workflow...
2025-03-02 14:01:22.026 [info] Getting sessions for user:email...
2025-03-02 14:01:22.026 [info] Got 1 sessions for user:email...
2025-03-02 14:01:22.802 [info] Getting sessions for all scopes...
2025-03-02 14:01:22.802 [info] Got 1 sessions for ...
2025-03-02 14:01:22.802 [info] Getting sessions for all scopes...
2025-03-02 14:01:22.802 [info] Got 1 sessions for ...
2025-03-02 14:01:22.803 [info] Getting sessions for read:user,repo,user:email,workflow...
2025-03-02 14:01:22.803 [info] Got 0 sessions for read:user,repo,user:email,workflow...
2025-03-02 14:01:22.804 [info] Getting sessions for user:email...
2025-03-02 14:01:22.804 [info] Got 1 sessions for user:email...
2025-03-02 14:01:22.804 [info] Getting sessions for all scopes...
2025-03-02 14:01:22.804 [info] Got 1 sessions for ...
2025-03-02 14:01:22.805 [info] Getting sessions for read:user,repo,user:email,workflow...
2025-03-02 14:01:22.805 [info] Got 0 sessions for read:user,repo,user:email,workflow...
2025-03-02 14:01:22.805 [info] Getting sessions for user:email...
2025-03-02 14:01:22.805 [info] Got 1 sessions for user:email...
2025-03-02 14:01:22.810 [info] Getting sessions for all scopes...
2025-03-02 14:01:22.810 [info] Got 1 sessions for ...
2025-03-02 14:01:22.810 [info] Getting sessions for read:user,repo,user:email,workflow...
2025-03-02 14:01:22.810 [info] Got 0 sessions for read:user,repo,user:email,workflow...
2025-03-02 14:01:22.810 [info] Getting sessions for user:email...
2025-03-02 14:01:22.810 [info] Got 1 sessions for user:email...
2025-03-02 14:16:22.813 [info] Getting sessions for all scopes...
2025-03-02 14:16:22.813 [info] Got 1 sessions for ...
2025-03-02 14:16:22.814 [info] Getting sessions for read:user,repo,user:email,workflow...
2025-03-02 14:16:22.814 [info] Got 0 sessions for read:user,repo,user:email,workflow...
2025-03-02 14:16:22.814 [info] Getting sessions for user:email...
2025-03-02 14:16:22.814 [info] Got 1 sessions for user:email...
2025-03-02 14:26:22.802 [info] Getting sessions for all scopes...
2025-03-02 14:26:22.802 [info] Got 1 sessions for ...
2025-03-02 14:26:22.803 [info] Getting sessions for read:user,repo,user:email,workflow...
2025-03-02 14:26:22.803 [info] Got 0 sessions for read:user,repo,user:email,workflow...
2025-03-02 14:26:22.803 [info] Getting sessions for user:email...
2025-03-02 14:26:22.803 [info] Got 1 sessions for user:email...
2025-03-02 14:26:23.581 [info] Getting sessions for all scopes...
2025-03-02 14:26:23.581 [info] Got 1 sessions for ...
2025-03-02 14:26:23.581 [info] Getting sessions for all scopes...
2025-03-02 14:26:23.581 [info] Got 1 sessions for ...
2025-03-02 14:26:23.582 [info] Getting sessions for read:user,repo,user:email,workflow...
2025-03-02 14:26:23.582 [info] Got 0 sessions for read:user,repo,user:email,workflow...
2025-03-02 14:26:23.582 [info] Getting sessions for user:email...
2025-03-02 14:26:23.582 [info] Got 1 sessions for user:email...
2025-03-02 14:26:23.583 [info] Getting sessions for all scopes...
2025-03-02 14:26:23.583 [info] Got 1 sessions for ...
2025-03-02 14:26:23.583 [info] Getting sessions for read:user,repo,user:email,workflow...
2025-03-02 14:26:23.583 [info] Got 0 sessions for read:user,repo,user:email,workflow...
2025-03-02 14:26:23.584 [info] Getting sessions for user:email...
2025-03-02 14:26:23.584 [info] Got 1 sessions for user:email...
2025-03-02 14:26:23.588 [info] Getting sessions for all scopes...
2025-03-02 14:26:23.588 [info] Got 1 sessions for ...
2025-03-02 14:26:23.588 [info] Getting sessions for read:user,repo,user:email,workflow...
2025-03-02 14:26:23.588 [info] Got 0 sessions for read:user,repo,user:email,workflow...
2025-03-02 14:26:23.588 [info] Getting sessions for user:email...
2025-03-02 14:26:23.588 [info] Got 1 sessions for user:email...
