2025-02-26 12:04:17.791 [info] Reading sessions from keychain...
2025-02-26 12:04:17.791 [info] Getting sessions for all scopes...
2025-02-26 12:04:17.791 [info] Getting sessions for all scopes...
2025-02-26 12:04:17.791 [info] Getting sessions for all scopes...
2025-02-26 12:04:17.791 [info] Got stored sessions!
2025-02-26 12:04:17.791 [info] Got 1 verified sessions.
2025-02-26 12:04:17.791 [info] Got 1 sessions for ...
2025-02-26 12:04:17.791 [info] Got 1 sessions for ...
2025-02-26 12:04:17.791 [info] Got 1 sessions for ...
2025-02-26 12:04:17.791 [info] Getting sessions for all scopes...
2025-02-26 12:04:17.791 [info] Got 1 sessions for ...
2025-02-26 12:04:17.791 [info] Getting sessions for all scopes...
2025-02-26 12:04:17.791 [info] Got 1 sessions for ...
2025-02-26 12:04:17.791 [info] Getting sessions for all scopes...
2025-02-26 12:04:17.791 [info] Got 1 sessions for ...
2025-02-26 12:04:17.791 [info] Getting sessions for all scopes...
2025-02-26 12:04:17.791 [info] Got 1 sessions for ...
2025-02-26 12:04:17.791 [info] Getting sessions for all scopes...
2025-02-26 12:04:17.791 [info] Got 1 sessions for ...
2025-02-26 12:04:17.791 [info] Getting sessions for all scopes...
2025-02-26 12:04:17.791 [info] Got 1 sessions for ...
2025-02-26 12:04:18.996 [info] Getting sessions for read:user,repo,user:email,workflow...
2025-02-26 12:04:18.996 [info] Got 0 sessions for read:user,repo,user:email,workflow...
2025-02-26 12:04:18.997 [info] Getting sessions for all scopes...
2025-02-26 12:04:18.997 [info] Got 1 sessions for ...
2025-02-26 12:04:18.997 [info] Getting sessions for all scopes...
2025-02-26 12:04:18.997 [info] Got 1 sessions for ...
2025-02-26 12:04:19.145 [info] Getting sessions for read:user...
2025-02-26 12:04:19.145 [info] Got 0 sessions for read:user...
2025-02-26 12:04:19.145 [info] Getting sessions for read:user,repo,user:email,workflow...
2025-02-26 12:04:19.145 [info] Got 0 sessions for read:user,repo,user:email,workflow...
2025-02-26 12:04:19.275 [info] Getting sessions for user:email...
2025-02-26 12:04:19.275 [info] Got 1 sessions for user:email...
2025-02-26 12:04:19.275 [info] Getting sessions for user:email...
2025-02-26 12:04:19.275 [info] Got 1 sessions for user:email...
2025-02-26 12:04:19.288 [info] Getting sessions for all scopes...
2025-02-26 12:04:19.288 [info] Got 1 sessions for ...
2025-02-26 12:04:19.290 [info] Getting sessions for read:user,repo,user:email,workflow...
2025-02-26 12:04:19.290 [info] Got 0 sessions for read:user,repo,user:email,workflow...
2025-02-26 12:04:20.093 [info] Getting sessions for user:email...
2025-02-26 12:04:20.093 [info] Got 1 sessions for user:email...
2025-02-26 12:04:20.094 [info] Getting sessions for all scopes...
2025-02-26 12:04:20.094 [info] Got 1 sessions for ...
2025-02-26 12:04:20.095 [info] Getting sessions for read:user,repo,user:email,workflow...
2025-02-26 12:04:20.095 [info] Got 0 sessions for read:user,repo,user:email,workflow...
2025-02-26 12:04:20.100 [info] Getting sessions for user:email...
2025-02-26 12:04:20.100 [info] Got 1 sessions for user:email...
2025-02-26 12:04:20.208 [info] Getting sessions for all scopes...
2025-02-26 12:04:20.208 [info] Got 1 sessions for ...
2025-02-26 12:04:20.743 [info] Getting sessions for all scopes...
2025-02-26 12:04:20.743 [info] Got 1 sessions for ...
2025-02-26 12:04:20.826 [info] Getting sessions for read:user,repo,user:email,workflow...
2025-02-26 12:04:20.826 [info] Got 0 sessions for read:user,repo,user:email,workflow...
2025-02-26 12:04:20.827 [info] Getting sessions for user:email...
2025-02-26 12:04:20.827 [info] Got 1 sessions for user:email...
2025-02-26 12:04:21.265 [info] Getting sessions for all scopes...
2025-02-26 12:04:21.265 [info] Got 1 sessions for ...
2025-02-26 12:04:21.265 [info] Getting sessions for all scopes...
2025-02-26 12:04:21.265 [info] Got 1 sessions for ...
2025-02-26 12:04:21.271 [info] Getting sessions for read:user,repo,user:email,workflow...
2025-02-26 12:04:21.271 [info] Got 0 sessions for read:user,repo,user:email,workflow...
2025-02-26 12:04:21.272 [info] Getting sessions for user:email...
2025-02-26 12:04:21.272 [info] Got 1 sessions for user:email...
2025-02-26 12:04:21.274 [info] Getting sessions for all scopes...
2025-02-26 12:04:21.274 [info] Got 1 sessions for ...
2025-02-26 12:04:21.275 [info] Getting sessions for read:user,repo,user:email,workflow...
2025-02-26 12:04:21.275 [info] Got 0 sessions for read:user,repo,user:email,workflow...
2025-02-26 12:04:21.277 [info] Getting sessions for user:email...
2025-02-26 12:04:21.277 [info] Got 1 sessions for user:email...
2025-02-26 12:04:21.319 [info] Getting sessions for all scopes...
2025-02-26 12:04:21.319 [info] Got 1 sessions for ...
2025-02-26 12:04:21.323 [info] Getting sessions for read:user,repo,user:email,workflow...
2025-02-26 12:04:21.323 [info] Got 0 sessions for read:user,repo,user:email,workflow...
2025-02-26 12:04:21.324 [info] Getting sessions for user:email...
2025-02-26 12:04:21.324 [info] Got 1 sessions for user:email...
2025-02-26 12:04:23.324 [info] Getting sessions for all scopes...
2025-02-26 12:04:23.324 [info] Got 1 sessions for ...
2025-02-26 12:04:23.326 [info] Getting sessions for read:user,repo,user:email,workflow...
2025-02-26 12:04:23.326 [info] Got 0 sessions for read:user,repo,user:email,workflow...
2025-02-26 12:04:23.327 [info] Getting sessions for user:email...
2025-02-26 12:04:23.327 [info] Got 1 sessions for user:email...
2025-02-26 12:21:19.771 [info] Getting sessions for all scopes...
2025-02-26 12:21:19.771 [info] Got 1 sessions for ...
2025-02-26 12:21:19.772 [info] Getting sessions for read:user,repo,user:email,workflow...
2025-02-26 12:21:19.773 [info] Got 0 sessions for read:user,repo,user:email,workflow...
2025-02-26 12:21:19.774 [info] Getting sessions for user:email...
2025-02-26 12:21:19.774 [info] Got 1 sessions for user:email...
2025-02-26 12:31:17.699 [info] Getting sessions for all scopes...
2025-02-26 12:31:17.699 [info] Got 1 sessions for ...
2025-02-26 12:31:17.700 [info] Getting sessions for read:user,repo,user:email,workflow...
2025-02-26 12:31:17.700 [info] Got 0 sessions for read:user,repo,user:email,workflow...
2025-02-26 12:31:17.701 [info] Getting sessions for user:email...
2025-02-26 12:31:17.701 [info] Got 1 sessions for user:email...
2025-02-26 12:31:19.450 [info] Getting sessions for all scopes...
2025-02-26 12:31:19.450 [info] Got 1 sessions for ...
2025-02-26 12:31:19.450 [info] Getting sessions for all scopes...
2025-02-26 12:31:19.450 [info] Got 1 sessions for ...
2025-02-26 12:31:19.450 [info] Getting sessions for read:user,repo,user:email,workflow...
2025-02-26 12:31:19.450 [info] Got 0 sessions for read:user,repo,user:email,workflow...
2025-02-26 12:31:19.451 [info] Getting sessions for user:email...
2025-02-26 12:31:19.451 [info] Got 1 sessions for user:email...
2025-02-26 12:31:19.452 [info] Getting sessions for all scopes...
2025-02-26 12:31:19.452 [info] Got 1 sessions for ...
2025-02-26 12:31:19.453 [info] Getting sessions for read:user,repo,user:email,workflow...
2025-02-26 12:31:19.453 [info] Got 0 sessions for read:user,repo,user:email,workflow...
2025-02-26 12:31:19.454 [info] Getting sessions for user:email...
2025-02-26 12:31:19.454 [info] Got 1 sessions for user:email...
2025-02-26 12:31:19.459 [info] Getting sessions for all scopes...
2025-02-26 12:31:19.459 [info] Got 1 sessions for ...
2025-02-26 12:31:19.460 [info] Getting sessions for read:user,repo,user:email,workflow...
2025-02-26 12:31:19.460 [info] Got 0 sessions for read:user,repo,user:email,workflow...
2025-02-26 12:31:19.461 [info] Getting sessions for user:email...
2025-02-26 12:31:19.461 [info] Got 1 sessions for user:email...
2025-02-26 12:46:19.465 [info] Getting sessions for all scopes...
2025-02-26 12:46:19.465 [info] Got 1 sessions for ...
2025-02-26 12:46:19.466 [info] Getting sessions for read:user,repo,user:email,workflow...
2025-02-26 12:46:19.466 [info] Got 0 sessions for read:user,repo,user:email,workflow...
2025-02-26 12:46:19.467 [info] Getting sessions for user:email...
2025-02-26 12:46:19.467 [info] Got 1 sessions for user:email...
2025-02-26 12:56:19.451 [info] Getting sessions for all scopes...
2025-02-26 12:56:19.451 [info] Got 1 sessions for ...
2025-02-26 12:56:19.452 [info] Getting sessions for read:user,repo,user:email,workflow...
2025-02-26 12:56:19.452 [info] Got 0 sessions for read:user,repo,user:email,workflow...
2025-02-26 12:56:19.453 [info] Getting sessions for user:email...
2025-02-26 12:56:19.453 [info] Got 1 sessions for user:email...
2025-02-26 12:56:20.979 [info] Getting sessions for all scopes...
2025-02-26 12:56:20.979 [info] Got 1 sessions for ...
2025-02-26 12:56:20.979 [info] Getting sessions for all scopes...
2025-02-26 12:56:20.979 [info] Got 1 sessions for ...
2025-02-26 12:56:20.979 [info] Getting sessions for read:user,repo,user:email,workflow...
2025-02-26 12:56:20.979 [info] Got 0 sessions for read:user,repo,user:email,workflow...
2025-02-26 12:56:20.980 [info] Getting sessions for user:email...
2025-02-26 12:56:20.980 [info] Got 1 sessions for user:email...
2025-02-26 12:56:20.981 [info] Getting sessions for all scopes...
2025-02-26 12:56:20.981 [info] Got 1 sessions for ...
2025-02-26 12:56:20.982 [info] Getting sessions for read:user,repo,user:email,workflow...
2025-02-26 12:56:20.982 [info] Got 0 sessions for read:user,repo,user:email,workflow...
2025-02-26 12:56:20.983 [info] Getting sessions for user:email...
2025-02-26 12:56:20.983 [info] Got 1 sessions for user:email...
2025-02-26 12:56:20.988 [info] Getting sessions for all scopes...
2025-02-26 12:56:20.988 [info] Got 1 sessions for ...
2025-02-26 12:56:20.989 [info] Getting sessions for read:user,repo,user:email,workflow...
2025-02-26 12:56:20.989 [info] Got 0 sessions for read:user,repo,user:email,workflow...
2025-02-26 12:56:20.989 [info] Getting sessions for user:email...
2025-02-26 12:56:20.989 [info] Got 1 sessions for user:email...
2025-02-26 13:53:34.495 [info] Getting sessions for all scopes...
2025-02-26 13:53:34.495 [info] Got 1 sessions for ...
2025-02-26 13:53:34.496 [info] Getting sessions for read:user,repo,user:email,workflow...
2025-02-26 13:53:34.496 [info] Got 0 sessions for read:user,repo,user:email,workflow...
2025-02-26 13:53:34.497 [info] Getting sessions for user:email...
2025-02-26 13:53:34.497 [info] Got 1 sessions for user:email...
2025-02-26 13:53:34.498 [info] Getting sessions for all scopes...
2025-02-26 13:53:34.498 [info] Got 1 sessions for ...
2025-02-26 13:53:34.499 [info] Getting sessions for read:user,repo,user:email,workflow...
2025-02-26 13:53:34.499 [info] Got 0 sessions for read:user,repo,user:email,workflow...
2025-02-26 13:53:34.500 [info] Getting sessions for user:email...
2025-02-26 13:53:34.500 [info] Got 1 sessions for user:email...
2025-02-26 13:53:34.530 [info] Getting sessions for all scopes...
2025-02-26 13:53:34.530 [info] Got 1 sessions for ...
2025-02-26 13:53:34.530 [info] Getting sessions for all scopes...
2025-02-26 13:53:34.530 [info] Got 1 sessions for ...
2025-02-26 13:53:34.531 [info] Getting sessions for read:user,repo,user:email,workflow...
2025-02-26 13:53:34.531 [info] Got 0 sessions for read:user,repo,user:email,workflow...
2025-02-26 13:53:34.532 [info] Getting sessions for user:email...
2025-02-26 13:53:34.532 [info] Got 1 sessions for user:email...
2025-02-26 13:53:34.533 [info] Getting sessions for all scopes...
2025-02-26 13:53:34.533 [info] Got 1 sessions for ...
2025-02-26 13:53:34.534 [info] Getting sessions for read:user,repo,user:email,workflow...
2025-02-26 13:53:34.534 [info] Got 0 sessions for read:user,repo,user:email,workflow...
2025-02-26 13:53:34.535 [info] Getting sessions for user:email...
2025-02-26 13:53:34.535 [info] Got 1 sessions for user:email...
2025-02-26 13:53:34.536 [info] Getting sessions for all scopes...
2025-02-26 13:53:34.536 [info] Got 1 sessions for ...
2025-02-26 13:53:34.536 [info] Getting sessions for read:user,repo,user:email,workflow...
2025-02-26 13:53:34.536 [info] Got 0 sessions for read:user,repo,user:email,workflow...
2025-02-26 13:53:34.537 [info] Getting sessions for user:email...
2025-02-26 13:53:34.537 [info] Got 1 sessions for user:email...
2025-02-26 13:53:34.568 [info] Getting sessions for all scopes...
2025-02-26 13:53:34.568 [info] Got 1 sessions for ...
2025-02-26 13:53:34.574 [info] Getting sessions for read:user,repo,user:email,workflow...
2025-02-26 13:53:34.574 [info] Got 0 sessions for read:user,repo,user:email,workflow...
2025-02-26 13:53:34.575 [info] Getting sessions for user:email...
2025-02-26 13:53:34.575 [info] Got 1 sessions for user:email...
2025-02-26 13:53:34.576 [info] Getting sessions for all scopes...
2025-02-26 13:53:34.576 [info] Got 1 sessions for ...
2025-02-26 13:53:34.577 [info] Getting sessions for read:user,repo,user:email,workflow...
2025-02-26 13:53:34.577 [info] Got 0 sessions for read:user,repo,user:email,workflow...
2025-02-26 13:53:34.578 [info] Getting sessions for user:email...
2025-02-26 13:53:34.578 [info] Got 1 sessions for user:email...
2025-02-26 14:03:34.479 [info] Getting sessions for all scopes...
2025-02-26 14:03:34.479 [info] Got 1 sessions for ...
2025-02-26 14:03:34.480 [info] Getting sessions for read:user,repo,user:email,workflow...
2025-02-26 14:03:34.480 [info] Got 0 sessions for read:user,repo,user:email,workflow...
2025-02-26 14:03:34.481 [info] Getting sessions for user:email...
2025-02-26 14:03:34.481 [info] Got 1 sessions for user:email...
2025-02-26 14:08:34.585 [info] Getting sessions for all scopes...
2025-02-26 14:08:34.585 [info] Got 1 sessions for ...
2025-02-26 14:08:34.586 [info] Getting sessions for read:user,repo,user:email,workflow...
2025-02-26 14:08:34.586 [info] Got 0 sessions for read:user,repo,user:email,workflow...
2025-02-26 14:08:34.587 [info] Getting sessions for user:email...
2025-02-26 14:08:34.587 [info] Got 1 sessions for user:email...
2025-02-26 14:08:34.588 [info] Getting sessions for all scopes...
2025-02-26 14:08:34.588 [info] Got 1 sessions for ...
2025-02-26 14:08:34.589 [info] Getting sessions for read:user,repo,user:email,workflow...
2025-02-26 14:08:34.589 [info] Got 0 sessions for read:user,repo,user:email,workflow...
2025-02-26 14:08:34.590 [info] Getting sessions for user:email...
2025-02-26 14:08:34.590 [info] Got 1 sessions for user:email...
2025-02-26 14:31:50.684 [info] Getting sessions for all scopes...
2025-02-26 14:31:50.684 [info] Got 1 sessions for ...
2025-02-26 14:31:50.685 [info] Getting sessions for read:user,repo,user:email,workflow...
2025-02-26 14:31:50.685 [info] Got 0 sessions for read:user,repo,user:email,workflow...
2025-02-26 14:31:50.686 [info] Getting sessions for user:email...
2025-02-26 14:31:50.686 [info] Got 1 sessions for user:email...
2025-02-26 14:31:50.687 [info] Getting sessions for all scopes...
2025-02-26 14:31:50.687 [info] Got 1 sessions for ...
2025-02-26 14:31:50.688 [info] Getting sessions for read:user,repo,user:email,workflow...
2025-02-26 14:31:50.688 [info] Got 0 sessions for read:user,repo,user:email,workflow...
2025-02-26 14:31:50.689 [info] Getting sessions for user:email...
2025-02-26 14:31:50.689 [info] Got 1 sessions for user:email...
2025-02-26 14:31:51.887 [info] Getting sessions for all scopes...
2025-02-26 14:31:51.888 [info] Got 1 sessions for ...
2025-02-26 14:31:51.888 [info] Getting sessions for all scopes...
2025-02-26 14:31:51.888 [info] Got 1 sessions for ...
2025-02-26 14:31:51.889 [info] Getting sessions for read:user,repo,user:email,workflow...
2025-02-26 14:31:51.889 [info] Got 0 sessions for read:user,repo,user:email,workflow...
2025-02-26 14:31:51.890 [info] Getting sessions for user:email...
2025-02-26 14:31:51.890 [info] Got 1 sessions for user:email...
2025-02-26 14:31:51.890 [info] Getting sessions for all scopes...
2025-02-26 14:31:51.890 [info] Got 1 sessions for ...
2025-02-26 14:31:51.891 [info] Getting sessions for read:user,repo,user:email,workflow...
2025-02-26 14:31:51.891 [info] Got 0 sessions for read:user,repo,user:email,workflow...
2025-02-26 14:31:51.891 [info] Getting sessions for user:email...
2025-02-26 14:31:51.891 [info] Got 1 sessions for user:email...
2025-02-26 14:31:51.957 [info] Getting sessions for all scopes...
2025-02-26 14:31:51.957 [info] Got 1 sessions for ...
2025-02-26 14:31:51.960 [info] Getting sessions for read:user,repo,user:email,workflow...
2025-02-26 14:31:51.960 [info] Got 0 sessions for read:user,repo,user:email,workflow...
2025-02-26 14:31:51.961 [info] Getting sessions for user:email...
2025-02-26 14:31:51.961 [info] Got 1 sessions for user:email...
2025-02-26 14:46:51.965 [info] Getting sessions for all scopes...
2025-02-26 14:46:51.965 [info] Got 1 sessions for ...
2025-02-26 14:46:51.966 [info] Getting sessions for read:user,repo,user:email,workflow...
2025-02-26 14:46:51.966 [info] Got 0 sessions for read:user,repo,user:email,workflow...
2025-02-26 14:46:51.966 [info] Getting sessions for user:email...
2025-02-26 14:46:51.966 [info] Got 1 sessions for user:email...
2025-02-26 14:47:02.024 [info] Getting sessions for read:user,repo,user:email,workflow...
2025-02-26 14:47:02.024 [info] Got 0 sessions for read:user,repo,user:email,workflow...
2025-02-26 14:47:02.025 [info] Getting sessions for read:user...
2025-02-26 14:47:02.025 [info] Got 0 sessions for read:user...
2025-02-26 14:47:02.026 [info] Getting sessions for user:email...
2025-02-26 14:47:02.026 [info] Got 1 sessions for user:email...
2025-02-26 14:48:54.250 [info] Getting sessions for all scopes...
2025-02-26 14:48:54.250 [info] Got 1 sessions for ...
2025-02-26 14:48:54.251 [info] Getting sessions for read:user,repo,user:email,workflow...
2025-02-26 14:48:54.251 [info] Got 0 sessions for read:user,repo,user:email,workflow...
2025-02-26 14:48:54.252 [info] Getting sessions for user:email...
2025-02-26 14:48:54.252 [info] Got 1 sessions for user:email...
2025-02-26 14:49:05.507 [info] Getting sessions for all scopes...
2025-02-26 14:49:05.507 [info] Got 1 sessions for ...
2025-02-26 14:49:05.508 [info] Getting sessions for read:user,repo,user:email,workflow...
2025-02-26 14:49:05.508 [info] Got 0 sessions for read:user,repo,user:email,workflow...
2025-02-26 14:49:05.509 [info] Getting sessions for user:email...
2025-02-26 14:49:05.509 [info] Got 1 sessions for user:email...
2025-02-26 14:49:06.436 [info] Getting sessions for all scopes...
2025-02-26 14:49:06.436 [info] Got 1 sessions for ...
2025-02-26 14:49:06.451 [info] Getting sessions for read:user,repo,user:email,workflow...
2025-02-26 14:49:06.451 [info] Got 0 sessions for read:user,repo,user:email,workflow...
2025-02-26 14:49:06.465 [info] Getting sessions for user:email...
2025-02-26 14:49:06.465 [info] Got 1 sessions for user:email...
2025-02-26 14:49:08.082 [info] Getting sessions for all scopes...
2025-02-26 14:49:08.082 [info] Got 1 sessions for ...
2025-02-26 14:49:08.089 [info] Getting sessions for read:user,repo,user:email,workflow...
2025-02-26 14:49:08.089 [info] Got 0 sessions for read:user,repo,user:email,workflow...
2025-02-26 14:49:08.090 [info] Getting sessions for user:email...
2025-02-26 14:49:08.090 [info] Got 1 sessions for user:email...
2025-02-26 14:49:08.691 [info] Getting sessions for all scopes...
2025-02-26 14:49:08.691 [info] Got 1 sessions for ...
2025-02-26 14:49:08.693 [info] Getting sessions for read:user,repo,user:email,workflow...
2025-02-26 14:49:08.693 [info] Got 0 sessions for read:user,repo,user:email,workflow...
2025-02-26 14:49:08.694 [info] Getting sessions for user:email...
2025-02-26 14:49:08.694 [info] Got 1 sessions for user:email...
2025-02-26 14:49:12.167 [info] Getting sessions for all scopes...
2025-02-26 14:49:12.167 [info] Got 1 sessions for ...
2025-02-26 14:49:12.168 [info] Getting sessions for read:user,repo,user:email,workflow...
2025-02-26 14:49:12.168 [info] Got 0 sessions for read:user,repo,user:email,workflow...
2025-02-26 14:49:12.169 [info] Getting sessions for user:email...
2025-02-26 14:49:12.169 [info] Got 1 sessions for user:email...
2025-02-26 14:56:51.863 [info] Getting sessions for all scopes...
2025-02-26 14:56:51.863 [info] Got 1 sessions for ...
2025-02-26 14:56:51.865 [info] Getting sessions for read:user,repo,user:email,workflow...
2025-02-26 14:56:51.865 [info] Got 0 sessions for read:user,repo,user:email,workflow...
2025-02-26 14:56:51.866 [info] Getting sessions for user:email...
2025-02-26 14:56:51.866 [info] Got 1 sessions for user:email...
2025-02-26 14:56:53.386 [info] Getting sessions for all scopes...
2025-02-26 14:56:53.386 [info] Got 1 sessions for ...
2025-02-26 14:56:53.386 [info] Getting sessions for all scopes...
2025-02-26 14:56:53.386 [info] Got 1 sessions for ...
2025-02-26 14:56:53.387 [info] Getting sessions for read:user,repo,user:email,workflow...
2025-02-26 14:56:53.387 [info] Got 0 sessions for read:user,repo,user:email,workflow...
2025-02-26 14:56:53.388 [info] Getting sessions for user:email...
2025-02-26 14:56:53.388 [info] Got 1 sessions for user:email...
2025-02-26 14:56:53.389 [info] Getting sessions for all scopes...
2025-02-26 14:56:53.389 [info] Got 1 sessions for ...
2025-02-26 14:56:53.390 [info] Getting sessions for read:user,repo,user:email,workflow...
2025-02-26 14:56:53.390 [info] Got 0 sessions for read:user,repo,user:email,workflow...
2025-02-26 14:56:53.391 [info] Getting sessions for user:email...
2025-02-26 14:56:53.391 [info] Got 1 sessions for user:email...
2025-02-26 14:56:53.396 [info] Getting sessions for all scopes...
2025-02-26 14:56:53.396 [info] Got 1 sessions for ...
2025-02-26 14:56:53.397 [info] Getting sessions for read:user,repo,user:email,workflow...
2025-02-26 14:56:53.397 [info] Got 0 sessions for read:user,repo,user:email,workflow...
2025-02-26 14:56:53.397 [info] Getting sessions for user:email...
2025-02-26 14:56:53.397 [info] Got 1 sessions for user:email...
