00:00:00.157125 VirtualBox GUI VM Selector Window 7.1.6 r167084 linux.amd64 (Jan 27 2025 07:52:25) release log
00:00:00.157125 Log opened 2025-03-05T08:52:16.160857000Z
00:00:00.157126 Build Type: release
00:00:00.157126 OS Product: Linux
00:00:00.157127 OS Release: 6.13.5-arch1-1
00:00:00.157127 OS Version: #1 SMP PREEMPT_DYNAMIC Thu, 27 Feb 2025 18:09:44 +0000
00:00:00.157143 DMI Product Name: HP Pavilion Laptop 15-eh3xxx
00:00:00.157150 DMI Product Version: 
00:00:00.157153 Firmware type: UEFI
00:00:00.157251 Secure Boot: Disabled
00:00:00.157276 Host RAM: 31428MB (30.6GB) total, 29255MB (28.5GB) available
00:00:00.157278 Executable: /usr/lib/virtualbox/VirtualBox
00:00:00.157278 Process ID: 5142
00:00:00.157278 Package type: LINUX_64BITS_GENERIC (OSE)
00:00:00.157302 Qt version: 6.8.2
00:00:00.157597 GUI: UIMediumEnumerator: Initial medium-enumeration finished!
00:00:00.160834 GUI: UIMediumEnumerator: Medium-enumeration started...
00:00:00.160839 GUI: UIMediumEnumerator: Medium-enumeration finished!
00:00:00.666783 GUI: UIDesktopWidgetWatchdog::sltHandleHostScreenAvailableGeometryCalculated: Screen 0 work area is actually resized to: 2946x47 x 508x1391
00:00:00.670297 GUI: UIDesktopWidgetWatchdog::sltHandleHostScreenAvailableGeometryCalculated: Screen 1 work area is actually resized to: 3458x47 x 508x1391
00:00:00.673600 GUI: UIDesktopWidgetWatchdog::sltHandleHostScreenAvailableGeometryCalculated: Screen 2 work area is actually resized to: 3970x47 x 508x1391
00:02:38.248019 GUI: UIMediumEnumerator: Medium with key={{eb15324e-0e47-4f26-9245-c8b3ba753eff}} created
00:02:38.295548 GUI: UIMediumEnumerator: Medium-enumeration finished!
00:02:50.410017 GUI: UIMediumEnumerator: Medium-enumeration finished!
00:02:55.634722 ERROR [COM]: aRC=NS_ERROR_UNEXPECTED (0x8000ffff) aIID={c0447716-ff5a-4795-b57a-ecd5fffa18a4} aComponent={SessionWrap} aText={The session is not locked (session state: Unlocked)}, preserve=false aResultDetail=0
00:04:41.132994 GUI: UIDesktopWidgetWatchdog::sltHandleHostScreenResized: Screen 2 is formally resized to: 4480x0 x 2560x1440
00:04:41.134297 GUI: UIDesktopWidgetWatchdog::sltHandleHostScreenWorkAreaResized: Screen 2 work area is formally resized to: 4480x0 x 2560x1440
00:04:42.235409 GUI: UIDesktopWidgetWatchdog::sltHandleHostScreenAvailableGeometryCalculated: Screen 2 work area is actually resized to: 5762x47 x 1276x1391
00:05:05.353206 GUI: UICommon: Handling aboutToQuit request..
00:05:06.166557 GUI: UICommon: aboutToQuit request handled!
